#
# A fatal error has been detected by the Java Runtime Environment:
#
#  EXCEPTION_ACCESS_VIOLATION (0xc0000005) at pc=0x000000006d5c4901, pid=8648, tid=0x0000000000001d9c
#
# JRE version: Java(TM) SE Runtime Environment (8.0_102-b14) (build 1.8.0_102-b14)
# Java VM: Java HotSpot(TM) 64-Bit Server VM (25.102-b14 mixed mode windows-amd64 compressed oops)
# Problematic frame:
# V  [jvm.dll+0x114901]
#
# Failed to write core dump. Minidumps are not enabled by default on client versions of Windows
#
# If you would like to submit a bug report, please visit:
#   http://bugreport.java.com/bugreport/crash.jsp
#

---------------  T H R E A D  ---------------

Current thread (0x0000000002cea000):  GCTaskThread [stack: 0x00000000127a0000,0x00000000128a0000] [id=7580]

siginfo: ExceptionCode=0xc0000005, reading address 0x00000000fac1f9d8

Registers:
RAX=0x0000000000000101, RBX=0x00000000f8f7d4c4, RCX=0x0000000000000000, RDX=0x00000000f8f7d4c9
RSP=0x000000001289f880, RBP=0x0000000002dbb140, RSI=0x0000000100081508, RDI=0x00000000f8f7d4c4
R8 =0x00000000fac1f9d8, R9 =0x0000000000000005, R10=0x0000000000000008, R11=0x00000000f8f845e8
R12=0x0000000100081508, R13=0x00000000f8f7d4b0, R14=0x0000000000000000, R15=0x0000000002ce2b40
RIP=0x000000006d5c4901, EFLAGS=0x0000000000010206

Top of Stack: (sp=0x000000001289f880)
0x000000001289f880:   00000000f8f7d4c9 00000000f8f7d4c9
0x000000001289f890:   0000000002ce2b20 0000000000000013
0x000000001289f8a0:   000000000000000d 0000000012240201
0x000000001289f8b0:   00000000f8f7d4b0 000000006d8afc11
0x000000001289f8c0:   00000000f2c1f9b8 0000000000000004
0x000000001289f8d0:   0000000002dbb140 000000006dcca6c0
0x000000001289f8e0:   00000000f8f7c5f8 0000000000001000
0x000000001289f8f0:   00000000c2ef20d0 0000000000000400
0x000000001289f900:   0000000000000000 0000000002dbb100
0x000000001289f910:   0000000012240201 000000006d8afd00
0x000000001289f920:   00000000f8f7cde0 0000000012240281
0x000000001289f930:   0000000002dbb140 00000000c2050000
0x000000001289f940:   00000000f8f7cde0 000000006d8b08a5
0x000000001289f950:   00000000f2c06c88 0000000012240281
0x000000001289f960:   0000000002dbb140 000000006d8af14b
0x000000001289f970:   0000000000001fd1 00000000010a0000 

Instructions: (pc=0x000000006d5c4901)
0x000000006d5c48e1:   8b 43 fc 48 83 eb 04 4c 3b 05 e9 5e 70 00 72 7f
0x000000006d5c48f1:   8b 0d a1 9e 68 00 49 d3 e0 4c 03 05 8f 9e 68 00
0x000000006d5c4901:   49 8b 00 24 03 3c 03 75 56 4d 8b 00 80 3d 4c f6
0x000000006d5c4911:   68 00 00 74 0f 41 0f b6 c0 24 07 3c 05 75 05 45 


Register to memory mapping:

RAX=0x0000000000000101 is an unknown value
RBX=0x00000000f8f7d4c4 is an unknown value
RCX=0x0000000000000000 is an unknown value
RDX=0x00000000f8f7d4c9 is an unknown value
RSP=0x000000001289f880 is an unknown value
RBP=0x0000000002dbb140 is an unknown value
RSI=0x0000000100081508 is pointing into metadata
RDI=0x00000000f8f7d4c4 is an unknown value
R8 =0x00000000fac1f9d8 is an unallocated location in the heap
R9 =0x0000000000000005 is an unknown value
R10=0x0000000000000008 is an unknown value
R11=0x00000000f8f845e8 is an unknown value
R12=0x0000000100081508 is pointing into metadata
R13=0x00000000f8f7d4b0 is an oop
com.android.dx.rop.code.BasicBlock 
 - klass: 'com/android/dx/rop/code/BasicBlock'
R14=0x0000000000000000 is an unknown value
R15=0x0000000002ce2b40 is an unknown value


Stack: [0x00000000127a0000,0x00000000128a0000],  sp=0x000000001289f880,  free space=1022k
Native frames: (J=compiled Java code, j=interpreted, Vv=VM code, C=native code)
V  [jvm.dll+0x114901]
V  [jvm.dll+0x3ffc11]
V  [jvm.dll+0x3ffd00]
V  [jvm.dll+0x4008a5]
V  [jvm.dll+0x3f03af]
V  [jvm.dll+0x4028b2]
V  [jvm.dll+0x3f1bce]
V  [jvm.dll+0x29c03a]
C  [msvcr100.dll+0x21d7b]
C  [msvcr100.dll+0x21e17]
C  [KERNEL32.DLL+0x8364]
C  [ntdll.dll+0x670d1]


---------------  P R O C E S S  ---------------

Java Threads: ( => current thread )
  0x0000000016eb1800 JavaThread "pool-2-thread-4" [_thread_blocked, id=10808, stack(0x0000000017790000,0x0000000017890000)]
  0x0000000016eb0800 JavaThread "pool-2-thread-3" [_thread_blocked, id=7308, stack(0x0000000017690000,0x0000000017790000)]
  0x0000000016eaf000 JavaThread "pool-2-thread-2" [_thread_blocked, id=8520, stack(0x0000000017590000,0x0000000017690000)]
  0x0000000016eae000 JavaThread "pool-3-thread-1" [_thread_blocked, id=7452, stack(0x0000000017490000,0x0000000017590000)]
  0x0000000016e8d000 JavaThread "pool-2-thread-1" [_thread_blocked, id=840, stack(0x0000000017390000,0x0000000017490000)]
  0x0000000016bf6800 JavaThread "Service Thread" daemon [_thread_blocked, id=3284, stack(0x0000000017190000,0x0000000017290000)]
  0x0000000016be9800 JavaThread "C1 CompilerThread2" daemon [_thread_blocked, id=164, stack(0x0000000017090000,0x0000000017190000)]
  0x000000001559c800 JavaThread "C2 CompilerThread1" daemon [_thread_blocked, id=9200, stack(0x0000000016f90000,0x0000000017090000)]
  0x000000001554c800 JavaThread "C2 CompilerThread0" daemon [_thread_blocked, id=10912, stack(0x0000000016a90000,0x0000000016b90000)]
  0x000000001554a800 JavaThread "Attach Listener" daemon [_thread_blocked, id=712, stack(0x0000000016990000,0x0000000016a90000)]
  0x000000001554a000 JavaThread "Signal Dispatcher" daemon [_thread_blocked, id=9740, stack(0x0000000016890000,0x0000000016990000)]
  0x0000000002dca800 JavaThread "Finalizer" daemon [_thread_blocked, id=7956, stack(0x0000000016790000,0x0000000016890000)]
  0x0000000015509000 JavaThread "Reference Handler" daemon [_thread_blocked, id=492, stack(0x0000000016690000,0x0000000016790000)]
  0x0000000002cd1000 JavaThread "main" [_thread_blocked, id=2100, stack(0x0000000002880000,0x0000000002980000)]

Other Threads:
  0x0000000015507000 VMThread [stack: 0x0000000016590000,0x0000000016690000] [id=4916]
  0x0000000016c57000 WatcherThread [stack: 0x0000000017290000,0x0000000017390000] [id=11136]

=>0x0000000002cea000 (exited) GCTaskThread [stack: 0x00000000127a0000,0x00000000128a0000] [id=7580]

VM state:at safepoint (normal execution)

VM Mutex/Monitor currently owned by a thread:  ([mutex/lock_event])
[0x0000000002e6bee0] Threads_lock - owner thread: 0x0000000015507000
[0x0000000002e6c560] Heap_lock - owner thread: 0x0000000016eb1800

Heap:
 PSYoungGen      total 144896K, used 136633K [0x00000000eab00000, 0x00000000fa880000, 0x0000000100000000)
  eden space 124416K, 100% used [0x00000000eab00000,0x00000000f2480000,0x00000000f2480000)
  from space 20480K, 59% used [0x00000000f2480000,0x00000000f306e528,0x00000000f3880000)
  to   space 30208K, 82% used [0x00000000f8b00000,0x00000000fa364628,0x00000000fa880000)
 ParOldGen       total 83968K, used 48888K [0x00000000c0000000, 0x00000000c5200000, 0x00000000eab00000)
  object space 83968K, 58% used [0x00000000c0000000,0x00000000c2fbe0d0,0x00000000c5200000)
 Metaspace       used 6608K, capacity 7256K, committed 7424K, reserved 1056768K
  class space    used 628K, capacity 656K, committed 768K, reserved 1048576K

Card table byte_map: [0x0000000012230000,0x0000000012440000] byte_map_base: 0x0000000011c30000

Marking Bits: (ParMarkBitMap*) 0x000000006dcca6c0
 Begin Bits: [0x00000000129a0000, 0x00000000139a0000)
 End Bits:   [0x00000000139a0000, 0x00000000149a0000)

Polling page: 0x0000000001070000

CodeCache: size=245760Kb used=8857Kb max_used=10387Kb free=236902Kb
 bounds [0x0000000002e70000, 0x00000000038a0000, 0x0000000011e70000]
 total_blobs=2108 nmethods=1836 adapters=184
 compilation: enabled

Compilation events (10 events):
Event: 18.929 Thread 0x000000001554c800 nmethod 2287 0x0000000003137b90 code [0x0000000003137f00, 0x000000000313a5f8]
Event: 18.930 Thread 0x000000001554c800 2285       4       com.android.dx.ssa.back.SsaToRop::removePhiFunctions (83 bytes)
Event: 18.975 Thread 0x000000001554c800 nmethod 2285 0x000000000318bbd0 code [0x000000000318bdc0, 0x000000000318d098]
Event: 18.976 Thread 0x000000001554c800 2289       4       com.android.dx.cf.code.ByteBlock::<init> (181 bytes)
Event: 18.980 Thread 0x000000001554c800 nmethod 2289 0x0000000003149e50 code [0x0000000003149fa0, 0x000000000314a238]
Event: 18.980 Thread 0x000000001554c800 2298       4       com.android.dx.cf.code.Ropper::addExceptionSetupBlocks (203 bytes)
Event: 19.172 Thread 0x000000001554c800 nmethod 2298 0x000000000312a350 code [0x000000000312a740, 0x000000000312dc88]
Event: 19.173 Thread 0x000000001554c800 2323       4       com.android.dx.util.BitIntSet::iterator (9 bytes)
Event: 19.176 Thread 0x000000001554c800 nmethod 2323 0x0000000003074f90 code [0x00000000030750e0, 0x0000000003075258]
Event: 19.176 Thread 0x000000001554c800 1859       4       com.android.dx.dex.code.RopToDop::dopFor (792 bytes)

GC Heap History (10 events):
Event: 8.486 GC heap after
Heap after GC invocations=6 (full 0):
 PSYoungGen      total 73728K, used 8023K [0x00000000eab00000, 0x00000000eff00000, 0x0000000100000000)
  eden space 64512K, 0% used [0x00000000eab00000,0x00000000eab00000,0x00000000eea00000)
  from space 9216K, 87% used [0x00000000ef400000,0x00000000efbd5d48,0x00000000efd00000)
  to   space 10240K, 0% used [0x00000000eea00000,0x00000000eea00000,0x00000000ef400000)
 ParOldGen       total 44032K, used 12660K [0x00000000c0000000, 0x00000000c2b00000, 0x00000000eab00000)
  object space 44032K, 28% used [0x00000000c0000000,0x00000000c0c5d3b8,0x00000000c2b00000)
 Metaspace       used 6308K, capacity 7094K, committed 7296K, reserved 1056768K
  class space    used 609K, capacity 622K, committed 640K, reserved 1048576K
}
Event: 10.058 GC heap before
{Heap before GC invocations=7 (full 0):
 PSYoungGen      total 73728K, used 72535K [0x00000000eab00000, 0x00000000eff00000, 0x0000000100000000)
  eden space 64512K, 100% used [0x00000000eab00000,0x00000000eea00000,0x00000000eea00000)
  from space 9216K, 87% used [0x00000000ef400000,0x00000000efbd5d48,0x00000000efd00000)
  to   space 10240K, 0% used [0x00000000eea00000,0x00000000eea00000,0x00000000ef400000)
 ParOldGen       total 44032K, used 12660K [0x00000000c0000000, 0x00000000c2b00000, 0x00000000eab00000)
  object space 44032K, 28% used [0x00000000c0000000,0x00000000c0c5d3b8,0x00000000c2b00000)
 Metaspace       used 6386K, capacity 7158K, committed 7296K, reserved 1056768K
  class space    used 609K, capacity 622K, committed 640K, reserved 1048576K
Event: 10.139 GC heap after
Heap after GC invocations=7 (full 0):
 PSYoungGen      total 74752K, used 10238K [0x00000000eab00000, 0x00000000f4800000, 0x0000000100000000)
  eden space 64512K, 0% used [0x00000000eab00000,0x00000000eab00000,0x00000000eea00000)
  from space 10240K, 99% used [0x00000000eea00000,0x00000000ef3ff998,0x00000000ef400000)
  to   space 15872K, 0% used [0x00000000f3880000,0x00000000f3880000,0x00000000f4800000)
 ParOldGen       total 44032K, used 19842K [0x00000000c0000000, 0x00000000c2b00000, 0x00000000eab00000)
  object space 44032K, 45% used [0x00000000c0000000,0x00000000c1360a78,0x00000000c2b00000)
 Metaspace       used 6386K, capacity 7158K, committed 7296K, reserved 1056768K
  class space    used 609K, capacity 622K, committed 640K, reserved 1048576K
}
Event: 10.722 GC heap before
{Heap before GC invocations=8 (full 0):
 PSYoungGen      total 74752K, used 74750K [0x00000000eab00000, 0x00000000f4800000, 0x0000000100000000)
  eden space 64512K, 100% used [0x00000000eab00000,0x00000000eea00000,0x00000000eea00000)
  from space 10240K, 99% used [0x00000000eea00000,0x00000000ef3ff998,0x00000000ef400000)
  to   space 15872K, 0% used [0x00000000f3880000,0x00000000f3880000,0x00000000f4800000)
 ParOldGen       total 44032K, used 19842K [0x00000000c0000000, 0x00000000c2b00000, 0x00000000eab00000)
  object space 44032K, 45% used [0x00000000c0000000,0x00000000c1360a78,0x00000000c2b00000)
 Metaspace       used 6436K, capacity 7222K, committed 7296K, reserved 1056768K
  class space    used 609K, capacity 622K, committed 640K, reserved 1048576K
Event: 10.803 GC heap after
Heap after GC invocations=8 (full 0):
 PSYoungGen      total 140288K, used 15861K [0x00000000eab00000, 0x00000000f5100000, 0x0000000100000000)
  eden space 124416K, 0% used [0x00000000eab00000,0x00000000eab00000,0x00000000f2480000)
  from space 15872K, 99% used [0x00000000f3880000,0x00000000f47fd798,0x00000000f4800000)
  to   space 20480K, 0% used [0x00000000f2480000,0x00000000f2480000,0x00000000f3880000)
 ParOldGen       total 44032K, used 24905K [0x00000000c0000000, 0x00000000c2b00000, 0x00000000eab00000)
  object space 44032K, 56% used [0x00000000c0000000,0x00000000c1852528,0x00000000c2b00000)
 Metaspace       used 6436K, capacity 7222K, committed 7296K, reserved 1056768K
  class space    used 609K, capacity 622K, committed 640K, reserved 1048576K
}
Event: 13.139 GC heap before
{Heap before GC invocations=9 (full 0):
 PSYoungGen      total 140288K, used 140277K [0x00000000eab00000, 0x00000000f5100000, 0x0000000100000000)
  eden space 124416K, 100% used [0x00000000eab00000,0x00000000f2480000,0x00000000f2480000)
  from space 15872K, 99% used [0x00000000f3880000,0x00000000f47fd798,0x00000000f4800000)
  to   space 20480K, 0% used [0x00000000f2480000,0x00000000f2480000,0x00000000f3880000)
 ParOldGen       total 44032K, used 24905K [0x00000000c0000000, 0x00000000c2b00000, 0x00000000eab00000)
  object space 44032K, 56% used [0x00000000c0000000,0x00000000c1852528,0x00000000c2b00000)
 Metaspace       used 6597K, capacity 7256K, committed 7424K, reserved 1056768K
  class space    used 628K, capacity 656K, committed 768K, reserved 1048576K
Event: 13.369 GC heap after
Heap after GC invocations=9 (full 0):
 PSYoungGen      total 144896K, used 20451K [0x00000000eab00000, 0x00000000fa880000, 0x0000000100000000)
  eden space 124416K, 0% used [0x00000000eab00000,0x00000000eab00000,0x00000000f2480000)
  from space 20480K, 99% used [0x00000000f2480000,0x00000000f3878d20,0x00000000f3880000)
  to   space 30208K, 0% used [0x00000000f8b00000,0x00000000f8b00000,0x00000000fa880000)
 ParOldGen       total 44032K, used 39717K [0x00000000c0000000, 0x00000000c2b00000, 0x00000000eab00000)
  object space 44032K, 90% used [0x00000000c0000000,0x00000000c26c9420,0x00000000c2b00000)
 Metaspace       used 6597K, capacity 7256K, committed 7424K, reserved 1056768K
  class space    used 628K, capacity 656K, committed 768K, reserved 1048576K
}
Event: 13.369 GC heap before
{Heap before GC invocations=10 (full 1):
 PSYoungGen      total 144896K, used 20451K [0x00000000eab00000, 0x00000000fa880000, 0x0000000100000000)
  eden space 124416K, 0% used [0x00000000eab00000,0x00000000eab00000,0x00000000f2480000)
  from space 20480K, 99% used [0x00000000f2480000,0x00000000f3878d20,0x00000000f3880000)
  to   space 30208K, 0% used [0x00000000f8b00000,0x00000000f8b00000,0x00000000fa880000)
 ParOldGen       total 44032K, used 39717K [0x00000000c0000000, 0x00000000c2b00000, 0x00000000eab00000)
  object space 44032K, 90% used [0x00000000c0000000,0x00000000c26c9420,0x00000000c2b00000)
 Metaspace       used 6597K, capacity 7256K, committed 7424K, reserved 1056768K
  class space    used 628K, capacity 656K, committed 768K, reserved 1048576K
Event: 16.545 GC heap after
Heap after GC invocations=10 (full 1):
 PSYoungGen      total 144896K, used 12217K [0x00000000eab00000, 0x00000000fa880000, 0x0000000100000000)
  eden space 124416K, 0% used [0x00000000eab00000,0x00000000eab00000,0x00000000f2480000)
  from space 20480K, 59% used [0x00000000f2480000,0x00000000f306e528,0x00000000f3880000)
  to   space 30208K, 0% used [0x00000000f8b00000,0x00000000f8b00000,0x00000000fa880000)
 ParOldGen       total 83968K, used 43807K [0x00000000c0000000, 0x00000000c5200000, 0x00000000eab00000)
  object space 83968K, 52% used [0x00000000c0000000,0x00000000c2ac7c38,0x00000000c5200000)
 Metaspace       used 6597K, capacity 7256K, committed 7424K, reserved 1056768K
  class space    used 628K, capacity 656K, committed 768K, reserved 1048576K
}
Event: 19.325 GC heap before
{Heap before GC invocations=11 (full 1):
 PSYoungGen      total 144896K, used 136633K [0x00000000eab00000, 0x00000000fa880000, 0x0000000100000000)
  eden space 124416K, 100% used [0x00000000eab00000,0x00000000f2480000,0x00000000f2480000)
  from space 20480K, 59% used [0x00000000f2480000,0x00000000f306e528,0x00000000f3880000)
  to   space 30208K, 0% used [0x00000000f8b00000,0x00000000f8b00000,0x00000000fa880000)
 ParOldGen       total 83968K, used 43807K [0x00000000c0000000, 0x00000000c5200000, 0x00000000eab00000)
  object space 83968K, 52% used [0x00000000c0000000,0x00000000c2ac7c38,0x00000000c5200000)
 Metaspace       used 6608K, capacity 7256K, committed 7424K, reserved 1056768K
  class space    used 628K, capacity 656K, committed 768K, reserved 1048576K

Deoptimization events (10 events):
Event: 11.754 Thread 0x0000000016eb1800 Uncommon trap: reason=bimorphic action=maybe_recompile pc=0x0000000003786e08 method=com.android.dx.ssa.LiteralOpUpgrader.tryReplacingWithConstant(Lcom/android/dx/ssa/NormalSsaInsn;)Z @ 62
Event: 11.762 Thread 0x0000000016e8d000 Uncommon trap: reason=unstable_if action=reinterpret pc=0x00000000033845cc method=com.android.dx.ssa.MoveParamCombiner$1.visitNonMoveInsn(Lcom/android/dx/ssa/NormalSsaInsn;)V @ 27
Event: 11.771 Thread 0x0000000002cd1000 Uncommon trap: reason=unstable_if action=reinterpret pc=0x00000000032910b4 method=com.android.dx.ssa.SsaMethod.getExitBlock()Lcom/android/dx/ssa/SsaBasicBlock; @ 4
Event: 11.771 Thread 0x0000000002cd1000 Uncommon trap: reason=unstable_if action=reinterpret pc=0x00000000031407f4 method=com.android.dx.ssa.SsaMethod.getExitBlock()Lcom/android/dx/ssa/SsaBasicBlock; @ 4
Event: 11.772 Thread 0x0000000002cd1000 Uncommon trap: reason=unstable_if action=reinterpret pc=0x000000000366571c method=com.android.dx.ssa.SsaMethod.getExitBlock()Lcom/android/dx/ssa/SsaBasicBlock; @ 4
Event: 12.342 Thread 0x0000000016eaf000 Uncommon trap: reason=unstable_if action=reinterpret pc=0x0000000003730fec method=java.util.HashMap.putVal(ILjava/lang/Object;Ljava/lang/Object;ZZ)Ljava/lang/Object; @ 109
Event: 12.346 Thread 0x0000000016eaf000 Uncommon trap: reason=bimorphic action=maybe_recompile pc=0x00000000037d3f18 method=com.android.dx.cf.code.BytecodeArray.parseInstruction(ILcom/android/dx/cf/code/BytecodeArray$Visitor;)I @ 971
Event: 12.346 Thread 0x0000000016eaf000 Uncommon trap: reason=bimorphic action=maybe_recompile pc=0x00000000037d3f18 method=com.android.dx.cf.code.BytecodeArray.parseInstruction(ILcom/android/dx/cf/code/BytecodeArray$Visitor;)I @ 971
Event: 16.577 Thread 0x0000000016eaf000 Uncommon trap: reason=unstable_if action=reinterpret pc=0x0000000003821b84 method=com.android.dx.cf.code.BytecodeArray.parseInstruction(ILcom/android/dx/cf/code/BytecodeArray$Visitor;)I @ 1261
Event: 18.351 Thread 0x0000000016eb0800 Uncommon trap: reason=unstable_if action=reinterpret pc=0x00000000034dfd98 method=java.util.HashMap.resize()[Ljava/util/HashMap$Node; @ 206

Internal exceptions (7 events):
Event: 0.033 Thread 0x0000000002cd1000 Exception <a 'java/lang/NoSuchMethodError': Method sun.misc.Unsafe.defineClass(Ljava/lang/String;[BII)Ljava/lang/Class; name or signature does not match> (0x00000000eab07c78) thrown at [C:\re\workspace\8-2-build-windows-amd64-cygwin\jdk8u102\7268\hotspot\sh‘ˆWà¡?
Event: 0.033 Thread 0x0000000002cd1000 Exception <a 'java/lang/NoSuchMethodError': Method sun.misc.Unsafe.prefetchRead(Ljava/lang/Object;J)V name or signature does not match> (0x00000000eab07f60) thrown at [C:\re\workspace\8-2-build-windows-amd64-cygwin\jdk8u102\7268\hotspot\src\share\vm\prims\H]ÅM%@
Event: 6.286 Thread 0x0000000016eb1800 Implicit null exception at 0x00000000031ff5e2 to 0x00000000031ff6e1
Event: 10.495 Thread 0x0000000002cd1000 Implicit null exception at 0x00000000033b8405 to 0x00000000033b9fe9
Event: 11.363 Thread 0x0000000016eaf000 Exception <a 'java/lang/ArrayIndexOutOfBoundsException': 18> (0x00000000ec5fbba8) thrown at [C:\re\workspace\8-2-build-windows-amd64-cygwin\jdk8u102\7268\hotspot\src\share\vm\interpreter\interpreterRuntime.cpp, line 366]
Event: 11.363 Thread 0x0000000016eaf000 Exception <a 'java/lang/ArrayIndexOutOfBoundsException': 145> (0x00000000ec5fd728) thrown at [C:\re\workspace\8-2-build-windows-amd64-cygwin\jdk8u102\7268\hotspot\src\share\vm\interpreter\interpreterRuntime.cpp, line 366]
Event: 11.369 Thread 0x0000000016eaf000 Exception <a 'java/lang/ArrayIndexOutOfBoundsException'> (0x00000000ec5fea10) thrown at [C:\re\workspace\8-2-build-windows-amd64-cygwin\jdk8u102\7268\hotspot\src\share\vm\runtime\sharedRuntime.cpp, line 605]

Events (10 events):
Event: 19.176 Thread 0x000000001554c800 flushing nmethod 0x00000000033b7cd0
Event: 19.176 Thread 0x000000001554c800 flushing nmethod 0x00000000033c1950
Event: 19.176 Thread 0x000000001554c800 flushing nmethod 0x00000000033d4a50
Event: 19.176 Thread 0x000000001554c800 flushing nmethod 0x00000000033da8d0
Event: 19.176 Thread 0x000000001554c800 flushing nmethod 0x00000000033dbb90
Event: 19.176 Thread 0x000000001554c800 flushing nmethod 0x00000000033ee0d0
Event: 19.176 Thread 0x000000001554c800 flushing nmethod 0x000000000340f710
Event: 19.176 Thread 0x000000001554c800 flushing nmethod 0x0000000003425450
Event: 19.176 Thread 0x000000001554c800 flushing nmethod 0x0000000003435750
Event: 19.325 Executing VM operation: ParallelGCFailedAllocation


Dynamic libraries:
0x00007ff6a37d0000 - 0x00007ff6a3807000 	C:\Program Files\Java\jdk1.8.0_102\bin\java.exe
0x00007fff42ea0000 - 0x00007fff43071000 	C:\WINDOWS\SYSTEM32\ntdll.dll
0x00007fff41f90000 - 0x00007fff4203b000 	C:\WINDOWS\System32\KERNEL32.DLL
0x00007fff3f540000 - 0x00007fff3f75d000 	C:\WINDOWS\System32\KERNELBASE.dll
0x00007fff422a0000 - 0x00007fff42342000 	C:\WINDOWS\System32\ADVAPI32.dll
0x00007fff41ee0000 - 0x00007fff41f7e000 	C:\WINDOWS\System32\msvcrt.dll
0x00007fff42660000 - 0x00007fff426b9000 	C:\WINDOWS\System32\sechost.dll
0x00007fff42530000 - 0x00007fff42651000 	C:\WINDOWS\System32\RPCRT4.dll
0x00007fff41d70000 - 0x00007fff41ed5000 	C:\WINDOWS\System32\USER32.dll
0x00007fff3ffa0000 - 0x00007fff3ffbe000 	C:\WINDOWS\System32\win32u.dll
0x00007fff424f0000 - 0x00007fff42524000 	C:\WINDOWS\System32\GDI32.dll
0x00007fff402a0000 - 0x00007fff40422000 	C:\WINDOWS\System32\gdi32full.dll
0x00007fff32ea0000 - 0x00007fff33119000 	C:\WINDOWS\WinSxS\amd64_microsoft.windows.common-controls_6595b64144ccf1df_6.0.14393.447_none_42191651c6827bb3\COMCTL32.dll
0x00007fff42a60000 - 0x00007fff42d28000 	C:\WINDOWS\System32\combase.dll
0x00007fff3f440000 - 0x00007fff3f535000 	C:\WINDOWS\System32\ucrtbase.dll
0x00007fff40060000 - 0x00007fff400ca000 	C:\WINDOWS\System32\bcryptPrimitives.dll
0x00007fff42df0000 - 0x00007fff42e1e000 	C:\WINDOWS\System32\IMM32.DLL
0x000000006dd50000 - 0x000000006de21000 	C:\Program Files\Java\jdk1.8.0_102\jre\bin\msvcr100.dll
0x000000006d4b0000 - 0x000000006dd4a000 	C:\Program Files\Java\jdk1.8.0_102\jre\bin\server\jvm.dll
0x00007fff41f80000 - 0x00007fff41f88000 	C:\WINDOWS\System32\PSAPI.DLL
0x00007fff3c970000 - 0x00007fff3c993000 	C:\WINDOWS\SYSTEM32\WINMM.dll
0x00007fff2dc30000 - 0x00007fff2dc39000 	C:\WINDOWS\SYSTEM32\WSOCK32.dll
0x00007fff3d840000 - 0x00007fff3d84a000 	C:\WINDOWS\SYSTEM32\VERSION.dll
0x00007fff426c0000 - 0x00007fff4272a000 	C:\WINDOWS\System32\WS2_32.dll
0x00007fff3c500000 - 0x00007fff3c52b000 	C:\WINDOWS\SYSTEM32\WINMMBASE.dll
0x00007fff3ff50000 - 0x00007fff3ff92000 	C:\WINDOWS\System32\cfgmgr32.dll
0x000000006d4a0000 - 0x000000006d4af000 	C:\Program Files\Java\jdk1.8.0_102\jre\bin\verify.dll
0x000000006d470000 - 0x000000006d499000 	C:\Program Files\Java\jdk1.8.0_102\jre\bin\java.dll
0x000000006d450000 - 0x000000006d466000 	C:\Program Files\Java\jdk1.8.0_102\jre\bin\zip.dll
0x00007fff40860000 - 0x00007fff41d69000 	C:\WINDOWS\System32\SHELL32.dll
0x00007fff3f810000 - 0x00007fff3feea000 	C:\WINDOWS\System32\windows.storage.dll
0x00007fff3f300000 - 0x00007fff3f34c000 	C:\WINDOWS\System32\powrprof.dll
0x00007fff42040000 - 0x00007fff42092000 	C:\WINDOWS\System32\shlwapi.dll
0x00007fff3f380000 - 0x00007fff3f38f000 	C:\WINDOWS\System32\kernel.appcore.dll
0x00007fff3f390000 - 0x00007fff3f439000 	C:\WINDOWS\System32\shcore.dll
0x00007fff3f360000 - 0x00007fff3f374000 	C:\WINDOWS\System32\profapi.dll
0x00007fff3eca0000 - 0x00007fff3ee32000 	C:\WINDOWS\SYSTEM32\dbghelp.dll

VM Arguments:
jvm_args: -Djava.awt.headless=true -Xmx1024M -Dfile.encoding=x-windows-949 -Duser.country=KR -Duser.language=ko -Duser.variant 
java_command: com.android.dx.command.Main --dex --force-jumbo --num-threads=4 --multi-dex --output C:\Users\Public\Git\trio\Braille_Learning\Braille_learning\app\build\intermediates\transforms\dex\debug\folders\1000\10\com.android.support-support-v4-24.0.0-alpha1_f393891cdb587b3a2354303e58ac36b79ca18ead C:\Users\Public\Git\trio\Braille_Learning\Braille_learning\app\build\intermediates\exploded-aar\com.android.support\support-v4\24.0.0-alpha1\jars\classes.jar
java_class_path (initial): C:\Users\Public\Documents\build-tools\24.0.0\lib\dx.jar
Launcher Type: SUN_STANDARD

Environment Variables:
PATH=C:\ProgramData\Oracle\Java\javapath;C:\WINDOWS\system32;C:\WINDOWS;C:\WINDOWS\System32\Wbem;C:\WINDOWS\System32\WindowsPowerShell\v1.0\;C:\Program Files (x86)\ATI Technologies\ATI.ACE\Core-Static;c:\Program Files (x86)\Microsoft SQL Server\100\Tools\Binn\;c:\Program Files\Microsoft SQL Server\100\Tools\Binn\;c:\Program Files\Microsoft SQL Server\100\DTS\Binn\;C:\Program Files\Git\cmd;C:\Users\¿©¸í\AppData\Local\Microsoft\WindowsApps;
USERNAME=¿©¸í
OS=Windows_NT
PROCESSOR_IDENTIFIER=Intel64 Family 6 Model 42 Stepping 7, GenuineIntel



---------------  S Y S T E M  ---------------

OS: Windows 10.0 , 64 bit Build 14393 (10.0.14393.0)

CPU:total 4 (2 cores per cpu, 2 threads per core) family 6 model 42 stepping 7, cmov, cx8, fxsr, mmx, sse, sse2, sse3, ssse3, sse4.1, sse4.2, popcnt, avx, aes, clmul, ht, tsc, tscinvbit

Memory: 4k page, physical 4175708k(755720k free), swap 8426208k(1870352k free)

vm_info: Java HotSpot(TM) 64-Bit Server VM (25.102-b14) for windows-amd64 JRE (1.8.0_102-b14), built on Jun 22 2016 13:15:21 by "java_re" with MS VC++ 10.0 (VS2010)

time: Tue Feb 21 18:16:26 2017
elapsed time: 30 seconds (0d 0h 0m 30s)

