#
# A fatal error has been detected by the Java Runtime Environment:
#
#  EXCEPTION_ACCESS_VIOLATION (0xc0000005) at pc=0x000000006d5ea2a8, pid=8716, tid=0x0000000000002030
#
# JRE version: Java(TM) SE Runtime Environment (8.0_102-b14) (build 1.8.0_102-b14)
# Java VM: Java HotSpot(TM) 64-Bit Server VM (25.102-b14 mixed mode windows-amd64 compressed oops)
# Problematic frame:
# V  [jvm.dll+0x13a2a8]
#
# Failed to write core dump. Minidumps are not enabled by default on client versions of Windows
#
# If you would like to submit a bug report, please visit:
#   http://bugreport.java.com/bugreport/crash.jsp
#

---------------  T H R E A D  ---------------

Current thread (0x0000000002cd8000):  GCTaskThread [stack: 0x00000000125f0000,0x00000000126f0000] [id=8240]

siginfo: ExceptionCode=0xc0000005, reading address 0xffffffffffffffff

Registers:
RAX=0x00000000128f0000, RBX=0x000000000000008e, RCX=0x0000000000000000, RDX=0x0000000000000000
RSP=0x00000000126efa00, RBP=0x0000000002daa980, RSI=0x00000000c8eaa9cc, RDI=0x0000000008000000
R8 =0x007fffffffa40000, R9 =0x0000000002daa980, R10=0x0000000000002c8e, R11=0x00000000c821d758
R12=0x00000000c8eaac10, R13=0x0000000000002a00, R14=0x00000000c8ea0400, R15=0x000000000000586f
RIP=0x000000006d5ea2a8, EFLAGS=0x0000000000010246

Top of Stack: (sp=0x00000000126efa00)
0x00000000126efa00:   0000000015b6f4b0 000000006d5c441a
0x00000000126efa10:   000000010008cd50 000000006d85f629
0x00000000126efa20:   0000000000000003 000000006d6cd002
0x00000000126efa30:   0000000000000000 0000000002cd8840
0x00000000126efa40:   0000000002ccef80 0000000000002800
0x00000000126efa50:   000000000000008e 000000006d8a6f4a
0x00000000126efa60:   0000000002daa980 00000000c8ea0400
0x00000000126efa70:   000000006db02008 000013560000008e
0x00000000126efa80:   00002f7a00002c2d 00002f7b00002c2d
0x00000000126efa90:   00000000c8ea1404 00000000c8ea0400
0x00000000126efaa0:   0000000000002800 000000006d5ea331
0x00000000126efab0:   00000000153d5890 00000684000002ae
0x00000000126efac0:   0000000002cd8000 0000000002ccef80
0x00000000126efad0:   0000000002cd8850 0000000002cd8840
0x00000000126efae0:   000000006db02008 0000000000000001
0x00000000126efaf0:   00000000189d3f30 0000000000000000 

Instructions: (pc=0x000000006d5ea2a8)
0x000000006d5ea288:   05 33 04 6e 00 49 c1 e8 03 49 d3 e8 41 0f b6 c0
0x000000006d5ea298:   49 c1 e8 06 24 3f 0f b6 d0 48 8b 05 48 04 6e 00
0x000000006d5ea2a8:   4a 8b 0c c0 48 0f a3 d1 72 3e 48 8b cf e8 d6 08
0x000000006d5ea2b8:   fd ff 84 c0 74 32 48 8b d7 48 8b cd e8 a7 d7 fc 


Register to memory mapping:

RAX=0x00000000128f0000 is an unknown value
RBX=0x000000000000008e is an unknown value
RCX=0x0000000000000000 is an unknown value
RDX=0x0000000000000000 is an unknown value
RSP=0x00000000126efa00 is an unknown value
RBP=0x0000000002daa980 is an unknown value
RSI=0x00000000c8eaa9cc is pointing into object: 0x00000000c8ea0400
[Lcom.android.dx.dex.code.CodeAddress; 
 - klass: 'com/android/dx/dex/code/CodeAddress'[]
 - length: 22639
RDI=0x0000000008000000 is an unknown value
R8 =0x007fffffffa40000 is an unknown value
R9 =0x0000000002daa980 is an unknown value
R10=0x0000000000002c8e is an unknown value
R11=0x00000000c821d758 is an oop
com.android.dx.dex.code.CodeAddress 
 - klass: 'com/android/dx/dex/code/CodeAddress'
R12=0x00000000c8eaac10 is pointing into object: 0x00000000c8ea0400
[Lcom.android.dx.dex.code.CodeAddress; 
 - klass: 'com/android/dx/dex/code/CodeAddress'[]
 - length: 22639
R13=0x0000000000002a00 is an unknown value
R14=0x00000000c8ea0400 is an oop
[Lcom.android.dx.dex.code.CodeAddress; 
 - klass: 'com/android/dx/dex/code/CodeAddress'[]
 - length: 22639
R15=0x000000000000586f is an unknown value


Stack: [0x00000000125f0000,0x00000000126f0000],  sp=0x00000000126efa00,  free space=1022k
Native frames: (J=compiled Java code, j=interpreted, Vv=VM code, C=native code)
V  [jvm.dll+0x13a2a8]
V  [jvm.dll+0x3f6f4a]
V  [jvm.dll+0x3f46b0]
V  [jvm.dll+0x3f1bce]
V  [jvm.dll+0x29c03a]
C  [msvcr100.dll+0x21d7b]
C  [msvcr100.dll+0x21e17]
C  [KERNEL32.DLL+0x8364]
C  [ntdll.dll+0x670d1]


---------------  P R O C E S S  ---------------

Java Threads: ( => current thread )
  0x0000000016f39800 JavaThread "pool-2-thread-3" [_thread_blocked, id=8132, stack(0x0000000017e70000,0x0000000017f70000)]
  0x0000000016d80000 JavaThread "pool-3-thread-1" [_thread_blocked, id=8976, stack(0x0000000017470000,0x0000000017570000)]
  0x0000000016d7b800 JavaThread "pool-2-thread-1" [_thread_blocked, id=10044, stack(0x0000000017370000,0x0000000017470000)]
  0x0000000016c05000 JavaThread "Service Thread" daemon [_thread_blocked, id=4888, stack(0x0000000017170000,0x0000000017270000)]
  0x0000000016b73800 JavaThread "C1 CompilerThread2" daemon [_thread_blocked, id=4800, stack(0x0000000017070000,0x0000000017170000)]
  0x0000000016b70800 JavaThread "C2 CompilerThread1" daemon [_thread_blocked, id=8908, stack(0x0000000016f70000,0x0000000017070000)]
  0x00000000154ec000 JavaThread "C2 CompilerThread0" daemon [_thread_blocked, id=7496, stack(0x0000000016a70000,0x0000000016b70000)]
  0x00000000154ea800 JavaThread "Attach Listener" daemon [_thread_blocked, id=8224, stack(0x0000000016970000,0x0000000016a70000)]
  0x000000001549c800 JavaThread "Signal Dispatcher" daemon [_thread_blocked, id=10708, stack(0x0000000016870000,0x0000000016970000)]
  0x0000000002dba000 JavaThread "Finalizer" daemon [_thread_blocked, id=8644, stack(0x00000000166f0000,0x00000000167f0000)]
  0x0000000002daf000 JavaThread "Reference Handler" daemon [_thread_blocked, id=5900, stack(0x00000000165f0000,0x00000000166f0000)]
  0x0000000002cc1000 JavaThread "main" [_thread_blocked, id=4740, stack(0x0000000002bc0000,0x0000000002cc0000)]

Other Threads:
  0x0000000015458000 VMThread [stack: 0x00000000164f0000,0x00000000165f0000] [id=4164]
  0x0000000016b99000 WatcherThread [stack: 0x0000000017270000,0x0000000017370000] [id=3084]

=>0x0000000002cd8000 (exited) GCTaskThread [stack: 0x00000000125f0000,0x00000000126f0000] [id=8240]

VM state:at safepoint (normal execution)

VM Mutex/Monitor currently owned by a thread:  ([mutex/lock_event])
[0x000000000286c2b0] Threads_lock - owner thread: 0x0000000015458000
[0x000000000286bc30] Heap_lock - owner thread: 0x0000000016f39800

Heap:
 PSYoungGen      total 232960K, used 75916K [0x00000000eab00000, 0x0000000100000000, 0x0000000100000000)
  eden space 116736K, 0% used [0x00000000eab00000,0x00000000eab00000,0x00000000f1d00000)
  from space 116224K, 65% used [0x00000000f1d00000,0x00000000f67232f8,0x00000000f8e80000)
  to   space 116224K, 0% used [0x00000000f8e80000,0x00000000f8e80000,0x0000000100000000)
 ParOldGen       total 424448K, used 392978K [0x00000000c0000000, 0x00000000d9e80000, 0x00000000eab00000)
  object space 424448K, 92% used [0x00000000c0000000,0x00000000d7fc4998,0x00000000d9e80000)
 Metaspace       used 6125K, capacity 7128K, committed 7424K, reserved 1056768K
  class space    used 609K, capacity 656K, committed 768K, reserved 1048576K

Card table byte_map: [0x0000000012180000,0x0000000012390000] byte_map_base: 0x0000000011b80000

Marking Bits: (ParMarkBitMap*) 0x000000006dcca6c0
 Begin Bits: [0x00000000128f0000, 0x00000000138f0000)
 End Bits:   [0x00000000138f0000, 0x00000000148f0000)

Polling page: 0x0000000001070000

CodeCache: size=245760Kb used=8423Kb max_used=9367Kb free=237336Kb
 bounds [0x0000000002dc0000, 0x0000000003700000, 0x0000000011dc0000]
 total_blobs=1969 nmethods=1705 adapters=177
 compilation: enabled

Compilation events (10 events):
Event: 15.888 Thread 0x0000000016b73800 nmethod 2309 0x0000000003299f90 code [0x000000000329a0e0, 0x000000000329a270]
Event: 15.888 Thread 0x0000000016b73800 2307       3       com.android.dx.ssa.MoveParamCombiner$1::<init> (20 bytes)
Event: 15.888 Thread 0x0000000016b73800 nmethod 2307 0x000000000323d610 code [0x000000000323d760, 0x000000000323d950]
Event: 15.888 Thread 0x0000000016b73800 2311       3       com.android.dx.rop.code.LocalVariableExtractor::<init> (59 bytes)
Event: 15.889 Thread 0x0000000016b73800 nmethod 2311 0x00000000033fb0d0 code [0x00000000033fb280, 0x00000000033fb888]
Event: 15.889 Thread 0x0000000016b73800 2312       3       com.android.dx.rop.code.LocalVariableInfo::<init> (82 bytes)
Event: 15.890 Thread 0x0000000016b73800 nmethod 2312 0x000000000319ad50 code [0x000000000319afa0, 0x000000000319bd28]
Event: 15.892 Thread 0x00000000154ec000 2313   !   4       com.android.dx.cf.code.RopperMachine::run (1550 bytes)
Event: 16.013 Thread 0x0000000016b73800 2314       3       com.android.dx.rop.code.DexTranslationAdvice::hasConstantOperation (163 bytes)
Event: 16.015 Thread 0x0000000016b73800 nmethod 2314 0x00000000031531d0 code [0x0000000003153420, 0x0000000003154cb8]

GC Heap History (10 events):
Event: 14.427 GC heap after
Heap after GC invocations=28 (full 4):
 PSYoungGen      total 232960K, used 110402K [0x00000000eab00000, 0x0000000100000000, 0x0000000100000000)
  eden space 116736K, 0% used [0x00000000eab00000,0x00000000eab00000,0x00000000f1d00000)
  from space 116224K, 94% used [0x00000000f8e80000,0x00000000ffa50b38,0x0000000100000000)
  to   space 116224K, 0% used [0x00000000f1d00000,0x00000000f1d00000,0x00000000f8e80000)
 ParOldGen       total 278528K, used 250852K [0x00000000c0000000, 0x00000000d1000000, 0x00000000eab00000)
  object space 278528K, 90% used [0x00000000c0000000,0x00000000cf4f91f0,0x00000000d1000000)
 Metaspace       used 6117K, capacity 7064K, committed 7424K, reserved 1056768K
  class space    used 609K, capacity 656K, committed 768K, reserved 1048576K
}
Event: 14.427 GC heap before
{Heap before GC invocations=29 (full 5):
 PSYoungGen      total 232960K, used 110402K [0x00000000eab00000, 0x0000000100000000, 0x0000000100000000)
  eden space 116736K, 0% used [0x00000000eab00000,0x00000000eab00000,0x00000000f1d00000)
  from space 116224K, 94% used [0x00000000f8e80000,0x00000000ffa50b38,0x0000000100000000)
  to   space 116224K, 0% used [0x00000000f1d00000,0x00000000f1d00000,0x00000000f8e80000)
 ParOldGen       total 278528K, used 250852K [0x00000000c0000000, 0x00000000d1000000, 0x00000000eab00000)
  object space 278528K, 90% used [0x00000000c0000000,0x00000000cf4f91f0,0x00000000d1000000)
 Metaspace       used 6117K, capacity 7064K, committed 7424K, reserved 1056768K
  class space    used 609K, capacity 656K, committed 768K, reserved 1048576K
Event: 15.205 GC heap after
Heap after GC invocations=29 (full 5):
 PSYoungGen      total 232960K, used 66005K [0x00000000eab00000, 0x0000000100000000, 0x0000000100000000)
  eden space 116736K, 0% used [0x00000000eab00000,0x00000000eab00000,0x00000000f1d00000)
  from space 116224K, 56% used [0x00000000f8e80000,0x00000000fcef5440,0x0000000100000000)
  to   space 116224K, 0% used [0x00000000f1d00000,0x00000000f1d00000,0x00000000f8e80000)
 ParOldGen       total 424448K, used 278458K [0x00000000c0000000, 0x00000000d9e80000, 0x00000000eab00000)
  object space 424448K, 65% used [0x00000000c0000000,0x00000000d0feeae0,0x00000000d9e80000)
 Metaspace       used 6117K, capacity 7064K, committed 7424K, reserved 1056768K
  class space    used 609K, capacity 656K, committed 768K, reserved 1048576K
}
Event: 15.353 GC heap before
{Heap before GC invocations=30 (full 5):
 PSYoungGen      total 232960K, used 182741K [0x00000000eab00000, 0x0000000100000000, 0x0000000100000000)
  eden space 116736K, 100% used [0x00000000eab00000,0x00000000f1d00000,0x00000000f1d00000)
  from space 116224K, 56% used [0x00000000f8e80000,0x00000000fcef5440,0x0000000100000000)
  to   space 116224K, 0% used [0x00000000f1d00000,0x00000000f1d00000,0x00000000f8e80000)
 ParOldGen       total 424448K, used 278458K [0x00000000c0000000, 0x00000000d9e80000, 0x00000000eab00000)
  object space 424448K, 65% used [0x00000000c0000000,0x00000000d0feeae0,0x00000000d9e80000)
 Metaspace       used 6117K, capacity 7064K, committed 7424K, reserved 1056768K
  class space    used 609K, capacity 656K, committed 768K, reserved 1048576K
Event: 15.496 GC heap after
Heap after GC invocations=30 (full 5):
 PSYoungGen      total 232960K, used 29934K [0x00000000eab00000, 0x0000000100000000, 0x0000000100000000)
  eden space 116736K, 0% used [0x00000000eab00000,0x00000000eab00000,0x00000000f1d00000)
  from space 116224K, 25% used [0x00000000f1d00000,0x00000000f3a3b890,0x00000000f8e80000)
  to   space 116224K, 0% used [0x00000000f8e80000,0x00000000f8e80000,0x0000000100000000)
 ParOldGen       total 424448K, used 327638K [0x00000000c0000000, 0x00000000d9e80000, 0x00000000eab00000)
  object space 424448K, 77% used [0x00000000c0000000,0x00000000d3ff5880,0x00000000d9e80000)
 Metaspace       used 6117K, capacity 7064K, committed 7424K, reserved 1056768K
  class space    used 609K, capacity 656K, committed 768K, reserved 1048576K
}
Event: 15.906 GC heap before
{Heap before GC invocations=31 (full 5):
 PSYoungGen      total 232960K, used 146670K [0x00000000eab00000, 0x0000000100000000, 0x0000000100000000)
  eden space 116736K, 100% used [0x00000000eab00000,0x00000000f1d00000,0x00000000f1d00000)
  from space 116224K, 25% used [0x00000000f1d00000,0x00000000f3a3b890,0x00000000f8e80000)
  to   space 116224K, 0% used [0x00000000f8e80000,0x00000000f8e80000,0x0000000100000000)
 ParOldGen       total 424448K, used 327638K [0x00000000c0000000, 0x00000000d9e80000, 0x00000000eab00000)
  object space 424448K, 77% used [0x00000000c0000000,0x00000000d3ff5880,0x00000000d9e80000)
 Metaspace       used 6125K, capacity 7128K, committed 7424K, reserved 1056768K
  class space    used 609K, capacity 656K, committed 768K, reserved 1048576K
Event: 15.991 GC heap after
Heap after GC invocations=31 (full 5):
 PSYoungGen      total 232960K, used 54619K [0x00000000eab00000, 0x0000000100000000, 0x0000000100000000)
  eden space 116736K, 0% used [0x00000000eab00000,0x00000000eab00000,0x00000000f1d00000)
  from space 116224K, 46% used [0x00000000f8e80000,0x00000000fc3d6e60,0x0000000100000000)
  to   space 116224K, 0% used [0x00000000f1d00000,0x00000000f1d00000,0x00000000f8e80000)
 ParOldGen       total 424448K, used 338790K [0x00000000c0000000, 0x00000000d9e80000, 0x00000000eab00000)
  object space 424448K, 79% used [0x00000000c0000000,0x00000000d4ad99d0,0x00000000d9e80000)
 Metaspace       used 6125K, capacity 7128K, committed 7424K, reserved 1056768K
  class space    used 609K, capacity 656K, committed 768K, reserved 1048576K
}
Event: 16.029 GC heap before
{Heap before GC invocations=32 (full 5):
 PSYoungGen      total 232960K, used 171355K [0x00000000eab00000, 0x0000000100000000, 0x0000000100000000)
  eden space 116736K, 100% used [0x00000000eab00000,0x00000000f1d00000,0x00000000f1d00000)
  from space 116224K, 46% used [0x00000000f8e80000,0x00000000fc3d6e60,0x0000000100000000)
  to   space 116224K, 0% used [0x00000000f1d00000,0x00000000f1d00000,0x00000000f8e80000)
 ParOldGen       total 424448K, used 338790K [0x00000000c0000000, 0x00000000d9e80000, 0x00000000eab00000)
  object space 424448K, 79% used [0x00000000c0000000,0x00000000d4ad99d0,0x00000000d9e80000)
 Metaspace       used 6125K, capacity 7128K, committed 7424K, reserved 1056768K
  class space    used 609K, capacity 656K, committed 768K, reserved 1048576K
Event: 16.139 GC heap after
Heap after GC invocations=32 (full 5):
 PSYoungGen      total 232960K, used 75916K [0x00000000eab00000, 0x0000000100000000, 0x0000000100000000)
  eden space 116736K, 0% used [0x00000000eab00000,0x00000000eab00000,0x00000000f1d00000)
  from space 116224K, 65% used [0x00000000f1d00000,0x00000000f67232f8,0x00000000f8e80000)
  to   space 116224K, 0% used [0x00000000f8e80000,0x00000000f8e80000,0x0000000100000000)
 ParOldGen       total 424448K, used 392978K [0x00000000c0000000, 0x00000000d9e80000, 0x00000000eab00000)
  object space 424448K, 92% used [0x00000000c0000000,0x00000000d7fc4998,0x00000000d9e80000)
 Metaspace       used 6125K, capacity 7128K, committed 7424K, reserved 1056768K
  class space    used 609K, capacity 656K, committed 768K, reserved 1048576K
}
Event: 16.139 GC heap before
{Heap before GC invocations=33 (full 6):
 PSYoungGen      total 232960K, used 75916K [0x00000000eab00000, 0x0000000100000000, 0x0000000100000000)
  eden space 116736K, 0% used [0x00000000eab00000,0x00000000eab00000,0x00000000f1d00000)
  from space 116224K, 65% used [0x00000000f1d00000,0x00000000f67232f8,0x00000000f8e80000)
  to   space 116224K, 0% used [0x00000000f8e80000,0x00000000f8e80000,0x0000000100000000)
 ParOldGen       total 424448K, used 392978K [0x00000000c0000000, 0x00000000d9e80000, 0x00000000eab00000)
  object space 424448K, 92% used [0x00000000c0000000,0x00000000d7fc4998,0x00000000d9e80000)
 Metaspace       used 6125K, capacity 7128K, committed 7424K, reserved 1056768K
  class space    used 609K, capacity 656K, committed 768K, reserved 1048576K

Deoptimization events (10 events):
Event: 13.979 Thread 0x0000000016f39800 Uncommon trap: reason=unstable_if action=reinterpret pc=0x00000000033d9a3c method=java.util.HashMap.resize()[Ljava/util/HashMap$Node; @ 206
Event: 14.142 Thread 0x0000000016e12000 Uncommon trap: reason=null_check action=make_not_entrant pc=0x0000000002ff1c6c method=com.android.dx.rop.cst.CstType.equals(Ljava/lang/Object;)Z @ 1
Event: 14.142 Thread 0x0000000016e12000 Uncommon trap: reason=bimorphic action=maybe_recompile pc=0x000000000364dd00 method=com.android.dx.cf.code.BytecodeArray.parseInstruction(ILcom/android/dx/cf/code/BytecodeArray$Visitor;)I @ 2484
Event: 14.143 Thread 0x0000000016e12000 Uncommon trap: reason=bimorphic action=maybe_recompile pc=0x000000000364dd00 method=com.android.dx.cf.code.BytecodeArray.parseInstruction(ILcom/android/dx/cf/code/BytecodeArray$Visitor;)I @ 2484
Event: 14.144 Thread 0x0000000016e12000 Uncommon trap: reason=bimorphic action=maybe_recompile pc=0x000000000364bb94 method=com.android.dx.cf.code.BytecodeArray.parseInstruction(ILcom/android/dx/cf/code/BytecodeArray$Visitor;)I @ 1224
Event: 14.144 Thread 0x0000000016e12000 Uncommon trap: reason=bimorphic action=maybe_recompile pc=0x000000000364b600 method=com.android.dx.cf.code.BytecodeArray.parseInstruction(ILcom/android/dx/cf/code/BytecodeArray$Visitor;)I @ 923
Event: 14.144 Thread 0x0000000016e12000 Uncommon trap: reason=bimorphic action=maybe_recompile pc=0x000000000364bb94 method=com.android.dx.cf.code.BytecodeArray.parseInstruction(ILcom/android/dx/cf/code/BytecodeArray$Visitor;)I @ 1224
Event: 14.145 Thread 0x0000000016e12000 Uncommon trap: reason=unstable_if action=reinterpret pc=0x00000000032b5474 method=com.android.dx.cf.code.RopperMachine.run(Lcom/android/dx/cf/code/Frame;II)V @ 1500
Event: 15.607 Thread 0x0000000016d7b800 Uncommon trap: reason=unstable_if action=reinterpret pc=0x000000000340fbd0 method=com.android.dx.util.ListIntSet.add(I)V @ 10
Event: 15.607 Thread 0x0000000016d7b800 Uncommon trap: reason=unstable_if action=reinterpret pc=0x0000000002edbfa0 method=com.android.dx.util.ListIntSet.add(I)V @ 10

Internal exceptions (8 events):
Event: 0.034 Thread 0x0000000002cc1000 Exception <a 'java/lang/NoSuchMethodError': Method sun.misc.Unsafe.defineClass(Ljava/lang/String;[BII)Ljava/lang/Class; name or signature does not match> (0x00000000eab07c78) thrown at [C:\re\workspace\8-2-build-windows-amd64-cygwin\jdk8u102\7268\hotspot\s…"5g¡?
Event: 0.034 Thread 0x0000000002cc1000 Exception <a 'java/lang/NoSuchMethodError': Method sun.misc.Unsafe.prefetchRead(Ljava/lang/Object;J)V name or signature does not match> (0x00000000eab07f60) thrown at [C:\re\workspace\8-2-build-windows-amd64-cygwin\jdk8u102\7268\hotspot\src\share\vm\prims\Ë&^CÆ@
Event: 4.125 Thread 0x0000000016f64800 Implicit null exception at 0x00000000031236a2 to 0x00000000031237a1
Event: 4.904 Thread 0x0000000016e12000 Implicit null exception at 0x0000000003394f96 to 0x0000000003396799
Event: 6.980 Thread 0x0000000002cc1000 Exception <a 'java/lang/ArrayIndexOutOfBoundsException': 18> (0x00000000ee3fbc08) thrown at [C:\re\workspace\8-2-build-windows-amd64-cygwin\jdk8u102\7268\hotspot\src\share\vm\interpreter\interpreterRuntime.cpp, line 366]
Event: 6.980 Thread 0x0000000002cc1000 Exception <a 'java/lang/ArrayIndexOutOfBoundsException': 145> (0x00000000ee3fd970) thrown at [C:\re\workspace\8-2-build-windows-amd64-cygwin\jdk8u102\7268\hotspot\src\share\vm\interpreter\interpreterRuntime.cpp, line 366]
Event: 6.981 Thread 0x0000000002cc1000 Exception <a 'java/lang/ArrayIndexOutOfBoundsException'> (0x00000000ee3fee40) thrown at [C:\re\workspace\8-2-build-windows-amd64-cygwin\jdk8u102\7268\hotspot\src\share\vm\runtime\sharedRuntime.cpp, line 605]
Event: 14.142 Thread 0x0000000016e12000 Implicit null exception at 0x0000000002ff1c2c to 0x0000000002ff1c5d

Events (10 events):
Event: 15.509 Thread 0x0000000016f64800 Thread exited: 0x0000000016f64800
Event: 15.607 Thread 0x0000000016d7b800 Uncommon trap: trap_request=0xffffff65 fr.pc=0x000000000340fbd0
Event: 15.607 Thread 0x0000000016d7b800 DEOPT PACKING pc=0x000000000340fbd0 sp=0x000000001746e7d0
Event: 15.607 Thread 0x0000000016d7b800 DEOPT UNPACKING pc=0x0000000002e0582a sp=0x000000001746e778 mode 2
Event: 15.607 Thread 0x0000000016d7b800 Uncommon trap: trap_request=0xffffff65 fr.pc=0x0000000002edbfa0
Event: 15.607 Thread 0x0000000016d7b800 DEOPT PACKING pc=0x0000000002edbfa0 sp=0x000000001746e780
Event: 15.607 Thread 0x0000000016d7b800 DEOPT UNPACKING pc=0x0000000002e0582a sp=0x000000001746e770 mode 2
Event: 15.906 Executing VM operation: ParallelGCFailedAllocation
Event: 15.991 Executing VM operation: ParallelGCFailedAllocation done
Event: 16.029 Executing VM operation: ParallelGCFailedAllocation


Dynamic libraries:
0x00007ff684660000 - 0x00007ff684697000 	C:\Program Files\Java\jdk1.8.0_102\bin\java.exe
0x00007fff42ea0000 - 0x00007fff43071000 	C:\WINDOWS\SYSTEM32\ntdll.dll
0x00007fff41f90000 - 0x00007fff4203b000 	C:\WINDOWS\System32\KERNEL32.DLL
0x00007fff3f540000 - 0x00007fff3f75d000 	C:\WINDOWS\System32\KERNELBASE.dll
0x00007fff422a0000 - 0x00007fff42342000 	C:\WINDOWS\System32\ADVAPI32.dll
0x00007fff41ee0000 - 0x00007fff41f7e000 	C:\WINDOWS\System32\msvcrt.dll
0x00007fff42660000 - 0x00007fff426b9000 	C:\WINDOWS\System32\sechost.dll
0x00007fff42530000 - 0x00007fff42651000 	C:\WINDOWS\System32\RPCRT4.dll
0x00007fff41d70000 - 0x00007fff41ed5000 	C:\WINDOWS\System32\USER32.dll
0x00007fff3ffa0000 - 0x00007fff3ffbe000 	C:\WINDOWS\System32\win32u.dll
0x00007fff424f0000 - 0x00007fff42524000 	C:\WINDOWS\System32\GDI32.dll
0x00007fff402a0000 - 0x00007fff40422000 	C:\WINDOWS\System32\gdi32full.dll
0x00007fff32ea0000 - 0x00007fff33119000 	C:\WINDOWS\WinSxS\amd64_microsoft.windows.common-controls_6595b64144ccf1df_6.0.14393.447_none_42191651c6827bb3\COMCTL32.dll
0x00007fff42a60000 - 0x00007fff42d28000 	C:\WINDOWS\System32\combase.dll
0x00007fff3f440000 - 0x00007fff3f535000 	C:\WINDOWS\System32\ucrtbase.dll
0x00007fff40060000 - 0x00007fff400ca000 	C:\WINDOWS\System32\bcryptPrimitives.dll
0x00007fff42df0000 - 0x00007fff42e1e000 	C:\WINDOWS\System32\IMM32.DLL
0x000000006dd50000 - 0x000000006de21000 	C:\Program Files\Java\jdk1.8.0_102\jre\bin\msvcr100.dll
0x000000006d4b0000 - 0x000000006dd4a000 	C:\Program Files\Java\jdk1.8.0_102\jre\bin\server\jvm.dll
0x00007fff41f80000 - 0x00007fff41f88000 	C:\WINDOWS\System32\PSAPI.DLL
0x00007fff2dc30000 - 0x00007fff2dc39000 	C:\WINDOWS\SYSTEM32\WSOCK32.dll
0x00007fff3c970000 - 0x00007fff3c993000 	C:\WINDOWS\SYSTEM32\WINMM.dll
0x00007fff3d840000 - 0x00007fff3d84a000 	C:\WINDOWS\SYSTEM32\VERSION.dll
0x00007fff426c0000 - 0x00007fff4272a000 	C:\WINDOWS\System32\WS2_32.dll
0x0000000001020000 - 0x000000000104b000 	C:\WINDOWS\SYSTEM32\WINMMBASE.dll
0x00007fff3ff50000 - 0x00007fff3ff92000 	C:\WINDOWS\System32\cfgmgr32.dll
0x000000006d4a0000 - 0x000000006d4af000 	C:\Program Files\Java\jdk1.8.0_102\jre\bin\verify.dll
0x000000006d470000 - 0x000000006d499000 	C:\Program Files\Java\jdk1.8.0_102\jre\bin\java.dll
0x000000006d450000 - 0x000000006d466000 	C:\Program Files\Java\jdk1.8.0_102\jre\bin\zip.dll
0x00007fff40860000 - 0x00007fff41d69000 	C:\WINDOWS\System32\SHELL32.dll
0x00007fff3f810000 - 0x00007fff3feea000 	C:\WINDOWS\System32\windows.storage.dll
0x00007fff3f300000 - 0x00007fff3f34c000 	C:\WINDOWS\System32\powrprof.dll
0x00007fff42040000 - 0x00007fff42092000 	C:\WINDOWS\System32\shlwapi.dll
0x00007fff3f380000 - 0x00007fff3f38f000 	C:\WINDOWS\System32\kernel.appcore.dll
0x00007fff3f390000 - 0x00007fff3f439000 	C:\WINDOWS\System32\shcore.dll
0x00007fff3f360000 - 0x00007fff3f374000 	C:\WINDOWS\System32\profapi.dll
0x00007fff3eca0000 - 0x00007fff3ee32000 	C:\WINDOWS\SYSTEM32\dbghelp.dll

VM Arguments:
jvm_args: -Djava.awt.headless=true -Xmx1024M -Dfile.encoding=x-windows-949 -Duser.country=KR -Duser.language=ko -Duser.variant 
java_command: com.android.dx.command.Main --dex --force-jumbo --num-threads=4 --multi-dex --output C:\Users\Public\Git\trio\Temp\Braille_learning\app\build\intermediates\transforms\dex\debug\folders\1000\5\slice_0 C:\Users\Public\Git\trio\Temp\Braille_learning\app\build\intermediates\transforms\instantRunSlicer\debug\folders\1\5\slice_0
java_class_path (initial): C:\Users\Public\Documents\build-tools\24.0.0\lib\dx.jar
Launcher Type: SUN_STANDARD

Environment Variables:
PATH=C:\ProgramData\Oracle\Java\javapath;C:\WINDOWS\system32;C:\WINDOWS;C:\WINDOWS\System32\Wbem;C:\WINDOWS\System32\WindowsPowerShell\v1.0\;C:\Program Files (x86)\ATI Technologies\ATI.ACE\Core-Static;c:\Program Files (x86)\Microsoft SQL Server\100\Tools\Binn\;c:\Program Files\Microsoft SQL Server\100\Tools\Binn\;c:\Program Files\Microsoft SQL Server\100\DTS\Binn\;C:\Program Files\Git\cmd;C:\Users\¿©¸í\AppData\Local\Microsoft\WindowsApps;
USERNAME=¿©¸í
OS=Windows_NT
PROCESSOR_IDENTIFIER=Intel64 Family 6 Model 42 Stepping 7, GenuineIntel



---------------  S Y S T E M  ---------------

OS: Windows 10.0 , 64 bit Build 14393 (10.0.14393.0)

CPU:total 4 (2 cores per cpu, 2 threads per core) family 6 model 42 stepping 7, cmov, cx8, fxsr, mmx, sse, sse2, sse3, ssse3, sse4.1, sse4.2, popcnt, avx, aes, clmul, ht, tsc, tscinvbit

Memory: 4k page, physical 4175708k(367060k free), swap 8129256k(1766600k free)

vm_info: Java HotSpot(TM) 64-Bit Server VM (25.102-b14) for windows-amd64 JRE (1.8.0_102-b14), built on Jun 22 2016 13:15:21 by "java_re" with MS VC++ 10.0 (VS2010)

time: Wed Feb 22 20:45:47 2017
elapsed time: 18 seconds (0d 0h 0m 18s)

