#
# A fatal error has been detected by the Java Runtime Environment:
#
#  EXCEPTION_ACCESS_VIOLATION (0xc0000005) at pc=0x0000000050a2a2a8, pid=3244, tid=0x0000000000002188
#
# JRE version: Java(TM) SE Runtime Environment (8.0_102-b14) (build 1.8.0_102-b14)
# Java VM: Java HotSpot(TM) 64-Bit Server VM (25.102-b14 mixed mode windows-amd64 compressed oops)
# Problematic frame:
# V  [jvm.dll+0x13a2a8]
#
# Failed to write core dump. Minidumps are not enabled by default on client versions of Windows
#
# If you would like to submit a bug report, please visit:
#   http://bugreport.java.com/bugreport/crash.jsp
#

---------------  T H R E A D  ---------------

Current thread (0x0000000002e46800):  GCTaskThread [stack: 0x0000000012760000,0x0000000012860000] [id=8584]

siginfo: ExceptionCode=0xc0000005, reading address 0xffffffffffffffff

Registers:
RAX=0x0000000012b60000, RBX=0x000000000000042b, RCX=0x0000000000000000, RDX=0x0000000000000000
RSP=0x000000001285f280, RBP=0x0000000002f1a8c0, RSI=0x00000000c26109cc, RDI=0x0000000008000000
R8 =0x007fffffffa40000, R9 =0x0000000000000000, R10=0x000000000000000c, R11=0x0000000000000000
R12=0x00000000c26109d4, R13=0x0000000000000009, R14=0x00000000c26109a0, R15=0x0000000000000009
RIP=0x0000000050a2a2a8, EFLAGS=0x0000000000010246

Top of Stack: (sp=0x000000001285f280)
0x000000001285f280:   00000000c26109a0 0000000050a04596
0x000000001285f290:   00000000c26109a0 00000000c261099c
0x000000001285f2a0:   0000000002f1a8c0 0000000050a2a3c3
0x000000001285f2b0:   0000000000000000 0000000002e47190
0x000000001285f2c0:   0000000002e3f110 0000000000000200
0x000000001285f2d0:   000000000000042b 0000000050ce6d40
0x000000001285f2e0:   0000000002f1a8c0 00000000c25ce990
0x000000001285f2f0:   0000000050f431a8 0000000050f431a8
0x000000001285f300:   00001b63000003d9 00001b64000003d9
0x000000001285f310:   0000000016e07fa0 00000000c25ce990
0x000000001285f320:   0000000000000200 0000000050a02bc2
0x000000001285f330:   00000000c1a9f390 0000000000000000
0x000000001285f340:   0000000000000000 0000000002e3f110
0x000000001285f350:   0000000002e471a0 0000000002e47190
0x000000001285f360:   0000000050f431a8 0000000002f1a8c0
0x000000001285f370:   0000000000000000 000000001285f3f9 

Instructions: (pc=0x0000000050a2a2a8)
0x0000000050a2a288:   05 33 04 6e 00 49 c1 e8 03 49 d3 e8 41 0f b6 c0
0x0000000050a2a298:   49 c1 e8 06 24 3f 0f b6 d0 48 8b 05 48 04 6e 00
0x0000000050a2a2a8:   4a 8b 0c c0 48 0f a3 d1 72 3e 48 8b cf e8 d6 08
0x0000000050a2a2b8:   fd ff 84 c0 74 32 48 8b d7 48 8b cd e8 a7 d7 fc 


Register to memory mapping:

RAX=0x0000000012b60000 is an unknown value
RBX=0x000000000000042b is an unknown value
RCX=0x0000000000000000 is an unknown value
RDX=0x0000000000000000 is an unknown value
RSP=0x000000001285f280 is an unknown value
RBP=0x0000000002f1a8c0 is an unknown value
RSI=0x00000000c26109cc is pointing into object: 0x00000000c26109a0
[Lcom.android.dx.rop.code.RegisterSpec; 
 - klass: 'com/android/dx/rop/code/RegisterSpec'[]
 - length: 9
RDI=0x0000000008000000 is an unknown value
R8 =0x007fffffffa40000 is an unknown value
R9 =0x0000000000000000 is an unknown value
R10=0x000000000000000c is an unknown value
R11=0x0000000000000000 is an unknown value
R12=0x00000000c26109d4 is pointing into object: 0x00000000c26109a0
[Lcom.android.dx.rop.code.RegisterSpec; 
 - klass: 'com/android/dx/rop/code/RegisterSpec'[]
 - length: 9
R13=0x0000000000000009 is an unknown value
R14=0x00000000c26109a0 is an oop
[Lcom.android.dx.rop.code.RegisterSpec; 
 - klass: 'com/android/dx/rop/code/RegisterSpec'[]
 - length: 9
R15=0x0000000000000009 is an unknown value


Stack: [0x0000000012760000,0x0000000012860000],  sp=0x000000001285f280,  free space=1020k
Native frames: (J=compiled Java code, j=interpreted, Vv=VM code, C=native code)
V  [jvm.dll+0x13a2a8]
V  [jvm.dll+0x3f6d40]
V  [jvm.dll+0x3f4000]
V  [jvm.dll+0x3f1bce]
V  [jvm.dll+0x29c03a]
C  [msvcr100.dll+0x21d7b]
C  [msvcr100.dll+0x21e17]
C  [KERNEL32.DLL+0x8364]
C  [ntdll.dll+0x670d1]


---------------  P R O C E S S  ---------------

Java Threads: ( => current thread )
  0x00000000170f4800 JavaThread "pool-2-thread-4" [_thread_blocked, id=3432, stack(0x0000000018160000,0x0000000018260000)]
  0x00000000178a1000 JavaThread "pool-2-thread-3" [_thread_blocked, id=8500, stack(0x0000000018060000,0x0000000018160000)]
  0x0000000016f27000 JavaThread "pool-3-thread-1" [_thread_blocked, id=9832, stack(0x0000000017660000,0x0000000017760000)]
  0x0000000016dea000 JavaThread "Service Thread" daemon [_thread_blocked, id=8872, stack(0x0000000017360000,0x0000000017460000)]
  0x0000000016d62800 JavaThread "C1 CompilerThread2" daemon [_thread_blocked, id=5444, stack(0x0000000017260000,0x0000000017360000)]
  0x000000001575c800 JavaThread "C2 CompilerThread1" daemon [_thread_blocked, id=9068, stack(0x0000000017160000,0x0000000017260000)]
  0x000000001570d000 JavaThread "C2 CompilerThread0" daemon [_thread_blocked, id=3520, stack(0x0000000016c60000,0x0000000016d60000)]
  0x000000001570b000 JavaThread "Attach Listener" daemon [_thread_blocked, id=6480, stack(0x0000000016b60000,0x0000000016c60000)]
  0x000000001570a000 JavaThread "Signal Dispatcher" daemon [_thread_blocked, id=3180, stack(0x0000000016a60000,0x0000000016b60000)]
  0x0000000002f2a000 JavaThread "Finalizer" daemon [_thread_blocked, id=8520, stack(0x0000000016960000,0x0000000016a60000)]
  0x0000000002f1f000 JavaThread "Reference Handler" daemon [_thread_blocked, id=1268, stack(0x0000000016860000,0x0000000016960000)]
  0x0000000002e30800 JavaThread "main" [_thread_blocked, id=10060, stack(0x0000000002980000,0x0000000002a80000)]

Other Threads:
  0x00000000156c8000 VMThread [stack: 0x0000000016760000,0x0000000016860000] [id=7520]
  0x0000000016e41000 WatcherThread [stack: 0x0000000017460000,0x0000000017560000] [id=7040]

=>0x0000000002e46800 (exited) GCTaskThread [stack: 0x0000000012760000,0x0000000012860000] [id=8584]

VM state:at safepoint (normal execution)

VM Mutex/Monitor currently owned by a thread:  ([mutex/lock_event])
[0x000000000302c9f0] Threads_lock - owner thread: 0x00000000156c8000
[0x000000000302c5f0] Heap_lock - owner thread: 0x00000000170f4800

Heap:
 PSYoungGen      total 232960K, used 18001K [0x00000000eab00000, 0x0000000100000000, 0x0000000100000000)
  eden space 116736K, 0% used [0x00000000eab00000,0x00000000eab00000,0x00000000f1d00000)
  from space 116224K, 15% used [0x00000000f8e80000,0x00000000fa014798,0x0000000100000000)
  to   space 116224K, 0% used [0x00000000f1d00000,0x00000000f1d00000,0x00000000f8e80000)
 ParOldGen       total 515584K, used 447017K [0x00000000c0000000, 0x00000000df780000, 0x00000000eab00000)
  object space 515584K, 86% used [0x00000000c0000000,0x00000000db48a720,0x00000000df780000)
 Metaspace       used 6116K, capacity 7128K, committed 7424K, reserved 1056768K
  class space    used 608K, capacity 656K, committed 768K, reserved 1048576K

Card table byte_map: [0x00000000123f0000,0x0000000012600000] byte_map_base: 0x0000000011df0000

Marking Bits: (ParMarkBitMap*) 0x000000005110a6c0
 Begin Bits: [0x0000000012b60000, 0x0000000013b60000)
 End Bits:   [0x0000000013b60000, 0x0000000014b60000)

Polling page: 0x00000000011c0000

CodeCache: size=245760Kb used=8479Kb max_used=9314Kb free=237280Kb
 bounds [0x0000000003030000, 0x0000000003980000, 0x0000000012030000]
 total_blobs=1878 nmethods=1614 adapters=177
 compilation: enabled

Compilation events (10 events):
Event: 15.342 Thread 0x000000001575c800 2168 %     4       com.android.dx.ssa.back.FirstFitLocalCombiningAllocator::handleNormalUnassociated @ 10 (99 bytes)
Event: 15.400 Thread 0x000000001570d000 2169       4       com.android.dx.ssa.ConstCollector::getConstsSortedByCountUse (386 bytes)
Event: 15.412 Thread 0x000000001575c800 nmethod 2168% 0x00000000035a1c10 code [0x00000000035a1e60, 0x00000000035a3770]
Event: 15.423 Thread 0x000000001575c800 2170       4       com.android.dx.ssa.ConstCollector::updateConstUses (248 bytes)
Event: 15.424 Thread 0x0000000016d62800 2171       3       com.android.dx.rop.code.PlainCstInsn::withNewRegisters (22 bytes)
Event: 15.425 Thread 0x0000000016d62800 nmethod 2171 0x00000000035ce010 code [0x00000000035ce1c0, 0x00000000035ce908]
Event: 15.432 Thread 0x0000000016d62800 2173       3       com.android.dx.rop.code.CstInsn::contentEquals (31 bytes)
Event: 15.432 Thread 0x0000000016d62800 nmethod 2173 0x00000000035573d0 code [0x0000000003557560, 0x00000000035579f8]
Event: 15.634 Thread 0x0000000016d62800 2176   !   3       com.android.dx.rop.code.RegisterSpecSet::remove (30 bytes)
Event: 15.634 Thread 0x0000000016d62800 nmethod 2176 0x000000000339fa10 code [0x000000000339fba0, 0x000000000339ffe8]

GC Heap History (10 events):
Event: 14.596 GC heap after
Heap after GC invocations=27 (full 4):
 PSYoungGen      total 232960K, used 37810K [0x00000000eab00000, 0x0000000100000000, 0x0000000100000000)
  eden space 116736K, 0% used [0x00000000eab00000,0x00000000eab00000,0x00000000f1d00000)
  from space 116224K, 32% used [0x00000000f1d00000,0x00000000f41ec910,0x00000000f8e80000)
  to   space 116224K, 0% used [0x00000000f8e80000,0x00000000f8e80000,0x0000000100000000)
 ParOldGen       total 343552K, used 330792K [0x00000000c0000000, 0x00000000d4f80000, 0x00000000eab00000)
  object space 343552K, 96% used [0x00000000c0000000,0x00000000d430a370,0x00000000d4f80000)
 Metaspace       used 6116K, capacity 7128K, committed 7424K, reserved 1056768K
  class space    used 608K, capacity 656K, committed 768K, reserved 1048576K
}
Event: 14.596 GC heap before
{Heap before GC invocations=28 (full 5):
 PSYoungGen      total 232960K, used 37810K [0x00000000eab00000, 0x0000000100000000, 0x0000000100000000)
  eden space 116736K, 0% used [0x00000000eab00000,0x00000000eab00000,0x00000000f1d00000)
  from space 116224K, 32% used [0x00000000f1d00000,0x00000000f41ec910,0x00000000f8e80000)
  to   space 116224K, 0% used [0x00000000f8e80000,0x00000000f8e80000,0x0000000100000000)
 ParOldGen       total 343552K, used 330792K [0x00000000c0000000, 0x00000000d4f80000, 0x00000000eab00000)
  object space 343552K, 96% used [0x00000000c0000000,0x00000000d430a370,0x00000000d4f80000)
 Metaspace       used 6116K, capacity 7128K, committed 7424K, reserved 1056768K
  class space    used 608K, capacity 656K, committed 768K, reserved 1048576K
Event: 15.168 GC heap after
Heap after GC invocations=28 (full 5):
 PSYoungGen      total 232960K, used 0K [0x00000000eab00000, 0x0000000100000000, 0x0000000100000000)
  eden space 116736K, 0% used [0x00000000eab00000,0x00000000eab00000,0x00000000f1d00000)
  from space 116224K, 0% used [0x00000000f1d00000,0x00000000f1d00000,0x00000000f8e80000)
  to   space 116224K, 0% used [0x00000000f8e80000,0x00000000f8e80000,0x0000000100000000)
 ParOldGen       total 515584K, used 341894K [0x00000000c0000000, 0x00000000df780000, 0x00000000eab00000)
  object space 515584K, 66% used [0x00000000c0000000,0x00000000d4de1ae8,0x00000000df780000)
 Metaspace       used 6116K, capacity 7128K, committed 7424K, reserved 1056768K
  class space    used 608K, capacity 656K, committed 768K, reserved 1048576K
}
Event: 15.440 GC heap before
{Heap before GC invocations=29 (full 5):
 PSYoungGen      total 232960K, used 116736K [0x00000000eab00000, 0x0000000100000000, 0x0000000100000000)
  eden space 116736K, 100% used [0x00000000eab00000,0x00000000f1d00000,0x00000000f1d00000)
  from space 116224K, 0% used [0x00000000f1d00000,0x00000000f1d00000,0x00000000f8e80000)
  to   space 116224K, 0% used [0x00000000f8e80000,0x00000000f8e80000,0x0000000100000000)
 ParOldGen       total 515584K, used 341894K [0x00000000c0000000, 0x00000000df780000, 0x00000000eab00000)
  object space 515584K, 66% used [0x00000000c0000000,0x00000000d4de1ae8,0x00000000df780000)
 Metaspace       used 6116K, capacity 7128K, committed 7424K, reserved 1056768K
  class space    used 608K, capacity 656K, committed 768K, reserved 1048576K
Event: 15.467 GC heap after
Heap after GC invocations=29 (full 5):
 PSYoungGen      total 232960K, used 25507K [0x00000000eab00000, 0x0000000100000000, 0x0000000100000000)
  eden space 116736K, 0% used [0x00000000eab00000,0x00000000eab00000,0x00000000f1d00000)
  from space 116224K, 21% used [0x00000000f8e80000,0x00000000fa768c70,0x0000000100000000)
  to   space 116224K, 0% used [0x00000000f1d00000,0x00000000f1d00000,0x00000000f8e80000)
 ParOldGen       total 515584K, used 341894K [0x00000000c0000000, 0x00000000df780000, 0x00000000eab00000)
  object space 515584K, 66% used [0x00000000c0000000,0x00000000d4de1ae8,0x00000000df780000)
 Metaspace       used 6116K, capacity 7128K, committed 7424K, reserved 1056768K
  class space    used 608K, capacity 656K, committed 768K, reserved 1048576K
}
Event: 15.500 GC heap before
{Heap before GC invocations=30 (full 5):
 PSYoungGen      total 232960K, used 142243K [0x00000000eab00000, 0x0000000100000000, 0x0000000100000000)
  eden space 116736K, 100% used [0x00000000eab00000,0x00000000f1d00000,0x00000000f1d00000)
  from space 116224K, 21% used [0x00000000f8e80000,0x00000000fa768c70,0x0000000100000000)
  to   space 116224K, 0% used [0x00000000f1d00000,0x00000000f1d00000,0x00000000f8e80000)
 ParOldGen       total 515584K, used 341894K [0x00000000c0000000, 0x00000000df780000, 0x00000000eab00000)
  object space 515584K, 66% used [0x00000000c0000000,0x00000000d4de1ae8,0x00000000df780000)
 Metaspace       used 6116K, capacity 7128K, committed 7424K, reserved 1056768K
  class space    used 608K, capacity 656K, committed 768K, reserved 1048576K
Event: 15.555 GC heap after
Heap after GC invocations=30 (full 5):
 PSYoungGen      total 232960K, used 80384K [0x00000000eab00000, 0x0000000100000000, 0x0000000100000000)
  eden space 116736K, 0% used [0x00000000eab00000,0x00000000eab00000,0x00000000f1d00000)
  from space 116224K, 69% used [0x00000000f1d00000,0x00000000f6b80000,0x00000000f8e80000)
  to   space 116224K, 0% used [0x00000000f8e80000,0x00000000f8e80000,0x0000000100000000)
 ParOldGen       total 515584K, used 366753K [0x00000000c0000000, 0x00000000df780000, 0x00000000eab00000)
  object space 515584K, 71% used [0x00000000c0000000,0x00000000d6628720,0x00000000df780000)
 Metaspace       used 6116K, capacity 7128K, committed 7424K, reserved 1056768K
  class space    used 608K, capacity 656K, committed 768K, reserved 1048576K
}
Event: 15.639 GC heap before
{Heap before GC invocations=31 (full 5):
 PSYoungGen      total 232960K, used 197120K [0x00000000eab00000, 0x0000000100000000, 0x0000000100000000)
  eden space 116736K, 100% used [0x00000000eab00000,0x00000000f1d00000,0x00000000f1d00000)
  from space 116224K, 69% used [0x00000000f1d00000,0x00000000f6b80000,0x00000000f8e80000)
  to   space 116224K, 0% used [0x00000000f8e80000,0x00000000f8e80000,0x0000000100000000)
 ParOldGen       total 515584K, used 366753K [0x00000000c0000000, 0x00000000df780000, 0x00000000eab00000)
  object space 515584K, 71% used [0x00000000c0000000,0x00000000d6628720,0x00000000df780000)
 Metaspace       used 6116K, capacity 7128K, committed 7424K, reserved 1056768K
  class space    used 608K, capacity 656K, committed 768K, reserved 1048576K
Event: 15.694 GC heap after
Heap after GC invocations=31 (full 5):
 PSYoungGen      total 232960K, used 18001K [0x00000000eab00000, 0x0000000100000000, 0x0000000100000000)
  eden space 116736K, 0% used [0x00000000eab00000,0x00000000eab00000,0x00000000f1d00000)
  from space 116224K, 15% used [0x00000000f8e80000,0x00000000fa014798,0x0000000100000000)
  to   space 116224K, 0% used [0x00000000f1d00000,0x00000000f1d00000,0x00000000f8e80000)
 ParOldGen       total 515584K, used 447017K [0x00000000c0000000, 0x00000000df780000, 0x00000000eab00000)
  object space 515584K, 86% used [0x00000000c0000000,0x00000000db48a720,0x00000000df780000)
 Metaspace       used 6116K, capacity 7128K, committed 7424K, reserved 1056768K
  class space    used 608K, capacity 656K, committed 768K, reserved 1048576K
}
Event: 15.694 GC heap before
{Heap before GC invocations=32 (full 6):
 PSYoungGen      total 232960K, used 18001K [0x00000000eab00000, 0x0000000100000000, 0x0000000100000000)
  eden space 116736K, 0% used [0x00000000eab00000,0x00000000eab00000,0x00000000f1d00000)
  from space 116224K, 15% used [0x00000000f8e80000,0x00000000fa014798,0x0000000100000000)
  to   space 116224K, 0% used [0x00000000f1d00000,0x00000000f1d00000,0x00000000f8e80000)
 ParOldGen       total 515584K, used 447017K [0x00000000c0000000, 0x00000000df780000, 0x00000000eab00000)
  object space 515584K, 86% used [0x00000000c0000000,0x00000000db48a720,0x00000000df780000)
 Metaspace       used 6116K, capacity 7128K, committed 7424K, reserved 1056768K
  class space    used 608K, capacity 656K, committed 768K, reserved 1048576K

Deoptimization events (10 events):
Event: 8.485 Thread 0x0000000016ebc800 Uncommon trap: reason=class_check action=maybe_recompile pc=0x00000000038865ec method=com.android.dx.ssa.back.InterferenceGraph.mergeInterferenceSet(ILcom/android/dx/util/IntSet;)V @ 20
Event: 8.493 Thread 0x0000000016ebc800 Uncommon trap: reason=class_check action=maybe_recompile pc=0x00000000038865ec method=com.android.dx.ssa.back.InterferenceGraph.mergeInterferenceSet(ILcom/android/dx/util/IntSet;)V @ 20
Event: 8.493 Thread 0x0000000016ebc800 Uncommon trap: reason=class_check action=maybe_recompile pc=0x00000000038865ec method=com.android.dx.ssa.back.InterferenceGraph.mergeInterferenceSet(ILcom/android/dx/util/IntSet;)V @ 20
Event: 8.493 Thread 0x0000000016ebc800 Uncommon trap: reason=class_check action=maybe_recompile pc=0x00000000038865ec method=com.android.dx.ssa.back.InterferenceGraph.mergeInterferenceSet(ILcom/android/dx/util/IntSet;)V @ 20
Event: 9.406 Thread 0x0000000016ebc800 Uncommon trap: reason=class_check action=maybe_recompile pc=0x00000000034e3508 method=java.util.HashMap.putVal(ILjava/lang/Object;Ljava/lang/Object;ZZ)Ljava/lang/Object; @ 203
Event: 9.406 Thread 0x0000000016ebc800 Uncommon trap: reason=class_check action=maybe_recompile pc=0x00000000034e3508 method=java.util.HashMap.putVal(ILjava/lang/Object;Ljava/lang/Object;ZZ)Ljava/lang/Object; @ 203
Event: 10.590 Thread 0x0000000002e30800 Uncommon trap: reason=unstable_if action=reinterpret pc=0x00000000034c1a7c method=com.android.dx.cf.code.RopperMachine.run(Lcom/android/dx/cf/code/Frame;II)V @ 1500
Event: 13.536 Thread 0x00000000178a1000 Uncommon trap: reason=unstable_if action=reinterpret pc=0x00000000034e3488 method=java.util.HashMap.putVal(ILjava/lang/Object;Ljava/lang/Object;ZZ)Ljava/lang/Object; @ 109
Event: 13.539 Thread 0x00000000178a1000 Uncommon trap: reason=unstable_if action=reinterpret pc=0x00000000036d5f7c method=java.util.HashMap.resize()[Ljava/util/HashMap$Node; @ 206
Event: 14.481 Thread 0x00000000178a1000 Uncommon trap: reason=unstable_if action=reinterpret pc=0x00000000034a1c88 method=com.android.dx.util.IntList.insert(II)V @ 91

Internal exceptions (7 events):
Event: 0.036 Thread 0x0000000002e30800 Exception <a 'java/lang/NoSuchMethodError': Method sun.misc.Unsafe.defineClass(Ljava/lang/String;[BII)Ljava/lang/Class; name or signature does not match> (0x00000000eab07c78) thrown at [C:\re\workspace\8-2-build-windows-amd64-cygwin\jdk8u102\7268\hotspot\súq-5Ôb¢?
Event: 0.036 Thread 0x0000000002e30800 Exception <a 'java/lang/NoSuchMethodError': Method sun.misc.Unsafe.prefetchRead(Ljava/lang/Object;J)V name or signature does not match> (0x00000000eab07f60) thrown at [C:\re\workspace\8-2-build-windows-amd64-cygwin\jdk8u102\7268\hotspot\src\share\vm\prims\”ñÿCbº@
Event: 4.432 Thread 0x0000000016ebc800 Implicit null exception at 0x000000000348cd22 to 0x000000000348ce21
Event: 4.608 Thread 0x0000000016fda000 Implicit null exception at 0x00000000035a1c4e to 0x00000000035a2c65
Event: 6.724 Thread 0x0000000002e30800 Exception <a 'java/lang/ArrayIndexOutOfBoundsException': 18> (0x00000000edd71e70) thrown at [C:\re\workspace\8-2-build-windows-amd64-cygwin\jdk8u102\7268\hotspot\src\share\vm\interpreter\interpreterRuntime.cpp, line 366]
Event: 6.725 Thread 0x0000000002e30800 Exception <a 'java/lang/ArrayIndexOutOfBoundsException': 145> (0x00000000edd73bd8) thrown at [C:\re\workspace\8-2-build-windows-amd64-cygwin\jdk8u102\7268\hotspot\src\share\vm\interpreter\interpreterRuntime.cpp, line 366]
Event: 6.725 Thread 0x0000000002e30800 Exception <a 'java/lang/ArrayIndexOutOfBoundsException'> (0x00000000edd750a8) thrown at [C:\re\workspace\8-2-build-windows-amd64-cygwin\jdk8u102\7268\hotspot\src\share\vm\runtime\sharedRuntime.cpp, line 605]

Events (10 events):
Event: 15.400 Thread 0x00000000170f4800 DEOPT UNPACKING pc=0x000000000307787f sp=0x000000001825e4d0 mode 0
Event: 15.423 Thread 0x00000000170f4800 DEOPT PACKING pc=0x0000000003822fae sp=0x000000001825e710
Event: 15.423 Thread 0x00000000170f4800 DEOPT UNPACKING pc=0x000000000307787f sp=0x000000001825e4b8 mode 0
Event: 15.427 Thread 0x00000000178a1000 DEOPT PACKING pc=0x0000000003767993 sp=0x000000001815e790
Event: 15.427 Thread 0x00000000178a1000 DEOPT UNPACKING pc=0x000000000307787f sp=0x000000001815e508 mode 0
Event: 15.440 Executing VM operation: ParallelGCFailedAllocation
Event: 15.467 Executing VM operation: ParallelGCFailedAllocation done
Event: 15.500 Executing VM operation: ParallelGCFailedAllocation
Event: 15.555 Executing VM operation: ParallelGCFailedAllocation done
Event: 15.639 Executing VM operation: ParallelGCFailedAllocation


Dynamic libraries:
0x00007ff66bab0000 - 0x00007ff66bae7000 	C:\Program Files\Java\jdk1.8.0_102\bin\java.exe
0x00007ffff2b40000 - 0x00007ffff2d11000 	C:\WINDOWS\SYSTEM32\ntdll.dll
0x00007ffff0cd0000 - 0x00007ffff0d7b000 	C:\WINDOWS\System32\KERNEL32.DLL
0x00007fffefeb0000 - 0x00007ffff00cd000 	C:\WINDOWS\System32\KERNELBASE.dll
0x00007ffff14a0000 - 0x00007ffff1542000 	C:\WINDOWS\System32\ADVAPI32.dll
0x00007ffff0af0000 - 0x00007ffff0b8e000 	C:\WINDOWS\System32\msvcrt.dll
0x00007ffff0e10000 - 0x00007ffff0e69000 	C:\WINDOWS\System32\sechost.dll
0x00007ffff0990000 - 0x00007ffff0ab1000 	C:\WINDOWS\System32\RPCRT4.dll
0x00007ffff0750000 - 0x00007ffff08b5000 	C:\WINDOWS\System32\USER32.dll
0x00007fffefb30000 - 0x00007fffefb4e000 	C:\WINDOWS\System32\win32u.dll
0x00007ffff00d0000 - 0x00007ffff0104000 	C:\WINDOWS\System32\GDI32.dll
0x00007fffefb50000 - 0x00007fffefcd2000 	C:\WINDOWS\System32\gdi32full.dll
0x00007fffe3f00000 - 0x00007fffe4179000 	C:\WINDOWS\WinSxS\amd64_microsoft.windows.common-controls_6595b64144ccf1df_6.0.14393.447_none_42191651c6827bb3\COMCTL32.dll
0x00007ffff1170000 - 0x00007ffff1438000 	C:\WINDOWS\System32\combase.dll
0x00007fffef860000 - 0x00007fffef955000 	C:\WINDOWS\System32\ucrtbase.dll
0x00007fffefac0000 - 0x00007fffefb2a000 	C:\WINDOWS\System32\bcryptPrimitives.dll
0x00007ffff0d80000 - 0x00007ffff0dae000 	C:\WINDOWS\System32\IMM32.DLL
0x0000000051190000 - 0x0000000051261000 	C:\Program Files\Java\jdk1.8.0_102\jre\bin\msvcr100.dll
0x00000000508f0000 - 0x000000005118a000 	C:\Program Files\Java\jdk1.8.0_102\jre\bin\server\jvm.dll
0x00007ffff1550000 - 0x00007ffff1558000 	C:\WINDOWS\System32\PSAPI.DLL
0x00007fffe1d30000 - 0x00007fffe1d39000 	C:\WINDOWS\SYSTEM32\WSOCK32.dll
0x00007fffeca20000 - 0x00007fffeca43000 	C:\WINDOWS\SYSTEM32\WINMM.dll
0x00007fffed4e0000 - 0x00007fffed4ea000 	C:\WINDOWS\SYSTEM32\VERSION.dll
0x00007ffff0110000 - 0x00007ffff017a000 	C:\WINDOWS\System32\WS2_32.dll
0x0000000001170000 - 0x000000000119b000 	C:\WINDOWS\SYSTEM32\WINMMBASE.dll
0x00007fffef710000 - 0x00007fffef752000 	C:\WINDOWS\System32\cfgmgr32.dll
0x00000000508e0000 - 0x00000000508ef000 	C:\Program Files\Java\jdk1.8.0_102\jre\bin\verify.dll
0x00000000508b0000 - 0x00000000508d9000 	C:\Program Files\Java\jdk1.8.0_102\jre\bin\java.dll
0x0000000050890000 - 0x00000000508a6000 	C:\Program Files\Java\jdk1.8.0_102\jre\bin\zip.dll
0x00007ffff15d0000 - 0x00007ffff2ad9000 	C:\WINDOWS\System32\SHELL32.dll
0x00007fffef030000 - 0x00007fffef70a000 	C:\WINDOWS\System32\windows.storage.dll
0x00007fffeefc0000 - 0x00007fffef00c000 	C:\WINDOWS\System32\powrprof.dll
0x00007ffff2ae0000 - 0x00007ffff2b32000 	C:\WINDOWS\System32\shlwapi.dll
0x00007fffeefb0000 - 0x00007fffeefbf000 	C:\WINDOWS\System32\kernel.appcore.dll
0x00007fffef960000 - 0x00007fffefa09000 	C:\WINDOWS\System32\shcore.dll
0x00007fffef010000 - 0x00007fffef024000 	C:\WINDOWS\System32\profapi.dll
0x00007fffee450000 - 0x00007fffee5e2000 	C:\WINDOWS\SYSTEM32\dbghelp.dll

VM Arguments:
jvm_args: -Djava.awt.headless=true -Xmx1024M -Dfile.encoding=x-windows-949 -Duser.country=KR -Duser.language=ko -Duser.variant 
java_command: com.android.dx.command.Main --dex --force-jumbo --num-threads=4 --multi-dex --output C:\Users\Public\Git\trio\Temp\Braille_learning\app\build\intermediates\transforms\dex\debug\folders\1000\5\slice_0 C:\Users\Public\Git\trio\Temp\Braille_learning\app\build\intermediates\transforms\instantRunSlicer\debug\folders\1\5\slice_0
java_class_path (initial): C:\Users\Public\Documents\build-tools\24.0.0\lib\dx.jar
Launcher Type: SUN_STANDARD

Environment Variables:
PATH=C:\ProgramData\Oracle\Java\javapath;C:\WINDOWS\system32;C:\WINDOWS;C:\WINDOWS\System32\Wbem;C:\WINDOWS\System32\WindowsPowerShell\v1.0\;C:\Program Files (x86)\ATI Technologies\ATI.ACE\Core-Static;c:\Program Files (x86)\Microsoft SQL Server\100\Tools\Binn\;c:\Program Files\Microsoft SQL Server\100\Tools\Binn\;c:\Program Files\Microsoft SQL Server\100\DTS\Binn\;C:\Program Files\Git\cmd;C:\Users\¿©¸í\AppData\Local\Microsoft\WindowsApps;
USERNAME=¿©¸í
OS=Windows_NT
PROCESSOR_IDENTIFIER=Intel64 Family 6 Model 42 Stepping 7, GenuineIntel



---------------  S Y S T E M  ---------------

OS: Windows 10.0 , 64 bit Build 14393 (10.0.14393.0)

CPU:total 4 (2 cores per cpu, 2 threads per core) family 6 model 42 stepping 7, cmov, cx8, fxsr, mmx, sse, sse2, sse3, ssse3, sse4.1, sse4.2, popcnt, avx, aes, clmul, ht, tsc, tscinvbit

Memory: 4k page, physical 4175708k(596944k free), swap 6676972k(1603504k free)

vm_info: Java HotSpot(TM) 64-Bit Server VM (25.102-b14) for windows-amd64 JRE (1.8.0_102-b14), built on Jun 22 2016 13:15:21 by "java_re" with MS VC++ 10.0 (VS2010)

time: Wed Feb 22 23:02:55 2017
elapsed time: 16 seconds (0d 0h 0m 16s)

