#
# A fatal error has been detected by the Java Runtime Environment:
#
#  EXCEPTION_ACCESS_VIOLATION (0xc0000005) at pc=0x000000006d5c44e1, pid=8188, tid=0x00000000000000d8
#
# JRE version: Java(TM) SE Runtime Environment (8.0_102-b14) (build 1.8.0_102-b14)
# Java VM: Java HotSpot(TM) 64-Bit Server VM (25.102-b14 mixed mode windows-amd64 compressed oops)
# Problematic frame:
# V  [jvm.dll+0x1144e1]
#
# Failed to write core dump. Minidumps are not enabled by default on client versions of Windows
#
# If you would like to submit a bug report, please visit:
#   http://bugreport.java.com/bugreport/crash.jsp
#

---------------  T H R E A D  ---------------

Current thread (0x0000000003438000):  GCTaskThread [stack: 0x0000000012d50000,0x0000000012e50000] [id=216]

siginfo: ExceptionCode=0xc0000005, reading address 0x00000000ff3019e0

Registers:
RAX=0x0000000013050000, RBX=0x00000000ff3019d8, RCX=0x0000000000000000, RDX=0x0000000000000001
RSP=0x0000000012e4f530, RBP=0x00000000f73019cc, RSI=0x0000000015b34fe0, RDI=0x0000000015b34fe0
R8 =0x00000000001f980c, R9 =0x0000000100081198, R10=0x000000000000000c, R11=0x000000006daafd38
R12=0x00000000f73019d4, R13=0x00000001000813a0, R14=0x00000001000813a8, R15=0x00000000f73019b8
RIP=0x000000006d5c44e1, EFLAGS=0x0000000000010202

Top of Stack: (sp=0x0000000012e4f530)
0x0000000012e4f530:   0000000100081198 00000000f730193c
0x0000000012e4f540:   0000000000000005 000000006d6cd002
0x0000000012e4f550:   0000000000000000 0000000003438840
0x0000000012e4f560:   000000000342f780 00000000f7193328
0x0000000012e4f570:   00000000000002ed 000000006d8a6d40
0x0000000012e4f580:   00000000162bb7b0 0000000000000800
0x0000000012e4f590:   0000000015b34fe0 000000006db02008
0x0000000012e4f5a0:   00000adc00000245 00000add00000245
0x0000000012e4f5b0:   00000000f7194b34 00000000f7193328
0x0000000012e4f5c0:   0000000000000800 000000006d5ea331
0x0000000012e4f5d0:   0000000015b35220 0000000700000052
0x0000000012e4f5e0:   0000000003438000 000000000342f780
0x0000000012e4f5f0:   0000000003438850 0000000003438840
0x0000000012e4f600:   000000006db02008 0000000000000001
0x0000000012e4f610:   0000000017fa7d40 0000000000000000
0x0000000012e4f620:   0000000015b34fe0 000000006d8a46b0 

Instructions: (pc=0x000000006d5c44e1)
0x000000006d5c44c1:   48 8b 05 28 62 70 00 4a 8b 0c c0 48 0f a3 d1 0f
0x000000006d5c44d1:   82 59 01 00 00 0f b6 15 84 6e 6f 00 84 d2 74 16
0x000000006d5c44e1:   44 8b 43 08 8b 0d bd a2 68 00 49 d3 e0 4c 03 05
0x000000006d5c44f1:   ab a2 68 00 eb 04 4c 8b 43 08 45 8b 48 08 45 85 


Register to memory mapping:

RAX=0x0000000013050000 is an unknown value
RBX=0x00000000ff3019d8 is an unallocated location in the heap
RCX=0x0000000000000000 is an unknown value
RDX=0x0000000000000001 is an unknown value
RSP=0x0000000012e4f530 is an unknown value
RBP=0x00000000f73019cc is an unknown value
RSI=0x0000000015b34fe0 is an unknown value
RDI=0x0000000015b34fe0 is an unknown value
R8 =0x00000000001f980c is an unknown value
R9 =0x0000000100081198 is pointing into metadata
R10=0x000000000000000c is an unknown value
R11=0x000000006daafd38 is an unknown value
R12=0x00000000f73019d4 is an unknown value
R13=0x00000001000813a0 is pointing into metadata
R14=0x00000001000813a8 is pointing into metadata
R15=0x00000000f73019b8 is an oop
com.android.dx.rop.code.BasicBlock 
 - klass: 'com/android/dx/rop/code/BasicBlock'


Stack: [0x0000000012d50000,0x0000000012e50000],  sp=0x0000000012e4f530,  free space=1021k
Native frames: (J=compiled Java code, j=interpreted, Vv=VM code, C=native code)
V  [jvm.dll+0x1144e1]
V  [jvm.dll+0x3f6d40]
V  [jvm.dll+0x3f46b0]
V  [jvm.dll+0x3f1bce]
V  [jvm.dll+0x29c03a]
C  [msvcr100.dll+0x21d7b]
C  [msvcr100.dll+0x21e17]
C  [KERNEL32.DLL+0x8364]
C  [ntdll.dll+0x670d1]


---------------  P R O C E S S  ---------------

Java Threads: ( => current thread )
  0x0000000017d9d000 JavaThread "pool-2-thread-4" [_thread_blocked, id=3776, stack(0x0000000018650000,0x0000000018750000)]
  0x0000000017d83800 JavaThread "pool-2-thread-3" [_thread_blocked, id=1640, stack(0x0000000018550000,0x0000000018650000)]
  0x00000000174b5000 JavaThread "pool-2-thread-2" [_thread_blocked, id=8964, stack(0x0000000017c50000,0x0000000017d50000)]
  0x00000000173f6000 JavaThread "pool-3-thread-1" [_thread_blocked, id=8816, stack(0x0000000017b50000,0x0000000017c50000)]
  0x00000000173f5800 JavaThread "pool-2-thread-1" [_thread_blocked, id=1512, stack(0x0000000017a50000,0x0000000017b50000)]
  0x00000000172aa800 JavaThread "Service Thread" daemon [_thread_blocked, id=1436, stack(0x0000000017850000,0x0000000017950000)]
  0x00000000172a6000 JavaThread "C1 CompilerThread2" daemon [_thread_blocked, id=10348, stack(0x0000000017750000,0x0000000017850000)]
  0x00000000172a3800 JavaThread "C2 CompilerThread1" daemon [_thread_blocked, id=6776, stack(0x0000000017650000,0x0000000017750000)]
  0x0000000015c49000 JavaThread "C2 CompilerThread0" daemon [_thread_blocked, id=9052, stack(0x0000000017150000,0x0000000017250000)]
  0x0000000015c47000 JavaThread "Attach Listener" daemon [_thread_blocked, id=11112, stack(0x0000000017050000,0x0000000017150000)]
  0x0000000015c46000 JavaThread "Signal Dispatcher" daemon [_thread_blocked, id=10952, stack(0x0000000016f50000,0x0000000017050000)]
  0x0000000015bda000 JavaThread "Finalizer" daemon [_thread_blocked, id=1852, stack(0x0000000016e50000,0x0000000016f50000)]
  0x0000000015bb8800 JavaThread "Reference Handler" daemon [_thread_blocked, id=5772, stack(0x0000000016d50000,0x0000000016e50000)]
  0x0000000003421000 JavaThread "main" [_thread_blocked, id=6476, stack(0x0000000003320000,0x0000000003420000)]

Other Threads:
  0x0000000015bb7000 VMThread [stack: 0x0000000016c50000,0x0000000016d50000] [id=3344]
  0x00000000172be000 WatcherThread [stack: 0x0000000017950000,0x0000000017a50000] [id=8612]

=>0x0000000003438000 (exited) GCTaskThread [stack: 0x0000000012d50000,0x0000000012e50000] [id=216]

VM state:at safepoint (normal execution)

VM Mutex/Monitor currently owned by a thread:  ([mutex/lock_event])
[0x00000000016cc130] Threads_lock - owner thread: 0x0000000015bb7000
[0x00000000016cc730] Heap_lock - owner thread: 0x0000000003421000

Heap:
 PSYoungGen      total 176640K, used 73184K [0x00000000eab00000, 0x00000000fcf80000, 0x0000000100000000)
  eden space 103424K, 0% used [0x00000000eab00000,0x00000000eab00000,0x00000000f1000000)
  from space 73216K, 99% used [0x00000000f6780000,0x00000000faef83e0,0x00000000faf00000)
  to   space 89600K, 0% used [0x00000000f1000000,0x00000000f1000000,0x00000000f6780000)
 ParOldGen       total 123904K, used 107052K [0x00000000c0000000, 0x00000000c7900000, 0x00000000eab00000)
  object space 123904K, 86% used [0x00000000c0000000,0x00000000c688b068,0x00000000c7900000)
 Metaspace       used 5925K, capacity 6960K, committed 7040K, reserved 1056768K
  class space    used 586K, capacity 616K, committed 640K, reserved 1048576K

Card table byte_map: [0x00000000128e0000,0x0000000012af0000] byte_map_base: 0x00000000122e0000

Marking Bits: (ParMarkBitMap*) 0x000000006dcca6c0
 Begin Bits: [0x0000000013050000, 0x0000000014050000)
 End Bits:   [0x0000000014050000, 0x0000000015050000)

Polling page: 0x00000000013b0000

CodeCache: size=245760Kb used=6830Kb max_used=8932Kb free=238929Kb
 bounds [0x0000000003520000, 0x0000000003df0000, 0x0000000012520000]
 total_blobs=1635 nmethods=1371 adapters=177
 compilation: enabled

Compilation events (10 events):
Event: 20.265 Thread 0x00000000172a3800 nmethod 1887 0x00000000037c5550 code [0x00000000037c5860, 0x00000000037c8ba8]
Event: 20.266 Thread 0x00000000172a3800 1888       4       com.android.dx.ssa.SsaMethod::forEachBlockDepthFirstDom (128 bytes)
Event: 20.279 Thread 0x0000000015c49000 nmethod 1886 0x000000000385a6d0 code [0x000000000385aa80, 0x000000000385dc30]
Event: 20.310 Thread 0x00000000172a3800 nmethod 1888 0x0000000003733310 code [0x0000000003733520, 0x0000000003734548]
Event: 20.530 Thread 0x0000000015c49000 1889       4       com.android.dx.ssa.back.SsaToRop::removePhiFunctions (83 bytes)
Event: 20.541 Thread 0x00000000172a3800 1890       4       com.android.dx.ssa.back.IdenticalBlockCombiner::process (323 bytes)
Event: 20.574 Thread 0x0000000015c49000 nmethod 1889 0x0000000003928190 code [0x0000000003928380, 0x0000000003929658]
Event: 20.575 Thread 0x0000000015c49000 1892 %     4       com.android.dx.dex.code.RopTranslator::pickOrder @ 190 (400 bytes)
Event: 20.617 Thread 0x0000000015c49000 nmethod 1892% 0x0000000003835c50 code [0x0000000003835e20, 0x0000000003836fc8]
Event: 20.617 Thread 0x0000000015c49000 1891 %     4       com.android.dx.util.LabeledList::rebuildLabelToIndex @ 7 (46 bytes)

GC Heap History (10 events):
Event: 13.487 GC heap after
Heap after GC invocations=8 (full 2):
 PSYoungGen      total 111616K, used 23587K [0x00000000eab00000, 0x00000000f3d00000, 0x0000000100000000)
  eden space 81408K, 0% used [0x00000000eab00000,0x00000000eab00000,0x00000000efa80000)
  from space 30208K, 78% used [0x00000000f1a00000,0x00000000f3108e58,0x00000000f3780000)
  to   space 32256K, 0% used [0x00000000efa80000,0x00000000efa80000,0x00000000f1a00000)
 ParOldGen       total 123904K, used 55320K [0x00000000c0000000, 0x00000000c7900000, 0x00000000eab00000)
  object space 123904K, 44% used [0x00000000c0000000,0x00000000c36060f8,0x00000000c7900000)
 Metaspace       used 5829K, capacity 6896K, committed 7040K, reserved 1056768K
  class space    used 584K, capacity 616K, committed 640K, reserved 1048576K
}
Event: 15.891 GC heap before
{Heap before GC invocations=9 (full 2):
 PSYoungGen      total 111616K, used 104995K [0x00000000eab00000, 0x00000000f3d00000, 0x0000000100000000)
  eden space 81408K, 100% used [0x00000000eab00000,0x00000000efa80000,0x00000000efa80000)
  from space 30208K, 78% used [0x00000000f1a00000,0x00000000f3108e58,0x00000000f3780000)
  to   space 32256K, 0% used [0x00000000efa80000,0x00000000efa80000,0x00000000f1a00000)
 ParOldGen       total 123904K, used 55320K [0x00000000c0000000, 0x00000000c7900000, 0x00000000eab00000)
  object space 123904K, 44% used [0x00000000c0000000,0x00000000c36060f8,0x00000000c7900000)
 Metaspace       used 5841K, capacity 6896K, committed 7040K, reserved 1056768K
  class space    used 584K, capacity 616K, committed 640K, reserved 1048576K
Event: 16.258 GC heap after
Heap after GC invocations=9 (full 2):
 PSYoungGen      total 113664K, used 32249K [0x00000000eab00000, 0x00000000f7280000, 0x0000000100000000)
  eden space 81408K, 0% used [0x00000000eab00000,0x00000000eab00000,0x00000000efa80000)
  from space 32256K, 99% used [0x00000000efa80000,0x00000000f19fe7a8,0x00000000f1a00000)
  to   space 48640K, 0% used [0x00000000f4300000,0x00000000f4300000,0x00000000f7280000)
 ParOldGen       total 123904K, used 76245K [0x00000000c0000000, 0x00000000c7900000, 0x00000000eab00000)
  object space 123904K, 61% used [0x00000000c0000000,0x00000000c4a754e0,0x00000000c7900000)
 Metaspace       used 5841K, capacity 6896K, committed 7040K, reserved 1056768K
  class space    used 584K, capacity 616K, committed 640K, reserved 1048576K
}
Event: 17.705 GC heap before
{Heap before GC invocations=10 (full 2):
 PSYoungGen      total 113664K, used 113657K [0x00000000eab00000, 0x00000000f7280000, 0x0000000100000000)
  eden space 81408K, 100% used [0x00000000eab00000,0x00000000efa80000,0x00000000efa80000)
  from space 32256K, 99% used [0x00000000efa80000,0x00000000f19fe7a8,0x00000000f1a00000)
  to   space 48640K, 0% used [0x00000000f4300000,0x00000000f4300000,0x00000000f7280000)
 ParOldGen       total 123904K, used 76245K [0x00000000c0000000, 0x00000000c7900000, 0x00000000eab00000)
  object space 123904K, 61% used [0x00000000c0000000,0x00000000c4a754e0,0x00000000c7900000)
 Metaspace       used 5909K, capacity 6960K, committed 7040K, reserved 1056768K
  class space    used 584K, capacity 616K, committed 640K, reserved 1048576K
Event: 17.889 GC heap after
Heap after GC invocations=10 (full 2):
 PSYoungGen      total 147456K, used 48422K [0x00000000eab00000, 0x00000000f8280000, 0x0000000100000000)
  eden space 98816K, 0% used [0x00000000eab00000,0x00000000eab00000,0x00000000f0b80000)
  from space 48640K, 99% used [0x00000000f4300000,0x00000000f7249b88,0x00000000f7280000)
  to   space 56832K, 0% used [0x00000000f0b80000,0x00000000f0b80000,0x00000000f4300000)
 ParOldGen       total 123904K, used 76253K [0x00000000c0000000, 0x00000000c7900000, 0x00000000eab00000)
  object space 123904K, 61% used [0x00000000c0000000,0x00000000c4a774e0,0x00000000c7900000)
 Metaspace       used 5909K, capacity 6960K, committed 7040K, reserved 1056768K
  class space    used 584K, capacity 616K, committed 640K, reserved 1048576K
}
Event: 19.138 GC heap before
{Heap before GC invocations=11 (full 2):
 PSYoungGen      total 147456K, used 147238K [0x00000000eab00000, 0x00000000f8280000, 0x0000000100000000)
  eden space 98816K, 100% used [0x00000000eab00000,0x00000000f0b80000,0x00000000f0b80000)
  from space 48640K, 99% used [0x00000000f4300000,0x00000000f7249b88,0x00000000f7280000)
  to   space 56832K, 0% used [0x00000000f0b80000,0x00000000f0b80000,0x00000000f4300000)
 ParOldGen       total 123904K, used 76253K [0x00000000c0000000, 0x00000000c7900000, 0x00000000eab00000)
  object space 123904K, 61% used [0x00000000c0000000,0x00000000c4a774e0,0x00000000c7900000)
 Metaspace       used 5924K, capacity 6960K, committed 7040K, reserved 1056768K
  class space    used 586K, capacity 616K, committed 640K, reserved 1048576K
Event: 19.401 GC heap after
Heap after GC invocations=11 (full 2):
 PSYoungGen      total 155648K, used 56819K [0x00000000eab00000, 0x00000000faf00000, 0x0000000100000000)
  eden space 98816K, 0% used [0x00000000eab00000,0x00000000eab00000,0x00000000f0b80000)
  from space 56832K, 99% used [0x00000000f0b80000,0x00000000f42fcc80,0x00000000f4300000)
  to   space 73216K, 0% used [0x00000000f6780000,0x00000000f6780000,0x00000000faf00000)
 ParOldGen       total 123904K, used 94057K [0x00000000c0000000, 0x00000000c7900000, 0x00000000eab00000)
  object space 123904K, 75% used [0x00000000c0000000,0x00000000c5bda468,0x00000000c7900000)
 Metaspace       used 5924K, capacity 6960K, committed 7040K, reserved 1056768K
  class space    used 586K, capacity 616K, committed 640K, reserved 1048576K
}
Event: 20.621 GC heap before
{Heap before GC invocations=12 (full 2):
 PSYoungGen      total 155648K, used 155635K [0x00000000eab00000, 0x00000000faf00000, 0x0000000100000000)
  eden space 98816K, 100% used [0x00000000eab00000,0x00000000f0b80000,0x00000000f0b80000)
  from space 56832K, 99% used [0x00000000f0b80000,0x00000000f42fcc80,0x00000000f4300000)
  to   space 73216K, 0% used [0x00000000f6780000,0x00000000f6780000,0x00000000faf00000)
 ParOldGen       total 123904K, used 94057K [0x00000000c0000000, 0x00000000c7900000, 0x00000000eab00000)
  object space 123904K, 75% used [0x00000000c0000000,0x00000000c5bda468,0x00000000c7900000)
 Metaspace       used 5925K, capacity 6960K, committed 7040K, reserved 1056768K
  class space    used 586K, capacity 616K, committed 640K, reserved 1048576K
Event: 20.825 GC heap after
Heap after GC invocations=12 (full 2):
 PSYoungGen      total 176640K, used 73184K [0x00000000eab00000, 0x00000000fcf80000, 0x0000000100000000)
  eden space 103424K, 0% used [0x00000000eab00000,0x00000000eab00000,0x00000000f1000000)
  from space 73216K, 99% used [0x00000000f6780000,0x00000000faef83e0,0x00000000faf00000)
  to   space 89600K, 0% used [0x00000000f1000000,0x00000000f1000000,0x00000000f6780000)
 ParOldGen       total 123904K, used 107052K [0x00000000c0000000, 0x00000000c7900000, 0x00000000eab00000)
  object space 123904K, 86% used [0x00000000c0000000,0x00000000c688b068,0x00000000c7900000)
 Metaspace       used 5925K, capacity 6960K, committed 7040K, reserved 1056768K
  class space    used 586K, capacity 616K, committed 640K, reserved 1048576K
}
Event: 20.825 GC heap before
{Heap before GC invocations=13 (full 3):
 PSYoungGen      total 176640K, used 73184K [0x00000000eab00000, 0x00000000fcf80000, 0x0000000100000000)
  eden space 103424K, 0% used [0x00000000eab00000,0x00000000eab00000,0x00000000f1000000)
  from space 73216K, 99% used [0x00000000f6780000,0x00000000faef83e0,0x00000000faf00000)
  to   space 89600K, 0% used [0x00000000f1000000,0x00000000f1000000,0x00000000f6780000)
 ParOldGen       total 123904K, used 107052K [0x00000000c0000000, 0x00000000c7900000, 0x00000000eab00000)
  object space 123904K, 86% used [0x00000000c0000000,0x00000000c688b068,0x00000000c7900000)
 Metaspace       used 5925K, capacity 6960K, committed 7040K, reserved 1056768K
  class space    used 586K, capacity 616K, committed 640K, reserved 1048576K

Deoptimization events (10 events):
Event: 17.980 Thread 0x00000000173f5800 Uncommon trap: reason=unstable_if action=reinterpret pc=0x0000000003bab2f0 method=com.android.dx.rop.code.InsnList.contentEquals(Lcom/android/dx/rop/code/InsnList;)Z @ 25
Event: 17.980 Thread 0x00000000173f5800 Uncommon trap: reason=unstable_if action=reinterpret pc=0x0000000003b63720 method=com.android.dx.ssa.back.IdenticalBlockCombiner.combineBlocks(ILcom/android/dx/util/IntList;)V @ 11
Event: 17.980 Thread 0x00000000173f5800 Uncommon trap: reason=unstable_if action=reinterpret pc=0x0000000003ac2128 method=com.android.dx.util.LabeledList.set(ILcom/android/dx/util/LabeledItem;)V @ 16
Event: 17.980 Thread 0x00000000173f5800 Uncommon trap: reason=unstable_if action=reinterpret pc=0x000000000393a4ac method=com.android.dx.util.LabeledList.set(ILcom/android/dx/util/LabeledItem;)V @ 16
Event: 17.980 Thread 0x00000000173f5800 Uncommon trap: reason=unstable_if action=reinterpret pc=0x0000000003b96204 method=com.android.dx.rop.code.BasicBlock.hasExceptionHandlers()Z @ 17
Event: 17.981 Thread 0x00000000173f5800 Uncommon trap: reason=unstable_if action=reinterpret pc=0x0000000003a36f20 method=com.android.dx.cf.code.Merger.isPossiblyAssignableFrom(Lcom/android/dx/rop/type/TypeBearer;Lcom/android/dx/rop/type/TypeBearer;)Z @ 131
Event: 18.509 Thread 0x00000000174b5000 Uncommon trap: reason=null_check action=make_not_entrant pc=0x0000000003c30030 method=com.android.dx.ssa.SsaRenamer.getLocalForNewReg(I)Lcom/android/dx/rop/code/LocalItem; @ 19
Event: 18.510 Thread 0x00000000174b5000 Uncommon trap: reason=unstable_if action=reinterpret pc=0x0000000003689c54 method=com.android.dx.cf.code.Merger.mergeType(Lcom/android/dx/rop/type/TypeBearer;Lcom/android/dx/rop/type/TypeBearer;)Lcom/android/dx/rop/type/TypeBearer; @ 59
Event: 18.512 Thread 0x00000000174b5000 Uncommon trap: reason=null_check action=make_not_entrant pc=0x0000000003c35664 method=com.android.dx.ssa.SsaRenamer.getLocalForNewReg(I)Lcom/android/dx/rop/code/LocalItem; @ 19
Event: 18.539 Thread 0x00000000174b5000 Uncommon trap: reason=class_check action=maybe_recompile pc=0x0000000003aad678 method=java.util.HashMap.putVal(ILjava/lang/Object;Ljava/lang/Object;ZZ)Ljava/lang/Object; @ 203

Internal exceptions (5 events):
Event: 1.430 Thread 0x0000000003421000 Exception <a 'java/lang/NoSuchMethodError': Method sun.misc.Unsafe.defineClass(Ljava/lang/String;[BII)Ljava/lang/Class; name or signature does not match> (0x00000000eab07c78) thrown at [C:\re\workspace\8-2-build-windows-amd64-cygwin\jdk8u102\7268\hotspot\sV—]B¶áö?
Event: 1.430 Thread 0x0000000003421000 Exception <a 'java/lang/NoSuchMethodError': Method sun.misc.Unsafe.prefetchRead(Ljava/lang/Object;J)V name or signature does not match> (0x00000000eab07f60) thrown at [C:\re\workspace\8-2-build-windows-amd64-cygwin\jdk8u102\7268\hotspot\src\share\vm\prims\4 ±Klù1@
Event: 17.974 Thread 0x00000000173f5800 Implicit null exception at 0x00000000038cf222 to 0x00000000038cf321
Event: 18.509 Thread 0x00000000174b5000 Implicit null exception at 0x0000000003c2e94f to 0x0000000003c30001
Event: 18.512 Thread 0x00000000174b5000 Implicit null exception at 0x0000000003c33ff8 to 0x0000000003c35629

Events (10 events):
Event: 20.574 Thread 0x0000000015c49000 flushing nmethod 0x0000000003b7fb50
Event: 20.574 Thread 0x0000000015c49000 flushing nmethod 0x0000000003b83090
Event: 20.574 Thread 0x0000000015c49000 flushing nmethod 0x0000000003b88450
Event: 20.574 Thread 0x0000000015c49000 flushing nmethod 0x0000000003b8d290
Event: 20.574 Thread 0x0000000015c49000 flushing nmethod 0x0000000003ba72d0
Event: 20.574 Thread 0x0000000015c49000 flushing nmethod 0x0000000003bad150
Event: 20.574 Thread 0x0000000015c49000 flushing nmethod 0x0000000003bc8210
Event: 20.574 Thread 0x0000000015c49000 flushing nmethod 0x0000000003bc8ad0
Event: 20.574 Thread 0x0000000015c49000 flushing nmethod 0x0000000003c17310
Event: 20.620 Executing VM operation: ParallelGCFailedAllocation


Dynamic libraries:
0x00007ff6a37d0000 - 0x00007ff6a3807000 	C:\Program Files\Java\jdk1.8.0_102\bin\java.exe
0x00007fff42ea0000 - 0x00007fff43071000 	C:\WINDOWS\SYSTEM32\ntdll.dll
0x00007fff41f90000 - 0x00007fff4203b000 	C:\WINDOWS\System32\KERNEL32.DLL
0x00007fff3f540000 - 0x00007fff3f75d000 	C:\WINDOWS\System32\KERNELBASE.dll
0x00007fff422a0000 - 0x00007fff42342000 	C:\WINDOWS\System32\ADVAPI32.dll
0x00007fff41ee0000 - 0x00007fff41f7e000 	C:\WINDOWS\System32\msvcrt.dll
0x00007fff42660000 - 0x00007fff426b9000 	C:\WINDOWS\System32\sechost.dll
0x00007fff42530000 - 0x00007fff42651000 	C:\WINDOWS\System32\RPCRT4.dll
0x00007fff41d70000 - 0x00007fff41ed5000 	C:\WINDOWS\System32\USER32.dll
0x00007fff3ffa0000 - 0x00007fff3ffbe000 	C:\WINDOWS\System32\win32u.dll
0x00007fff424f0000 - 0x00007fff42524000 	C:\WINDOWS\System32\GDI32.dll
0x00007fff402a0000 - 0x00007fff40422000 	C:\WINDOWS\System32\gdi32full.dll
0x00007fff32ea0000 - 0x00007fff33119000 	C:\WINDOWS\WinSxS\amd64_microsoft.windows.common-controls_6595b64144ccf1df_6.0.14393.447_none_42191651c6827bb3\COMCTL32.dll
0x00007fff42a60000 - 0x00007fff42d28000 	C:\WINDOWS\System32\combase.dll
0x00007fff3f440000 - 0x00007fff3f535000 	C:\WINDOWS\System32\ucrtbase.dll
0x00007fff40060000 - 0x00007fff400ca000 	C:\WINDOWS\System32\bcryptPrimitives.dll
0x00007fff42df0000 - 0x00007fff42e1e000 	C:\WINDOWS\System32\IMM32.DLL
0x000000006dd50000 - 0x000000006de21000 	C:\Program Files\Java\jdk1.8.0_102\jre\bin\msvcr100.dll
0x000000006d4b0000 - 0x000000006dd4a000 	C:\Program Files\Java\jdk1.8.0_102\jre\bin\server\jvm.dll
0x00007fff41f80000 - 0x00007fff41f88000 	C:\WINDOWS\System32\PSAPI.DLL
0x00007fff2dc30000 - 0x00007fff2dc39000 	C:\WINDOWS\SYSTEM32\WSOCK32.dll
0x00007fff426c0000 - 0x00007fff4272a000 	C:\WINDOWS\System32\WS2_32.dll
0x00007fff3c970000 - 0x00007fff3c993000 	C:\WINDOWS\SYSTEM32\WINMM.dll
0x00007fff3d840000 - 0x00007fff3d84a000 	C:\WINDOWS\SYSTEM32\VERSION.dll
0x00007fff3c500000 - 0x00007fff3c52b000 	C:\WINDOWS\SYSTEM32\WINMMBASE.dll
0x00007fff3ff50000 - 0x00007fff3ff92000 	C:\WINDOWS\System32\cfgmgr32.dll
0x000000006d4a0000 - 0x000000006d4af000 	C:\Program Files\Java\jdk1.8.0_102\jre\bin\verify.dll
0x000000006d470000 - 0x000000006d499000 	C:\Program Files\Java\jdk1.8.0_102\jre\bin\java.dll
0x000000006d450000 - 0x000000006d466000 	C:\Program Files\Java\jdk1.8.0_102\jre\bin\zip.dll
0x00007fff40860000 - 0x00007fff41d69000 	C:\WINDOWS\System32\SHELL32.dll
0x00007fff3f810000 - 0x00007fff3feea000 	C:\WINDOWS\System32\windows.storage.dll
0x00007fff3f300000 - 0x00007fff3f34c000 	C:\WINDOWS\System32\powrprof.dll
0x00007fff42040000 - 0x00007fff42092000 	C:\WINDOWS\System32\shlwapi.dll
0x00007fff3f380000 - 0x00007fff3f38f000 	C:\WINDOWS\System32\kernel.appcore.dll
0x00007fff3f390000 - 0x00007fff3f439000 	C:\WINDOWS\System32\shcore.dll
0x00007fff3f360000 - 0x00007fff3f374000 	C:\WINDOWS\System32\profapi.dll
0x00007fff3eca0000 - 0x00007fff3ee32000 	C:\WINDOWS\SYSTEM32\dbghelp.dll

VM Arguments:
jvm_args: -Djava.awt.headless=true -Xmx1024M -Dfile.encoding=x-windows-949 -Duser.country=KR -Duser.language=ko -Duser.variant 
java_command: com.android.dx.command.Main --dex --force-jumbo --num-threads=4 --multi-dex --output C:\Users\Public\Git\trio\Braille_Learning\Braille_learning\app\build\intermediates\transforms\dex\debug\folders\1000\5\slice_0 C:\Users\Public\Git\trio\Braille_Learning\Braille_learning\app\build\intermediates\transforms\instantRunSlicer\debug\folders\1\5\slice_0
java_class_path (initial): C:\Users\Public\Documents\build-tools\24.0.0\lib\dx.jar
Launcher Type: SUN_STANDARD

Environment Variables:
PATH=C:\ProgramData\Oracle\Java\javapath;C:\WINDOWS\system32;C:\WINDOWS;C:\WINDOWS\System32\Wbem;C:\WINDOWS\System32\WindowsPowerShell\v1.0\;C:\Program Files (x86)\ATI Technologies\ATI.ACE\Core-Static;c:\Program Files (x86)\Microsoft SQL Server\100\Tools\Binn\;c:\Program Files\Microsoft SQL Server\100\Tools\Binn\;c:\Program Files\Microsoft SQL Server\100\DTS\Binn\;C:\Program Files\Git\cmd;C:\Users\¿©¸í\AppData\Local\Microsoft\WindowsApps;
USERNAME=¿©¸í
OS=Windows_NT
PROCESSOR_IDENTIFIER=Intel64 Family 6 Model 42 Stepping 7, GenuineIntel



---------------  S Y S T E M  ---------------

OS: Windows 10.0 , 64 bit Build 14393 (10.0.14393.0)

CPU:total 4 (2 cores per cpu, 2 threads per core) family 6 model 42 stepping 7, cmov, cx8, fxsr, mmx, sse, sse2, sse3, ssse3, sse4.1, sse4.2, popcnt, avx, aes, clmul, ht, tsc, tscinvbit

Memory: 4k page, physical 4175708k(602392k free), swap 7853448k(1571180k free)

vm_info: Java HotSpot(TM) 64-Bit Server VM (25.102-b14) for windows-amd64 JRE (1.8.0_102-b14), built on Jun 22 2016 13:15:21 by "java_re" with MS VC++ 10.0 (VS2010)

time: Tue Feb 21 13:39:04 2017
elapsed time: 21 seconds (0d 0h 0m 21s)

