#
# A fatal error has been detected by the Java Runtime Environment:
#
#  EXCEPTION_ACCESS_VIOLATION (0xc0000005) at pc=0x0000000050a044fb, pid=3636, tid=0x0000000000001b28
#
# JRE version: Java(TM) SE Runtime Environment (8.0_102-b14) (build 1.8.0_102-b14)
# Java VM: Java HotSpot(TM) 64-Bit Server VM (25.102-b14 mixed mode windows-amd64 compressed oops)
# Problematic frame:
# V  [jvm.dll+0x1144fb]
#
# Failed to write core dump. Minidumps are not enabled by default on client versions of Windows
#
# If you would like to submit a bug report, please visit:
#   http://bugreport.java.com/bugreport/crash.jsp
#

---------------  T H R E A D  ---------------

Current thread (0x0000000002b0b800):  GCTaskThread [stack: 0x0000000012620000,0x0000000012720000] [id=6952]

siginfo: ExceptionCode=0xc0000005, reading address 0x000000060315fd88

Registers:
RAX=0x0000000012720000, RBX=0x00000000c8612520, RCX=0x0000000000000003, RDX=0x0000000000000001
RSP=0x000000001271f7b0, RBP=0x00000000c09299cc, RSI=0x0000000002bdac20, RDI=0x0000000002bdac20
R8 =0x000000060315fd80, R9 =0x0000000100080bb0, R10=0x000000000000000c, R11=0x0000000050eefd38
R12=0x00000000c09299d8, R13=0x0000000100080da0, R14=0x0000000100080da8, R15=0x00000000c09299b0
RIP=0x0000000050a044fb, EFLAGS=0x0000000000010202

Top of Stack: (sp=0x000000001271f7b0)
0x000000001271f7b0:   0000000100080bb0 00000000c0d99ae4
0x000000001271f7c0:   0000000000000005 0000000050b0d002
0x000000001271f7d0:   0000000000000000 0000000002b0ba70
0x000000001271f7e0:   0000000002affc90 00000000c0d8b648
0x000000001271f7f0:   000000000000024a 0000000050ce6d40
0x000000001271f800:   0000000015bad290 0000000000000c00
0x000000001271f810:   0000000002bdac20 0000000050f431a8
0x000000001271f820:   00001944000001b9 00001945000001b9
0x000000001271f830:   0000000016ba0c10 00000000c0d8b648
0x000000001271f840:   0000000000000c00 0000000050a02bc2
0x000000001271f850:   00000000c8f80810 0000000000000000
0x000000001271f860:   0000000000000000 0000000002affc90
0x000000001271f870:   0000000002b0ba80 0000000002b0ba70
0x000000001271f880:   0000000050f431a8 0000000002bdac20
0x000000001271f890:   0000000000000000 000000001271f919
0x000000001271f8a0:   0000000015195470 0000000050ce4000 

Instructions: (pc=0x0000000050a044fb)
0x0000000050a044db:   6f 00 84 d2 74 16 44 8b 43 08 8b 0d bd a2 68 00
0x0000000050a044eb:   49 d3 e0 4c 03 05 ab a2 68 00 eb 04 4c 8b 43 08
0x0000000050a044fb:   45 8b 48 08 45 85 c9 7e 0c 41 f6 c1 01 75 4b 41
0x0000000050a0450b:   c1 f9 03 eb 57 79 43 84 d2 41 8b c9 b8 10 00 00 


Register to memory mapping:

RAX=0x0000000012720000 is an unknown value
RBX=0x00000000c8612520 is pointing into object: 0x00000000c8612510
com.android.dx.dex.code.CodeAddress 
 - klass: 'com/android/dx/dex/code/CodeAddress'
RCX=0x0000000000000003 is an unknown value
RDX=0x0000000000000001 is an unknown value
RSP=0x000000001271f7b0 is an unknown value
RBP=0x00000000c09299cc is pointing into object: 0x00000000c09299b0
com.android.dx.rop.code.Rop 
 - klass: 'com/android/dx/rop/code/Rop'
RSI=0x0000000002bdac20 is an unknown value
RDI=0x0000000002bdac20 is an unknown value
R8 =0x000000060315fd80 is an unknown value
R9 =0x0000000100080bb0 is pointing into metadata
R10=0x000000000000000c is an unknown value
R11=0x0000000050eefd38 is an unknown value
R12=0x00000000c09299d8 is an oop
com.android.dx.rop.code.SourcePosition 
 - klass: 'com/android/dx/rop/code/SourcePosition'
R13=0x0000000100080da0 is pointing into metadata
R14=0x0000000100080da8 is pointing into metadata
R15=0x00000000c09299b0 is an oop
com.android.dx.rop.code.Rop 
 - klass: 'com/android/dx/rop/code/Rop'


Stack: [0x0000000012620000,0x0000000012720000],  sp=0x000000001271f7b0,  free space=1021k
Native frames: (J=compiled Java code, j=interpreted, Vv=VM code, C=native code)
V  [jvm.dll+0x1144fb]
V  [jvm.dll+0x3f6d40]
V  [jvm.dll+0x3f4000]
V  [jvm.dll+0x3f1bce]
V  [jvm.dll+0x29c03a]
C  [msvcr100.dll+0x21d7b]
C  [msvcr100.dll+0x21e17]
C  [KERNEL32.DLL+0x8364]
C  [ntdll.dll+0x670d1]


---------------  P R O C E S S  ---------------

Java Threads: ( => current thread )
  0x0000000016b9c000 JavaThread "pool-2-thread-3" [_thread_blocked, id=8140, stack(0x0000000017c10000,0x0000000017d10000)]
  0x0000000016b02000 JavaThread "pool-3-thread-1" [_thread_blocked, id=7832, stack(0x0000000017210000,0x0000000017310000)]
  0x0000000016b01000 JavaThread "pool-2-thread-1" [_thread_blocked, id=9340, stack(0x0000000017110000,0x0000000017210000)]
  0x00000000169a0800 JavaThread "Service Thread" daemon [_thread_blocked, id=9704, stack(0x0000000016f10000,0x0000000017010000)]
  0x0000000016915800 JavaThread "C1 CompilerThread2" daemon [_thread_blocked, id=4312, stack(0x0000000016e10000,0x0000000016f10000)]
  0x000000001531e000 JavaThread "C2 CompilerThread1" daemon [_thread_blocked, id=8376, stack(0x0000000016d10000,0x0000000016e10000)]
  0x000000001531b000 JavaThread "C2 CompilerThread0" daemon [_thread_in_native, id=8336, stack(0x0000000016810000,0x0000000016910000)]
  0x0000000015319800 JavaThread "Attach Listener" daemon [_thread_blocked, id=9904, stack(0x0000000016710000,0x0000000016810000)]
  0x00000000152ce000 JavaThread "Signal Dispatcher" daemon [_thread_blocked, id=1448, stack(0x0000000016610000,0x0000000016710000)]
  0x00000000152aa800 JavaThread "Finalizer" daemon [_thread_blocked, id=6696, stack(0x0000000016510000,0x0000000016610000)]
  0x0000000015289000 JavaThread "Reference Handler" daemon [_thread_blocked, id=9324, stack(0x0000000016410000,0x0000000016510000)]
  0x0000000002af0800 JavaThread "main" [_thread_blocked, id=1436, stack(0x00000000025e0000,0x00000000026e0000)]

Other Threads:
  0x0000000015288000 VMThread [stack: 0x0000000016310000,0x0000000016410000] [id=7440]
  0x00000000169de000 WatcherThread [stack: 0x0000000017010000,0x0000000017110000] [id=4780]

=>0x0000000002b0b800 (exited) GCTaskThread [stack: 0x0000000012620000,0x0000000012720000] [id=6952]

VM state:at safepoint (normal execution)

VM Mutex/Monitor currently owned by a thread:  ([mutex/lock_event])
[0x000000000278bbf0] Threads_lock - owner thread: 0x0000000015288000
[0x000000000278c570] Heap_lock - owner thread: 0x0000000016b9c000

Heap:
 PSYoungGen      total 232960K, used 40746K [0x00000000eab00000, 0x0000000100000000, 0x0000000100000000)
  eden space 116736K, 0% used [0x00000000eab00000,0x00000000eab00000,0x00000000f1d00000)
  from space 116224K, 35% used [0x00000000f1d00000,0x00000000f44cabc8,0x00000000f8e80000)
  to   space 116224K, 0% used [0x00000000f8e80000,0x00000000f8e80000,0x0000000100000000)
 ParOldGen       total 488960K, used 424493K [0x00000000c0000000, 0x00000000ddd80000, 0x00000000eab00000)
  object space 488960K, 86% used [0x00000000c0000000,0x00000000d9e8b428,0x00000000ddd80000)
 Metaspace       used 6122K, capacity 7128K, committed 7424K, reserved 1056768K
  class space    used 609K, capacity 656K, committed 768K, reserved 1048576K

Card table byte_map: [0x0000000011fb0000,0x00000000121c0000] byte_map_base: 0x00000000119b0000

Marking Bits: (ParMarkBitMap*) 0x000000005110a6c0
 Begin Bits: [0x0000000012720000, 0x0000000013720000)
 End Bits:   [0x0000000013720000, 0x0000000014720000)

Polling page: 0x0000000000a30000

CodeCache: size=245760Kb used=7692Kb max_used=8993Kb free=238067Kb
 bounds [0x0000000002bf0000, 0x00000000034e0000, 0x0000000011bf0000]
 total_blobs=1855 nmethods=1591 adapters=177
 compilation: enabled

Compilation events (10 events):
Event: 15.702 Thread 0x000000001531e000 2247 %     4       com.android.dx.ssa.back.LivenessAnalyzer::constructInterferenceGraph @ 16 (47 bytes)
Event: 15.713 Thread 0x000000001531e000 nmethod 2247% 0x0000000002d60610 code [0x0000000002d607a0, 0x0000000002d60d78]
Event: 15.713 Thread 0x000000001531e000 2251 %     4       java.util.DualPivotQuicksort::sort @ 185 (1195 bytes)
Event: 15.803 Thread 0x000000001531e000 nmethod 2251% 0x0000000002df1350 code [0x0000000002df14c0, 0x0000000002df1d38]
Event: 15.803 Thread 0x000000001531e000 2250       4       com.android.dx.rop.code.CstInsn::contentEquals (31 bytes)
Event: 15.804 Thread 0x000000001531e000 nmethod 2250 0x0000000002e97090 code [0x0000000002e971e0, 0x0000000002e97288]
Event: 15.804 Thread 0x000000001531e000 2242       4       com.android.dx.ssa.SetFactory::makeInterferenceSet (26 bytes)
Event: 15.811 Thread 0x000000001531e000 nmethod 2242 0x000000000300de90 code [0x000000000300e000, 0x000000000300e338]
Event: 15.811 Thread 0x000000001531e000 2221       4       com.android.dx.rop.type.Prototype::withFirstParameter (68 bytes)
Event: 15.866 Thread 0x000000001531e000 nmethod 2221 0x0000000002fd36d0 code [0x0000000002fd38a0, 0x0000000002fd4c48]

GC Heap History (10 events):
Event: 14.977 GC heap after
Heap after GC invocations=28 (full 5):
 PSYoungGen      total 232960K, used 17430K [0x00000000eab00000, 0x0000000100000000, 0x0000000100000000)
  eden space 116736K, 0% used [0x00000000eab00000,0x00000000eab00000,0x00000000f1d00000)
  from space 116224K, 14% used [0x00000000f1d00000,0x00000000f2e058b8,0x00000000f8e80000)
  to   space 116224K, 0% used [0x00000000f8e80000,0x00000000f8e80000,0x0000000100000000)
 ParOldGen       total 488960K, used 319909K [0x00000000c0000000, 0x00000000ddd80000, 0x00000000eab00000)
  object space 488960K, 65% used [0x00000000c0000000,0x00000000d3869780,0x00000000ddd80000)
 Metaspace       used 6122K, capacity 7128K, committed 7424K, reserved 1056768K
  class space    used 609K, capacity 656K, committed 768K, reserved 1048576K
}
Event: 15.175 GC heap before
{Heap before GC invocations=29 (full 5):
 PSYoungGen      total 232960K, used 134166K [0x00000000eab00000, 0x0000000100000000, 0x0000000100000000)
  eden space 116736K, 100% used [0x00000000eab00000,0x00000000f1d00000,0x00000000f1d00000)
  from space 116224K, 14% used [0x00000000f1d00000,0x00000000f2e058b8,0x00000000f8e80000)
  to   space 116224K, 0% used [0x00000000f8e80000,0x00000000f8e80000,0x0000000100000000)
 ParOldGen       total 488960K, used 319909K [0x00000000c0000000, 0x00000000ddd80000, 0x00000000eab00000)
  object space 488960K, 65% used [0x00000000c0000000,0x00000000d3869780,0x00000000ddd80000)
 Metaspace       used 6122K, capacity 7128K, committed 7424K, reserved 1056768K
  class space    used 609K, capacity 656K, committed 768K, reserved 1048576K
Event: 15.258 GC heap after
Heap after GC invocations=29 (full 5):
 PSYoungGen      total 232960K, used 28660K [0x00000000eab00000, 0x0000000100000000, 0x0000000100000000)
  eden space 116736K, 0% used [0x00000000eab00000,0x00000000eab00000,0x00000000f1d00000)
  from space 116224K, 24% used [0x00000000f8e80000,0x00000000faa7d330,0x0000000100000000)
  to   space 116224K, 0% used [0x00000000f1d00000,0x00000000f1d00000,0x00000000f8e80000)
 ParOldGen       total 488960K, used 328545K [0x00000000c0000000, 0x00000000ddd80000, 0x00000000eab00000)
  object space 488960K, 67% used [0x00000000c0000000,0x00000000d40d8530,0x00000000ddd80000)
 Metaspace       used 6122K, capacity 7128K, committed 7424K, reserved 1056768K
  class space    used 609K, capacity 656K, committed 768K, reserved 1048576K
}
Event: 15.589 GC heap before
{Heap before GC invocations=30 (full 5):
 PSYoungGen      total 232960K, used 145396K [0x00000000eab00000, 0x0000000100000000, 0x0000000100000000)
  eden space 116736K, 100% used [0x00000000eab00000,0x00000000f1d00000,0x00000000f1d00000)
  from space 116224K, 24% used [0x00000000f8e80000,0x00000000faa7d330,0x0000000100000000)
  to   space 116224K, 0% used [0x00000000f1d00000,0x00000000f1d00000,0x00000000f8e80000)
 ParOldGen       total 488960K, used 328545K [0x00000000c0000000, 0x00000000ddd80000, 0x00000000eab00000)
  object space 488960K, 67% used [0x00000000c0000000,0x00000000d40d8530,0x00000000ddd80000)
 Metaspace       used 6122K, capacity 7128K, committed 7424K, reserved 1056768K
  class space    used 609K, capacity 656K, committed 768K, reserved 1048576K
Event: 15.651 GC heap after
Heap after GC invocations=30 (full 5):
 PSYoungGen      total 232960K, used 24520K [0x00000000eab00000, 0x0000000100000000, 0x0000000100000000)
  eden space 116736K, 0% used [0x00000000eab00000,0x00000000eab00000,0x00000000f1d00000)
  from space 116224K, 21% used [0x00000000f1d00000,0x00000000f34f23d8,0x00000000f8e80000)
  to   space 116224K, 0% used [0x00000000f8e80000,0x00000000f8e80000,0x0000000100000000)
 ParOldGen       total 488960K, used 338029K [0x00000000c0000000, 0x00000000ddd80000, 0x00000000eab00000)
  object space 488960K, 69% used [0x00000000c0000000,0x00000000d4a1b5b8,0x00000000ddd80000)
 Metaspace       used 6122K, capacity 7128K, committed 7424K, reserved 1056768K
  class space    used 609K, capacity 656K, committed 768K, reserved 1048576K
}
Event: 15.717 GC heap before
{Heap before GC invocations=31 (full 5):
 PSYoungGen      total 232960K, used 141256K [0x00000000eab00000, 0x0000000100000000, 0x0000000100000000)
  eden space 116736K, 100% used [0x00000000eab00000,0x00000000f1d00000,0x00000000f1d00000)
  from space 116224K, 21% used [0x00000000f1d00000,0x00000000f34f23d8,0x00000000f8e80000)
  to   space 116224K, 0% used [0x00000000f8e80000,0x00000000f8e80000,0x0000000100000000)
 ParOldGen       total 488960K, used 338029K [0x00000000c0000000, 0x00000000ddd80000, 0x00000000eab00000)
  object space 488960K, 69% used [0x00000000c0000000,0x00000000d4a1b5b8,0x00000000ddd80000)
 Metaspace       used 6122K, capacity 7128K, committed 7424K, reserved 1056768K
  class space    used 609K, capacity 656K, committed 768K, reserved 1048576K
Event: 15.785 GC heap after
Heap after GC invocations=31 (full 5):
 PSYoungGen      total 232960K, used 69831K [0x00000000eab00000, 0x0000000100000000, 0x0000000100000000)
  eden space 116736K, 0% used [0x00000000eab00000,0x00000000eab00000,0x00000000f1d00000)
  from space 116224K, 60% used [0x00000000f8e80000,0x00000000fd2b1dd0,0x0000000100000000)
  to   space 116224K, 0% used [0x00000000f1d00000,0x00000000f1d00000,0x00000000f8e80000)
 ParOldGen       total 488960K, used 354787K [0x00000000c0000000, 0x00000000ddd80000, 0x00000000eab00000)
  object space 488960K, 72% used [0x00000000c0000000,0x00000000d5a78f40,0x00000000ddd80000)
 Metaspace       used 6122K, capacity 7128K, committed 7424K, reserved 1056768K
  class space    used 609K, capacity 656K, committed 768K, reserved 1048576K
}
Event: 15.875 GC heap before
{Heap before GC invocations=32 (full 5):
 PSYoungGen      total 232960K, used 186567K [0x00000000eab00000, 0x0000000100000000, 0x0000000100000000)
  eden space 116736K, 100% used [0x00000000eab00000,0x00000000f1d00000,0x00000000f1d00000)
  from space 116224K, 60% used [0x00000000f8e80000,0x00000000fd2b1dd0,0x0000000100000000)
  to   space 116224K, 0% used [0x00000000f1d00000,0x00000000f1d00000,0x00000000f8e80000)
 ParOldGen       total 488960K, used 354787K [0x00000000c0000000, 0x00000000ddd80000, 0x00000000eab00000)
  object space 488960K, 72% used [0x00000000c0000000,0x00000000d5a78f40,0x00000000ddd80000)
 Metaspace       used 6122K, capacity 7128K, committed 7424K, reserved 1056768K
  class space    used 609K, capacity 656K, committed 768K, reserved 1048576K
Event: 15.952 GC heap after
Heap after GC invocations=32 (full 5):
 PSYoungGen      total 232960K, used 40746K [0x00000000eab00000, 0x0000000100000000, 0x0000000100000000)
  eden space 116736K, 0% used [0x00000000eab00000,0x00000000eab00000,0x00000000f1d00000)
  from space 116224K, 35% used [0x00000000f1d00000,0x00000000f44cabc8,0x00000000f8e80000)
  to   space 116224K, 0% used [0x00000000f8e80000,0x00000000f8e80000,0x0000000100000000)
 ParOldGen       total 488960K, used 424493K [0x00000000c0000000, 0x00000000ddd80000, 0x00000000eab00000)
  object space 488960K, 86% used [0x00000000c0000000,0x00000000d9e8b428,0x00000000ddd80000)
 Metaspace       used 6122K, capacity 7128K, committed 7424K, reserved 1056768K
  class space    used 609K, capacity 656K, committed 768K, reserved 1048576K
}
Event: 15.952 GC heap before
{Heap before GC invocations=33 (full 6):
 PSYoungGen      total 232960K, used 40746K [0x00000000eab00000, 0x0000000100000000, 0x0000000100000000)
  eden space 116736K, 0% used [0x00000000eab00000,0x00000000eab00000,0x00000000f1d00000)
  from space 116224K, 35% used [0x00000000f1d00000,0x00000000f44cabc8,0x00000000f8e80000)
  to   space 116224K, 0% used [0x00000000f8e80000,0x00000000f8e80000,0x0000000100000000)
 ParOldGen       total 488960K, used 424493K [0x00000000c0000000, 0x00000000ddd80000, 0x00000000eab00000)
  object space 488960K, 86% used [0x00000000c0000000,0x00000000d9e8b428,0x00000000ddd80000)
 Metaspace       used 6122K, capacity 7128K, committed 7424K, reserved 1056768K
  class space    used 609K, capacity 656K, committed 768K, reserved 1048576K

Deoptimization events (10 events):
Event: 7.137 Thread 0x0000000002af0800 Uncommon trap: reason=unstable_if action=reinterpret pc=0x0000000002f0f31c method=java.util.HashMap.putVal(ILjava/lang/Object;Ljava/lang/Object;ZZ)Ljava/lang/Object; @ 162
Event: 7.223 Thread 0x0000000002af0800 Uncommon trap: reason=unstable_if action=reinterpret pc=0x0000000002e5b068 method=java.util.HashMap.getNode(ILjava/lang/Object;)Ljava/util/HashMap$Node; @ 84
Event: 7.648 Thread 0x0000000016b96800 Uncommon trap: reason=unstable_if action=reinterpret pc=0x0000000003357990 method=com.android.dx.cf.code.ByteCatchList.toRopCatchList()Lcom/android/dx/rop/type/TypeList; @ 6
Event: 7.911 Thread 0x0000000002af0800 Uncommon trap: reason=unstable_if action=reinterpret pc=0x0000000003429ae8 method=com.android.dx.cf.code.Simulator.requiredArrayTypeFor(Lcom/android/dx/rop/type/Type;Lcom/android/dx/rop/type/Type;)Lcom/android/dx/rop/type/Type; @ 55
Event: 10.666 Thread 0x0000000002af0800 Uncommon trap: reason=unstable_if action=reinterpret pc=0x0000000003104eb4 method=com.android.dx.cf.code.RopperMachine.run(Lcom/android/dx/cf/code/Frame;II)V @ 1500
Event: 11.537 Thread 0x0000000016b96800 Uncommon trap: reason=class_check action=maybe_recompile pc=0x000000000347ff6c method=com.android.dx.ssa.back.InterferenceGraph.mergeInterferenceSet(ILcom/android/dx/util/IntSet;)V @ 20
Event: 11.580 Thread 0x0000000016b96800 Uncommon trap: reason=class_check action=maybe_recompile pc=0x000000000347ff6c method=com.android.dx.ssa.back.InterferenceGraph.mergeInterferenceSet(ILcom/android/dx/util/IntSet;)V @ 20
Event: 11.580 Thread 0x0000000016b96800 Uncommon trap: reason=class_check action=maybe_recompile pc=0x000000000347ff6c method=com.android.dx.ssa.back.InterferenceGraph.mergeInterferenceSet(ILcom/android/dx/util/IntSet;)V @ 20
Event: 11.580 Thread 0x0000000016b96800 Uncommon trap: reason=class_check action=maybe_recompile pc=0x000000000347ff6c method=com.android.dx.ssa.back.InterferenceGraph.mergeInterferenceSet(ILcom/android/dx/util/IntSet;)V @ 20
Event: 13.332 Thread 0x0000000016b9c000 Uncommon trap: reason=unstable_if action=reinterpret pc=0x00000000030edebc method=java.util.HashMap.resize()[Ljava/util/HashMap$Node; @ 206

Internal exceptions (8 events):
Event: 0.045 Thread 0x0000000002af0800 Exception <a 'java/lang/NoSuchMethodError': Method sun.misc.Unsafe.defineClass(Ljava/lang/String;[BII)Ljava/lang/Class; name or signature does not match> (0x00000000eab07c78) thrown at [C:\re\workspace\8-2-build-windows-amd64-cygwin\jdk8u102\7268\hotspot\sF@Žê¼û¦?
Event: 0.045 Thread 0x0000000002af0800 Exception <a 'java/lang/NoSuchMethodError': Method sun.misc.Unsafe.prefetchRead(Ljava/lang/Object;J)V name or signature does not match> (0x00000000eab07f60) thrown at [C:\re\workspace\8-2-build-windows-amd64-cygwin\jdk8u102\7268\hotspot\src\share\vm\prims\ÇBW¦¿Ü@
Event: 4.216 Thread 0x0000000016b99000 Implicit null exception at 0x0000000002ec76e2 to 0x0000000002ec77e1
Event: 4.653 Thread 0x0000000016b96800 Implicit null exception at 0x0000000003175a76 to 0x00000000031776cd
Event: 4.657 Thread 0x0000000016b96800 Implicit null exception at 0x0000000003183067 to 0x0000000003184959
Event: 7.139 Thread 0x0000000002af0800 Exception <a 'java/lang/ArrayIndexOutOfBoundsException': 18> (0x00000000ef1d6218) thrown at [C:\re\workspace\8-2-build-windows-amd64-cygwin\jdk8u102\7268\hotspot\src\share\vm\interpreter\interpreterRuntime.cpp, line 366]
Event: 7.140 Thread 0x0000000002af0800 Exception <a 'java/lang/ArrayIndexOutOfBoundsException'> (0x00000000ef1d7f80) thrown at [C:\re\workspace\8-2-build-windows-amd64-cygwin\jdk8u102\7268\hotspot\src\share\vm\runtime\sharedRuntime.cpp, line 605]
Event: 7.141 Thread 0x0000000002af0800 Exception <a 'java/lang/ArrayIndexOutOfBoundsException'> (0x00000000ef1d9450) thrown at [C:\re\workspace\8-2-build-windows-amd64-cygwin\jdk8u102\7268\hotspot\src\share\vm\runtime\sharedRuntime.cpp, line 605]

Events (10 events):
Event: 15.588 Executing VM operation: ParallelGCFailedAllocation
Event: 15.651 Executing VM operation: ParallelGCFailedAllocation done
Event: 15.662 Thread 0x0000000016b9c000 DEOPT PACKING pc=0x000000000333fc14 sp=0x0000000017d0e600
Event: 15.662 Thread 0x0000000016b9c000 DEOPT UNPACKING pc=0x0000000002c3787f sp=0x0000000017d0e328 mode 0
Event: 15.662 Thread 0x0000000016b9c000 DEOPT PACKING pc=0x0000000002d13eef sp=0x0000000017d0e610
Event: 15.662 Thread 0x0000000016b9c000 DEOPT UNPACKING pc=0x0000000002c3787f sp=0x0000000017d0e340 mode 0
Event: 15.712 Thread 0x0000000016b99000 Thread exited: 0x0000000016b99000
Event: 15.717 Executing VM operation: ParallelGCFailedAllocation
Event: 15.785 Executing VM operation: ParallelGCFailedAllocation done
Event: 15.875 Executing VM operation: ParallelGCFailedAllocation


Dynamic libraries:
0x00007ff66bab0000 - 0x00007ff66bae7000 	C:\Program Files\Java\jdk1.8.0_102\bin\java.exe
0x00007ffff2b40000 - 0x00007ffff2d11000 	C:\WINDOWS\SYSTEM32\ntdll.dll
0x00007ffff0cd0000 - 0x00007ffff0d7b000 	C:\WINDOWS\System32\KERNEL32.DLL
0x00007fffefeb0000 - 0x00007ffff00cd000 	C:\WINDOWS\System32\KERNELBASE.dll
0x00007ffff14a0000 - 0x00007ffff1542000 	C:\WINDOWS\System32\ADVAPI32.dll
0x00007ffff0af0000 - 0x00007ffff0b8e000 	C:\WINDOWS\System32\msvcrt.dll
0x00007ffff0e10000 - 0x00007ffff0e69000 	C:\WINDOWS\System32\sechost.dll
0x00007ffff0990000 - 0x00007ffff0ab1000 	C:\WINDOWS\System32\RPCRT4.dll
0x00007ffff0750000 - 0x00007ffff08b5000 	C:\WINDOWS\System32\USER32.dll
0x00007fffefb30000 - 0x00007fffefb4e000 	C:\WINDOWS\System32\win32u.dll
0x00007ffff00d0000 - 0x00007ffff0104000 	C:\WINDOWS\System32\GDI32.dll
0x00007fffefb50000 - 0x00007fffefcd2000 	C:\WINDOWS\System32\gdi32full.dll
0x00007fffe3f00000 - 0x00007fffe4179000 	C:\WINDOWS\WinSxS\amd64_microsoft.windows.common-controls_6595b64144ccf1df_6.0.14393.447_none_42191651c6827bb3\COMCTL32.dll
0x00007ffff1170000 - 0x00007ffff1438000 	C:\WINDOWS\System32\combase.dll
0x00007fffef860000 - 0x00007fffef955000 	C:\WINDOWS\System32\ucrtbase.dll
0x00007fffefac0000 - 0x00007fffefb2a000 	C:\WINDOWS\System32\bcryptPrimitives.dll
0x00007ffff0d80000 - 0x00007ffff0dae000 	C:\WINDOWS\System32\IMM32.DLL
0x0000000051190000 - 0x0000000051261000 	C:\Program Files\Java\jdk1.8.0_102\jre\bin\msvcr100.dll
0x00000000508f0000 - 0x000000005118a000 	C:\Program Files\Java\jdk1.8.0_102\jre\bin\server\jvm.dll
0x00007ffff1550000 - 0x00007ffff1558000 	C:\WINDOWS\System32\PSAPI.DLL
0x00007fffeca20000 - 0x00007fffeca43000 	C:\WINDOWS\SYSTEM32\WINMM.dll
0x00007fffed4e0000 - 0x00007fffed4ea000 	C:\WINDOWS\SYSTEM32\VERSION.dll
0x00007fffe1d30000 - 0x00007fffe1d39000 	C:\WINDOWS\SYSTEM32\WSOCK32.dll
0x00007ffff0110000 - 0x00007ffff017a000 	C:\WINDOWS\System32\WS2_32.dll
0x00007fffec7b0000 - 0x00007fffec7db000 	C:\WINDOWS\SYSTEM32\WINMMBASE.dll
0x00007fffef710000 - 0x00007fffef752000 	C:\WINDOWS\System32\cfgmgr32.dll
0x00000000508e0000 - 0x00000000508ef000 	C:\Program Files\Java\jdk1.8.0_102\jre\bin\verify.dll
0x00000000508b0000 - 0x00000000508d9000 	C:\Program Files\Java\jdk1.8.0_102\jre\bin\java.dll
0x0000000050890000 - 0x00000000508a6000 	C:\Program Files\Java\jdk1.8.0_102\jre\bin\zip.dll
0x00007ffff15d0000 - 0x00007ffff2ad9000 	C:\WINDOWS\System32\SHELL32.dll
0x00007fffef030000 - 0x00007fffef70a000 	C:\WINDOWS\System32\windows.storage.dll
0x00007fffeefc0000 - 0x00007fffef00c000 	C:\WINDOWS\System32\powrprof.dll
0x00007ffff2ae0000 - 0x00007ffff2b32000 	C:\WINDOWS\System32\shlwapi.dll
0x00007fffeefb0000 - 0x00007fffeefbf000 	C:\WINDOWS\System32\kernel.appcore.dll
0x00007fffef960000 - 0x00007fffefa09000 	C:\WINDOWS\System32\shcore.dll
0x00007fffef010000 - 0x00007fffef024000 	C:\WINDOWS\System32\profapi.dll
0x00007fffee450000 - 0x00007fffee5e2000 	C:\WINDOWS\SYSTEM32\dbghelp.dll

VM Arguments:
jvm_args: -Djava.awt.headless=true -Xmx1024M -Dfile.encoding=x-windows-949 -Duser.country=KR -Duser.language=ko -Duser.variant 
java_command: com.android.dx.command.Main --dex --force-jumbo --num-threads=4 --multi-dex --output C:\Users\Public\Git\trio\Temp\Braille_learning\app\build\intermediates\transforms\dex\debug\folders\1000\5\slice_0 C:\Users\Public\Git\trio\Temp\Braille_learning\app\build\intermediates\transforms\instantRunSlicer\debug\folders\1\5\slice_0
java_class_path (initial): C:\Users\Public\Documents\build-tools\24.0.0\lib\dx.jar
Launcher Type: SUN_STANDARD

Environment Variables:
PATH=C:\ProgramData\Oracle\Java\javapath;C:\WINDOWS\system32;C:\WINDOWS;C:\WINDOWS\System32\Wbem;C:\WINDOWS\System32\WindowsPowerShell\v1.0\;C:\Program Files (x86)\ATI Technologies\ATI.ACE\Core-Static;c:\Program Files (x86)\Microsoft SQL Server\100\Tools\Binn\;c:\Program Files\Microsoft SQL Server\100\Tools\Binn\;c:\Program Files\Microsoft SQL Server\100\DTS\Binn\;C:\Program Files\Git\cmd;C:\Users\¿©¸í\AppData\Local\Microsoft\WindowsApps;
USERNAME=¿©¸í
OS=Windows_NT
PROCESSOR_IDENTIFIER=Intel64 Family 6 Model 42 Stepping 7, GenuineIntel



---------------  S Y S T E M  ---------------

OS: Windows 10.0 , 64 bit Build 14393 (10.0.14393.0)

CPU:total 4 (2 cores per cpu, 2 threads per core) family 6 model 42 stepping 7, cmov, cx8, fxsr, mmx, sse, sse2, sse3, ssse3, sse4.1, sse4.2, popcnt, avx, aes, clmul, ht, tsc, tscinvbit

Memory: 4k page, physical 4175708k(636728k free), swap 6676972k(1587108k free)

vm_info: Java HotSpot(TM) 64-Bit Server VM (25.102-b14) for windows-amd64 JRE (1.8.0_102-b14), built on Jun 22 2016 13:15:21 by "java_re" with MS VC++ 10.0 (VS2010)

time: Wed Feb 22 23:07:35 2017
elapsed time: 16 seconds (0d 0h 0m 16s)

