#
# A fatal error has been detected by the Java Runtime Environment:
#
#  EXCEPTION_ACCESS_VIOLATION (0xc0000005) at pc=0x000000006d5c44fb, pid=1380, tid=0x00000000000003a8
#
# JRE version: Java(TM) SE Runtime Environment (8.0_102-b14) (build 1.8.0_102-b14)
# Java VM: Java HotSpot(TM) 64-Bit Server VM (25.102-b14 mixed mode windows-amd64 compressed oops)
# Problematic frame:
# V  [jvm.dll+0x1144fb]
#
# Failed to write core dump. Minidumps are not enabled by default on client versions of Windows
#
# If you would like to submit a bug report, please visit:
#   http://bugreport.java.com/bugreport/crash.jsp
#

---------------  T H R E A D  ---------------

Current thread (0x000000000342b800):  GCTaskThread [stack: 0x0000000012f40000,0x0000000013040000] [id=936]

siginfo: ExceptionCode=0xc0000005, reading address 0x0000000000000230

Registers:
RAX=0x0000000013040000, RBX=0x00000000ce5eb9d8, RCX=0x0000000000000003, RDX=0x0000000000000001
RSP=0x000000001303f510, RBP=0x00000000c65eb9cc, RSI=0x00000000034faa10, RDI=0x00000000034faa10
R8 =0x0000000000000228, R9 =0x0000000100080b80, R10=0x000000000000000c, R11=0x000000006daafd38
R12=0x00000000c65eb9d4, R13=0x0000000100080d88, R14=0x0000000100080d90, R15=0x00000000c65eb9b8
RIP=0x000000006d5c44fb, EFLAGS=0x0000000000010206

Top of Stack: (sp=0x000000001303f510)
0x000000001303f510:   0000000100080b80 00000000c65eb944
0x000000001303f520:   0000000000000005 000000006d6cd002
0x000000001303f530:   0000000000000000 000000000342ba20
0x000000001303f540:   000000000341f240 0000000000000003
0x000000001303f550:   00000000000006f5 000000006d8a6d40
0x000000001303f560:   00000000164dc7f0 0000000000000000
0x000000001303f570:   00000000034faa10 000000006db02008
0x000000001303f580:   00000000c655c170 00000000034faa10
0x000000001303f590:   00000000c642bc74 0000000000000004
0x000000001303f5a0:   00000000c655c170 000000006d5ea331
0x000000001303f5b0:   0000000015b656a0 0000042100000188
0x000000001303f5c0:   000000000342b800 000000000341f240
0x000000001303f5d0:   000000000342ba30 000000000342ba20
0x000000001303f5e0:   000000006db02008 0000000000000003
0x000000001303f5f0:   00000000197c77c0 0000000000000000
0x000000001303f600:   00000000034faa10 000000006d8a46b0 

Instructions: (pc=0x000000006d5c44fb)
0x000000006d5c44db:   6f 00 84 d2 74 16 44 8b 43 08 8b 0d bd a2 68 00
0x000000006d5c44eb:   49 d3 e0 4c 03 05 ab a2 68 00 eb 04 4c 8b 43 08
0x000000006d5c44fb:   45 8b 48 08 45 85 c9 7e 0c 41 f6 c1 01 75 4b 41
0x000000006d5c450b:   c1 f9 03 eb 57 79 43 84 d2 41 8b c9 b8 10 00 00 


Register to memory mapping:

RAX=0x0000000013040000 is an unknown value
RBX=0x00000000ce5eb9d8 is pointing into object: 0x00000000ce5eb9c0
com.android.dx.dex.code.LocalSnapshot 
 - klass: 'com/android/dx/dex/code/LocalSnapshot'
RCX=0x0000000000000003 is an unknown value
RDX=0x0000000000000001 is an unknown value
RSP=0x000000001303f510 is an unknown value
RBP=0x00000000c65eb9cc is pointing into object: 0x00000000c65eb9b8
com.android.dx.rop.code.BasicBlock 
 - klass: 'com/android/dx/rop/code/BasicBlock'
RSI=0x00000000034faa10 is an unknown value
RDI=0x00000000034faa10 is an unknown value
R8 =0x0000000000000228 is an unknown value
R9 =0x0000000100080b80 is pointing into metadata
R10=0x000000000000000c is an unknown value
R11=0x000000006daafd38 is an unknown value
R12=0x00000000c65eb9d4 is pointing into object: 0x00000000c65eb9b8
com.android.dx.rop.code.BasicBlock 
 - klass: 'com/android/dx/rop/code/BasicBlock'
R13=0x0000000100080d88 is pointing into metadata
R14=0x0000000100080d90 is pointing into metadata
R15=0x00000000c65eb9b8 is an oop
com.android.dx.rop.code.BasicBlock 
 - klass: 'com/android/dx/rop/code/BasicBlock'


Stack: [0x0000000012f40000,0x0000000013040000],  sp=0x000000001303f510,  free space=1021k
Native frames: (J=compiled Java code, j=interpreted, Vv=VM code, C=native code)
V  [jvm.dll+0x1144fb]
V  [jvm.dll+0x3f6d40]
V  [jvm.dll+0x3f46b0]
V  [jvm.dll+0x3f1bce]
V  [jvm.dll+0x29c03a]
C  [msvcr100.dll+0x21d7b]
C  [msvcr100.dll+0x21e17]
C  [KERNEL32.DLL+0x8364]
C  [ntdll.dll+0x670d1]


---------------  P R O C E S S  ---------------

Java Threads: ( => current thread )
  0x00000000174ce800 JavaThread "pool-2-thread-3" [_thread_blocked, id=10120, stack(0x0000000018550000,0x0000000018650000)]
  0x0000000017420000 JavaThread "pool-3-thread-1" [_thread_blocked, id=844, stack(0x0000000017b50000,0x0000000017c50000)]
  0x00000000172b5000 JavaThread "Service Thread" daemon [_thread_blocked, id=5848, stack(0x0000000017850000,0x0000000017950000)]
  0x00000000172b1800 JavaThread "C1 CompilerThread2" daemon [_thread_blocked, id=3656, stack(0x0000000017750000,0x0000000017850000)]
  0x0000000015c3c800 JavaThread "C2 CompilerThread1" daemon [_thread_blocked, id=10088, stack(0x0000000017650000,0x0000000017750000)]
  0x0000000015c39000 JavaThread "C2 CompilerThread0" daemon [_thread_blocked, id=9388, stack(0x0000000017150000,0x0000000017250000)]
  0x0000000015c37000 JavaThread "Attach Listener" daemon [_thread_blocked, id=3260, stack(0x0000000017050000,0x0000000017150000)]
  0x0000000015c36000 JavaThread "Signal Dispatcher" daemon [_thread_blocked, id=9228, stack(0x0000000016f50000,0x0000000017050000)]
  0x0000000015bca000 JavaThread "Finalizer" daemon [_thread_blocked, id=10924, stack(0x0000000016e50000,0x0000000016f50000)]
  0x0000000015ba8800 JavaThread "Reference Handler" daemon [_thread_blocked, id=5172, stack(0x0000000016d50000,0x0000000016e50000)]
  0x0000000003411000 JavaThread "main" [_thread_blocked, id=6856, stack(0x0000000003310000,0x0000000003410000)]

Other Threads:
  0x0000000015ba7000 VMThread [stack: 0x0000000016c50000,0x0000000016d50000] [id=6444]
  0x00000000172fa800 WatcherThread [stack: 0x0000000017950000,0x0000000017a50000] [id=9736]

=>0x000000000342b800 (exited) GCTaskThread [stack: 0x0000000012f40000,0x0000000013040000] [id=936]

VM state:at safepoint (normal execution)

VM Mutex/Monitor currently owned by a thread:  ([mutex/lock_event])
[0x000000000320c0b0] Threads_lock - owner thread: 0x0000000015ba7000
[0x000000000320c2b0] Heap_lock - owner thread: 0x00000000174ce800

Heap:
 PSYoungGen      total 232960K, used 116201K [0x00000000eab00000, 0x0000000100000000, 0x0000000100000000)
  eden space 116736K, 0% used [0x00000000eab00000,0x00000000eab00000,0x00000000f1d00000)
  from space 116224K, 99% used [0x00000000f1d00000,0x00000000f8e7a6c0,0x00000000f8e80000)
  to   space 116224K, 0% used [0x00000000f8e80000,0x00000000f8e80000,0x0000000100000000)
 ParOldGen       total 345600K, used 344512K [0x00000000c0000000, 0x00000000d5180000, 0x00000000eab00000)
  object space 345600K, 99% used [0x00000000c0000000,0x00000000d5070318,0x00000000d5180000)
 Metaspace       used 6126K, capacity 7064K, committed 7424K, reserved 1056768K
  class space    used 609K, capacity 656K, committed 768K, reserved 1048576K

Card table byte_map: [0x00000000128d0000,0x0000000012ae0000] byte_map_base: 0x00000000122d0000

Marking Bits: (ParMarkBitMap*) 0x000000006dcca6c0
 Begin Bits: [0x0000000013040000, 0x0000000014040000)
 End Bits:   [0x0000000014040000, 0x0000000015040000)

Polling page: 0x0000000001490000

CodeCache: size=245760Kb used=7425Kb max_used=9978Kb free=238334Kb
 bounds [0x0000000003510000, 0x0000000003ef0000, 0x0000000012510000]
 total_blobs=1769 nmethods=1505 adapters=177
 compilation: enabled

Compilation events (10 events):
Event: 37.527 Thread 0x00000000172b1800 nmethod 2212 0x00000000039a1990 code [0x00000000039a1c20, 0x00000000039a2c68]
Event: 37.527 Thread 0x00000000172b1800 2213   !   3       java.lang.Class::getEnumConstantsShared (73 bytes)
Event: 37.527 Thread 0x0000000015c3c800 nmethod 2211 0x0000000003a138d0 code [0x0000000003a13a60, 0x0000000003a13ed8]
Event: 37.528 Thread 0x00000000172b1800 nmethod 2213 0x0000000003c9a110 code [0x0000000003c9a300, 0x0000000003c9ad28]
Event: 37.528 Thread 0x00000000172b1800 2215       3       com.android.dx.dex.code.RopTranslator::translate (21 bytes)
Event: 37.528 Thread 0x00000000172b1800 nmethod 2215 0x0000000003895010 code [0x0000000003895180, 0x00000000038953b8]
Event: 37.528 Thread 0x00000000172b1800 2206       3       com.android.dx.dex.code.OutputFinisher::hasLocalInfo (20 bytes)
Event: 37.528 Thread 0x00000000172b1800 nmethod 2206 0x0000000003976190 code [0x0000000003976300, 0x0000000003976590]
Event: 37.623 Thread 0x0000000015c3c800 2217       4       com.android.dx.rop.code.PlainCstInsn::<init> (30 bytes)
Event: 37.625 Thread 0x0000000015c3c800 nmethod 2217 0x0000000003e18250 code [0x0000000003e183a0, 0x0000000003e18518]

GC Heap History (10 events):
Event: 36.375 GC heap after
Heap after GC invocations=25 (full 4):
 PSYoungGen      total 232960K, used 116195K [0x00000000eab00000, 0x0000000100000000, 0x0000000100000000)
  eden space 116736K, 0% used [0x00000000eab00000,0x00000000eab00000,0x00000000f1d00000)
  from space 116224K, 99% used [0x00000000f1d00000,0x00000000f8e78d70,0x00000000f8e80000)
  to   space 116224K, 0% used [0x00000000f8e80000,0x00000000f8e80000,0x0000000100000000)
 ParOldGen       total 314880K, used 190193K [0x00000000c0000000, 0x00000000d3380000, 0x00000000eab00000)
  object space 314880K, 60% used [0x00000000c0000000,0x00000000cb9bc768,0x00000000d3380000)
 Metaspace       used 6111K, capacity 7064K, committed 7424K, reserved 1056768K
  class space    used 609K, capacity 656K, committed 768K, reserved 1048576K
}
Event: 36.446 GC heap before
{Heap before GC invocations=26 (full 4):
 PSYoungGen      total 232960K, used 232931K [0x00000000eab00000, 0x0000000100000000, 0x0000000100000000)
  eden space 116736K, 100% used [0x00000000eab00000,0x00000000f1d00000,0x00000000f1d00000)
  from space 116224K, 99% used [0x00000000f1d00000,0x00000000f8e78d70,0x00000000f8e80000)
  to   space 116224K, 0% used [0x00000000f8e80000,0x00000000f8e80000,0x0000000100000000)
 ParOldGen       total 314880K, used 190193K [0x00000000c0000000, 0x00000000d3380000, 0x00000000eab00000)
  object space 314880K, 60% used [0x00000000c0000000,0x00000000cb9bc768,0x00000000d3380000)
 Metaspace       used 6111K, capacity 7064K, committed 7424K, reserved 1056768K
  class space    used 609K, capacity 656K, committed 768K, reserved 1048576K
Event: 36.622 GC heap after
Heap after GC invocations=26 (full 4):
 PSYoungGen      total 232960K, used 116205K [0x00000000eab00000, 0x0000000100000000, 0x0000000100000000)
  eden space 116736K, 0% used [0x00000000eab00000,0x00000000eab00000,0x00000000f1d00000)
  from space 116224K, 99% used [0x00000000f8e80000,0x00000000ffffb658,0x0000000100000000)
  to   space 116224K, 0% used [0x00000000f1d00000,0x00000000f1d00000,0x00000000f8e80000)
 ParOldGen       total 314880K, used 234496K [0x00000000c0000000, 0x00000000d3380000, 0x00000000eab00000)
  object space 314880K, 74% used [0x00000000c0000000,0x00000000ce5001a0,0x00000000d3380000)
 Metaspace       used 6111K, capacity 7064K, committed 7424K, reserved 1056768K
  class space    used 609K, capacity 656K, committed 768K, reserved 1048576K
}
Event: 37.178 GC heap before
{Heap before GC invocations=27 (full 4):
 PSYoungGen      total 232960K, used 232941K [0x00000000eab00000, 0x0000000100000000, 0x0000000100000000)
  eden space 116736K, 100% used [0x00000000eab00000,0x00000000f1d00000,0x00000000f1d00000)
  from space 116224K, 99% used [0x00000000f8e80000,0x00000000ffffb658,0x0000000100000000)
  to   space 116224K, 0% used [0x00000000f1d00000,0x00000000f1d00000,0x00000000f8e80000)
 ParOldGen       total 314880K, used 234496K [0x00000000c0000000, 0x00000000d3380000, 0x00000000eab00000)
  object space 314880K, 74% used [0x00000000c0000000,0x00000000ce5001a0,0x00000000d3380000)
 Metaspace       used 6113K, capacity 7064K, committed 7424K, reserved 1056768K
  class space    used 609K, capacity 656K, committed 768K, reserved 1048576K
Event: 37.293 GC heap after
Heap after GC invocations=27 (full 4):
 PSYoungGen      total 232960K, used 116217K [0x00000000eab00000, 0x0000000100000000, 0x0000000100000000)
  eden space 116736K, 0% used [0x00000000eab00000,0x00000000eab00000,0x00000000f1d00000)
  from space 116224K, 99% used [0x00000000f1d00000,0x00000000f8e7e550,0x00000000f8e80000)
  to   space 116224K, 0% used [0x00000000f8e80000,0x00000000f8e80000,0x0000000100000000)
 ParOldGen       total 314880K, used 245053K [0x00000000c0000000, 0x00000000d3380000, 0x00000000eab00000)
  object space 314880K, 77% used [0x00000000c0000000,0x00000000cef4f420,0x00000000d3380000)
 Metaspace       used 6113K, capacity 7064K, committed 7424K, reserved 1056768K
  class space    used 609K, capacity 656K, committed 768K, reserved 1048576K
}
Event: 37.636 GC heap before
{Heap before GC invocations=28 (full 4):
 PSYoungGen      total 232960K, used 232953K [0x00000000eab00000, 0x0000000100000000, 0x0000000100000000)
  eden space 116736K, 100% used [0x00000000eab00000,0x00000000f1d00000,0x00000000f1d00000)
  from space 116224K, 99% used [0x00000000f1d00000,0x00000000f8e7e550,0x00000000f8e80000)
  to   space 116224K, 0% used [0x00000000f8e80000,0x00000000f8e80000,0x0000000100000000)
 ParOldGen       total 314880K, used 245053K [0x00000000c0000000, 0x00000000d3380000, 0x00000000eab00000)
  object space 314880K, 77% used [0x00000000c0000000,0x00000000cef4f420,0x00000000d3380000)
 Metaspace       used 6126K, capacity 7064K, committed 7424K, reserved 1056768K
  class space    used 609K, capacity 656K, committed 768K, reserved 1048576K
Event: 37.820 GC heap after
Heap after GC invocations=28 (full 4):
 PSYoungGen      total 232960K, used 116207K [0x00000000eab00000, 0x0000000100000000, 0x0000000100000000)
  eden space 116736K, 0% used [0x00000000eab00000,0x00000000eab00000,0x00000000f1d00000)
  from space 116224K, 99% used [0x00000000f8e80000,0x00000000ffffbcc0,0x0000000100000000)
  to   space 116224K, 0% used [0x00000000f1d00000,0x00000000f1d00000,0x00000000f8e80000)
 ParOldGen       total 314880K, used 262221K [0x00000000c0000000, 0x00000000d3380000, 0x00000000eab00000)
  object space 314880K, 83% used [0x00000000c0000000,0x00000000d0013498,0x00000000d3380000)
 Metaspace       used 6126K, capacity 7064K, committed 7424K, reserved 1056768K
  class space    used 609K, capacity 656K, committed 768K, reserved 1048576K
}
Event: 37.996 GC heap before
{Heap before GC invocations=29 (full 4):
 PSYoungGen      total 232960K, used 232943K [0x00000000eab00000, 0x0000000100000000, 0x0000000100000000)
  eden space 116736K, 100% used [0x00000000eab00000,0x00000000f1d00000,0x00000000f1d00000)
  from space 116224K, 99% used [0x00000000f8e80000,0x00000000ffffbcc0,0x0000000100000000)
  to   space 116224K, 0% used [0x00000000f1d00000,0x00000000f1d00000,0x00000000f8e80000)
 ParOldGen       total 314880K, used 262221K [0x00000000c0000000, 0x00000000d3380000, 0x00000000eab00000)
  object space 314880K, 83% used [0x00000000c0000000,0x00000000d0013498,0x00000000d3380000)
 Metaspace       used 6126K, capacity 7064K, committed 7424K, reserved 1056768K
  class space    used 609K, capacity 656K, committed 768K, reserved 1048576K
Event: 38.179 GC heap after
Heap after GC invocations=29 (full 4):
 PSYoungGen      total 232960K, used 116201K [0x00000000eab00000, 0x0000000100000000, 0x0000000100000000)
  eden space 116736K, 0% used [0x00000000eab00000,0x00000000eab00000,0x00000000f1d00000)
  from space 116224K, 99% used [0x00000000f1d00000,0x00000000f8e7a6c0,0x00000000f8e80000)
  to   space 116224K, 0% used [0x00000000f8e80000,0x00000000f8e80000,0x0000000100000000)
 ParOldGen       total 345600K, used 344512K [0x00000000c0000000, 0x00000000d5180000, 0x00000000eab00000)
  object space 345600K, 99% used [0x00000000c0000000,0x00000000d5070318,0x00000000d5180000)
 Metaspace       used 6126K, capacity 7064K, committed 7424K, reserved 1056768K
  class space    used 609K, capacity 656K, committed 768K, reserved 1048576K
}
Event: 38.179 GC heap before
{Heap before GC invocations=30 (full 5):
 PSYoungGen      total 232960K, used 116201K [0x00000000eab00000, 0x0000000100000000, 0x0000000100000000)
  eden space 116736K, 0% used [0x00000000eab00000,0x00000000eab00000,0x00000000f1d00000)
  from space 116224K, 99% used [0x00000000f1d00000,0x00000000f8e7a6c0,0x00000000f8e80000)
  to   space 116224K, 0% used [0x00000000f8e80000,0x00000000f8e80000,0x0000000100000000)
 ParOldGen       total 345600K, used 344512K [0x00000000c0000000, 0x00000000d5180000, 0x00000000eab00000)
  object space 345600K, 99% used [0x00000000c0000000,0x00000000d5070318,0x00000000d5180000)
 Metaspace       used 6126K, capacity 7064K, committed 7424K, reserved 1056768K
  class space    used 609K, capacity 656K, committed 768K, reserved 1048576K

Deoptimization events (10 events):
Event: 32.517 Thread 0x00000000174cf000 Uncommon trap: reason=unstable_if action=reinterpret pc=0x0000000003e51ad4 method=com.android.dx.cf.code.Frame.mergeWith(Lcom/android/dx/cf/code/Frame;)Lcom/android/dx/cf/code/Frame; @ 46
Event: 33.515 Thread 0x00000000174cf000 Uncommon trap: reason=bimorphic action=maybe_recompile pc=0x0000000003e1dbc8 method=com.android.dx.cf.code.BytecodeArray.parseInstruction(ILcom/android/dx/cf/code/BytecodeArray$Visitor;)I @ 923
Event: 33.515 Thread 0x00000000174cf000 Uncommon trap: reason=bimorphic action=maybe_recompile pc=0x0000000003e1dc48 method=com.android.dx.cf.code.BytecodeArray.parseInstruction(ILcom/android/dx/cf/code/BytecodeArray$Visitor;)I @ 939
Event: 33.515 Thread 0x00000000174cf000 Uncommon trap: reason=bimorphic action=maybe_recompile pc=0x0000000003e1dd0c method=com.android.dx.cf.code.BytecodeArray.parseInstruction(ILcom/android/dx/cf/code/BytecodeArray$Visitor;)I @ 971
Event: 33.515 Thread 0x00000000174cf000 Uncommon trap: reason=bimorphic action=maybe_recompile pc=0x0000000003e1dd8c method=com.android.dx.cf.code.BytecodeArray.parseInstruction(ILcom/android/dx/cf/code/BytecodeArray$Visitor;)I @ 987
Event: 33.516 Thread 0x00000000174cf000 Uncommon trap: reason=bimorphic action=maybe_recompile pc=0x0000000003e1dbc8 method=com.android.dx.cf.code.BytecodeArray.parseInstruction(ILcom/android/dx/cf/code/BytecodeArray$Visitor;)I @ 923
Event: 33.516 Thread 0x00000000174cf000 Uncommon trap: reason=unstable_if action=reinterpret pc=0x000000000397f414 method=com.android.dx.cf.code.RopperMachine.run(Lcom/android/dx/cf/code/Frame;II)V @ 1500
Event: 33.772 Thread 0x00000000174b9800 Uncommon trap: reason=unstable_if action=reinterpret pc=0x0000000003a333f4 method=java.util.HashMap.resize()[Ljava/util/HashMap$Node; @ 206
Event: 36.643 Thread 0x000000001741f000 Uncommon trap: reason=class_check action=maybe_recompile pc=0x0000000003b10194 method=com.android.dx.ssa.SCCP.simulatePhi(Lcom/android/dx/ssa/PhiInsn;)V @ 124
Event: 36.751 Thread 0x00000000174ce800 Uncommon trap: reason=unstable_if action=reinterpret pc=0x0000000003a60610 method=java.util.HashMap.putVal(ILjava/lang/Object;Ljava/lang/Object;ZZ)Ljava/lang/Object; @ 109

Internal exceptions (8 events):
Event: 0.184 Thread 0x0000000003411000 Exception <a 'java/lang/NoSuchMethodError': Method sun.misc.Unsafe.defineClass(Ljava/lang/String;[BII)Ljava/lang/Class; name or signature does not match> (0x00000000eab07c78) thrown at [C:\re\workspace\8-2-build-windows-amd64-cygwin\jdk8u102\7268\hotspot\s^wwƒΗ?
Event: 0.184 Thread 0x0000000003411000 Exception <a 'java/lang/NoSuchMethodError': Method sun.misc.Unsafe.prefetchRead(Ljava/lang/Object;J)V name or signature does not match> (0x00000000eab07f60) thrown at [C:\re\workspace\8-2-build-windows-amd64-cygwin\jdk8u102\7268\hotspot\src\share\vm\prims\o)4d,'@
Event: 11.587 Thread 0x00000000174cf000 Implicit null exception at 0x0000000003d383d5 to 0x0000000003d38715
Event: 12.562 Thread 0x00000000174b9800 Implicit null exception at 0x0000000003b72729 to 0x0000000003b7338d
Event: 13.655 Thread 0x00000000174b9800 Implicit null exception at 0x0000000003b81541 to 0x0000000003b81f75
Event: 20.147 Thread 0x0000000003411000 Exception <a 'java/lang/ArrayIndexOutOfBoundsException': 18> (0x00000000ed0a74c8) thrown at [C:\re\workspace\8-2-build-windows-amd64-cygwin\jdk8u102\7268\hotspot\src\share\vm\interpreter\interpreterRuntime.cpp, line 366]
Event: 20.148 Thread 0x0000000003411000 Exception <a 'java/lang/ArrayIndexOutOfBoundsException': 145> (0x00000000ed0a9230) thrown at [C:\re\workspace\8-2-build-windows-amd64-cygwin\jdk8u102\7268\hotspot\src\share\vm\interpreter\interpreterRuntime.cpp, line 366]
Event: 20.149 Thread 0x0000000003411000 Exception <a 'java/lang/ArrayIndexOutOfBoundsException'> (0x00000000ed0aa700) thrown at [C:\re\workspace\8-2-build-windows-amd64-cygwin\jdk8u102\7268\hotspot\src\share\vm\runtime\sharedRuntime.cpp, line 605]

Events (10 events):
Event: 37.513 Thread 0x00000000172b1800 flushing nmethod 0x0000000003cc92d0
Event: 37.519 Thread 0x00000000172b1800 flushing nmethod 0x0000000003ccd9d0
Event: 37.519 Thread 0x00000000172b1800 flushing nmethod 0x0000000003cce2d0
Event: 37.519 Thread 0x00000000172b1800 flushing nmethod 0x0000000003ce3290
Event: 37.519 Thread 0x00000000172b1800 flushing nmethod 0x0000000003cf0690
Event: 37.519 Thread 0x00000000172b1800 flushing nmethod 0x0000000003cfb690
Event: 37.636 Executing VM operation: ParallelGCFailedAllocation
Event: 37.820 Executing VM operation: ParallelGCFailedAllocation done
Event: 37.873 Thread 0x000000001741f000 Thread exited: 0x000000001741f000
Event: 37.996 Executing VM operation: ParallelGCFailedAllocation


Dynamic libraries:
0x00007ff684660000 - 0x00007ff684697000 	C:\Program Files\Java\jdk1.8.0_102\bin\java.exe
0x00007fff42ea0000 - 0x00007fff43071000 	C:\WINDOWS\SYSTEM32\ntdll.dll
0x00007fff41f90000 - 0x00007fff4203b000 	C:\WINDOWS\System32\KERNEL32.DLL
0x00007fff3f540000 - 0x00007fff3f75d000 	C:\WINDOWS\System32\KERNELBASE.dll
0x00007fff422a0000 - 0x00007fff42342000 	C:\WINDOWS\System32\ADVAPI32.dll
0x00007fff41ee0000 - 0x00007fff41f7e000 	C:\WINDOWS\System32\msvcrt.dll
0x00007fff42660000 - 0x00007fff426b9000 	C:\WINDOWS\System32\sechost.dll
0x00007fff42530000 - 0x00007fff42651000 	C:\WINDOWS\System32\RPCRT4.dll
0x00007fff41d70000 - 0x00007fff41ed5000 	C:\WINDOWS\System32\USER32.dll
0x00007fff3ffa0000 - 0x00007fff3ffbe000 	C:\WINDOWS\System32\win32u.dll
0x00007fff424f0000 - 0x00007fff42524000 	C:\WINDOWS\System32\GDI32.dll
0x00007fff402a0000 - 0x00007fff40422000 	C:\WINDOWS\System32\gdi32full.dll
0x00007fff32ea0000 - 0x00007fff33119000 	C:\WINDOWS\WinSxS\amd64_microsoft.windows.common-controls_6595b64144ccf1df_6.0.14393.447_none_42191651c6827bb3\COMCTL32.dll
0x00007fff42a60000 - 0x00007fff42d28000 	C:\WINDOWS\System32\combase.dll
0x00007fff3f440000 - 0x00007fff3f535000 	C:\WINDOWS\System32\ucrtbase.dll
0x00007fff40060000 - 0x00007fff400ca000 	C:\WINDOWS\System32\bcryptPrimitives.dll
0x00007fff42df0000 - 0x00007fff42e1e000 	C:\WINDOWS\System32\IMM32.DLL
0x000000006dd50000 - 0x000000006de21000 	C:\Program Files\Java\jdk1.8.0_102\jre\bin\msvcr100.dll
0x000000006d4b0000 - 0x000000006dd4a000 	C:\Program Files\Java\jdk1.8.0_102\jre\bin\server\jvm.dll
0x00007fff41f80000 - 0x00007fff41f88000 	C:\WINDOWS\System32\PSAPI.DLL
0x00007fff2dc30000 - 0x00007fff2dc39000 	C:\WINDOWS\SYSTEM32\WSOCK32.dll
0x00007fff426c0000 - 0x00007fff4272a000 	C:\WINDOWS\System32\WS2_32.dll
0x00007fff3c970000 - 0x00007fff3c993000 	C:\WINDOWS\SYSTEM32\WINMM.dll
0x00007fff3d840000 - 0x00007fff3d84a000 	C:\WINDOWS\SYSTEM32\VERSION.dll
0x00007fff3c500000 - 0x00007fff3c52b000 	C:\WINDOWS\SYSTEM32\WINMMBASE.dll
0x00007fff3ff50000 - 0x00007fff3ff92000 	C:\WINDOWS\System32\cfgmgr32.dll
0x000000006d4a0000 - 0x000000006d4af000 	C:\Program Files\Java\jdk1.8.0_102\jre\bin\verify.dll
0x000000006d470000 - 0x000000006d499000 	C:\Program Files\Java\jdk1.8.0_102\jre\bin\java.dll
0x000000006d450000 - 0x000000006d466000 	C:\Program Files\Java\jdk1.8.0_102\jre\bin\zip.dll
0x00007fff40860000 - 0x00007fff41d69000 	C:\WINDOWS\System32\SHELL32.dll
0x00007fff3f810000 - 0x00007fff3feea000 	C:\WINDOWS\System32\windows.storage.dll
0x00007fff3f300000 - 0x00007fff3f34c000 	C:\WINDOWS\System32\powrprof.dll
0x00007fff42040000 - 0x00007fff42092000 	C:\WINDOWS\System32\shlwapi.dll
0x00007fff3f380000 - 0x00007fff3f38f000 	C:\WINDOWS\System32\kernel.appcore.dll
0x00007fff3f390000 - 0x00007fff3f439000 	C:\WINDOWS\System32\shcore.dll
0x00007fff3f360000 - 0x00007fff3f374000 	C:\WINDOWS\System32\profapi.dll
0x00007fff3eca0000 - 0x00007fff3ee32000 	C:\WINDOWS\SYSTEM32\dbghelp.dll

VM Arguments:
jvm_args: -Djava.awt.headless=true -Xmx1024M -Dfile.encoding=x-windows-949 -Duser.country=KR -Duser.language=ko -Duser.variant 
java_command: com.android.dx.command.Main --dex --force-jumbo --num-threads=4 --multi-dex --output C:\Users\Public\Git\trio\Temp\Braille_learning\app\build\intermediates\transforms\dex\debug\folders\1000\5\slice_0 C:\Users\Public\Git\trio\Temp\Braille_learning\app\build\intermediates\transforms\instantRunSlicer\debug\folders\1\5\slice_0
java_class_path (initial): C:\Users\Public\Documents\build-tools\24.0.0\lib\dx.jar
Launcher Type: SUN_STANDARD

Environment Variables:
PATH=C:\ProgramData\Oracle\Java\javapath;C:\WINDOWS\system32;C:\WINDOWS;C:\WINDOWS\System32\Wbem;C:\WINDOWS\System32\WindowsPowerShell\v1.0\;C:\Program Files (x86)\ATI Technologies\ATI.ACE\Core-Static;c:\Program Files (x86)\Microsoft SQL Server\100\Tools\Binn\;c:\Program Files\Microsoft SQL Server\100\Tools\Binn\;c:\Program Files\Microsoft SQL Server\100\DTS\Binn\;C:\Program Files\Git\cmd;C:\Users\Ώ©Έν\AppData\Local\Microsoft\WindowsApps;
USERNAME=Ώ©Έν
OS=Windows_NT
PROCESSOR_IDENTIFIER=Intel64 Family 6 Model 42 Stepping 7, GenuineIntel



---------------  S Y S T E M  ---------------

OS: Windows 10.0 , 64 bit Build 14393 (10.0.14393.0)

CPU:total 4 (2 cores per cpu, 2 threads per core) family 6 model 42 stepping 7, cmov, cx8, fxsr, mmx, sse, sse2, sse3, ssse3, sse4.1, sse4.2, popcnt, avx, aes, clmul, ht, tsc, tscinvbit

Memory: 4k page, physical 4175708k(863208k free), swap 8790312k(2396204k free)

vm_info: Java HotSpot(TM) 64-Bit Server VM (25.102-b14) for windows-amd64 JRE (1.8.0_102-b14), built on Jun 22 2016 13:15:21 by "java_re" with MS VC++ 10.0 (VS2010)

time: Wed Feb 22 20:47:33 2017
elapsed time: 43 seconds (0d 0h 0m 43s)

