#
# A fatal error has been detected by the Java Runtime Environment:
#
#  EXCEPTION_ACCESS_VIOLATION (0xc0000005) at pc=0x000000006d5c44fb, pid=2132, tid=0x0000000000001e54
#
# JRE version: Java(TM) SE Runtime Environment (8.0_102-b14) (build 1.8.0_102-b14)
# Java VM: Java HotSpot(TM) 64-Bit Server VM (25.102-b14 mixed mode windows-amd64 compressed oops)
# Problematic frame:
# V  [jvm.dll+0x1144fb]
#
# Failed to write core dump. Minidumps are not enabled by default on client versions of Windows
#
# If you would like to submit a bug report, please visit:
#   http://bugreport.java.com/bugreport/crash.jsp
#

---------------  T H R E A D  ---------------

Current thread (0x0000000003256800):  GCTaskThread [stack: 0x0000000012a80000,0x0000000012b80000] [id=7764]

siginfo: ExceptionCode=0xc0000005, reading address 0x0000000000000008

Registers:
RAX=0x0000000012e80000, RBX=0x00000000ff443d68, RCX=0x0000000000000003, RDX=0x0000000000000001
RSP=0x0000000012b7f720, RBP=0x00000000f90839cc, RSI=0x000000000332a7d0, RDI=0x000000000332a7d0
R8 =0x0000000000000000, R9 =0x00000001000688e0, R10=0x000000000000000c, R11=0x000000006daafd38
R12=0x00000000f90839d0, R13=0x0000000100068ad0, R14=0x0000000100068ad8, R15=0x00000000f90839b8
RIP=0x000000006d5c44fb, EFLAGS=0x0000000000010246

Top of Stack: (sp=0x0000000012b7f720)
0x0000000012b7f720:   00000001000688e0 00000000f90839b0
0x0000000012b7f730:   0000000000000003 000000006d6cd002
0x0000000012b7f740:   0000000000000000 0000000003257140
0x0000000012b7f750:   000000000324ef80 00000000f905e388
0x0000000012b7f760:   0000000000000360 000000006d8a6d40
0x0000000012b7f770:   0000000015ff5b40 0000000000002e00
0x0000000012b7f780:   000000000332a7d0 000000006db02008
0x0000000012b7f790:   0000154900000318 0000154a00000318
0x0000000012b7f7a0:   00000000f905f38c 00000000f905e388
0x0000000012b7f7b0:   0000000000002e00 000000006d5ea331
0x0000000012b7f7c0:   0000000015965240 000003ba00000065
0x0000000012b7f7d0:   0000000003256800 000000000324ef80
0x0000000012b7f7e0:   0000000003257150 0000000003257140
0x0000000012b7f7f0:   000000006db02008 0000000000000000
0x0000000012b7f800:   000000001916b3d0 0000000000000000
0x0000000012b7f810:   000000000332a7d0 000000006d8a46b0 

Instructions: (pc=0x000000006d5c44fb)
0x000000006d5c44db:   6f 00 84 d2 74 16 44 8b 43 08 8b 0d bd a2 68 00
0x000000006d5c44eb:   49 d3 e0 4c 03 05 ab a2 68 00 eb 04 4c 8b 43 08
0x000000006d5c44fb:   45 8b 48 08 45 85 c9 7e 0c 41 f6 c1 01 75 4b 41
0x000000006d5c450b:   c1 f9 03 eb 57 79 43 84 d2 41 8b c9 b8 10 00 00 


Register to memory mapping:

RAX=0x0000000012e80000 is an unknown value
RBX=0x00000000ff443d68 is an unknown value
RCX=0x0000000000000003 is an unknown value
RDX=0x0000000000000001 is an unknown value
RSP=0x0000000012b7f720 is an unknown value
RBP=0x00000000f90839cc is an unknown value
RSI=0x000000000332a7d0 is an unknown value
RDI=0x000000000332a7d0 is an unknown value
R8 =0x0000000000000000 is an unknown value
R9 =0x00000001000688e0 is pointing into metadata
R10=0x000000000000000c is an unknown value
R11=0x000000006daafd38 is an unknown value
R12=0x00000000f90839d0 is an oop
com.android.dx.dex.code.CodeAddress 
 - klass: 'com/android/dx/dex/code/CodeAddress'
R13=0x0000000100068ad0 is pointing into metadata
R14=0x0000000100068ad8 is pointing into metadata
R15=0x00000000f90839b8 is an oop
com.android.dx.util.ByteArray 
 - klass: 'com/android/dx/util/ByteArray'


Stack: [0x0000000012a80000,0x0000000012b80000],  sp=0x0000000012b7f720,  free space=1021k
Native frames: (J=compiled Java code, j=interpreted, Vv=VM code, C=native code)
V  [jvm.dll+0x1144fb]
V  [jvm.dll+0x3f6d40]
V  [jvm.dll+0x3f46b0]
V  [jvm.dll+0x3f1bce]
V  [jvm.dll+0x29c03a]
C  [msvcr100.dll+0x21d7b]
C  [msvcr100.dll+0x21e17]
C  [KERNEL32.DLL+0x8364]
C  [ntdll.dll+0x670d1]


---------------  P R O C E S S  ---------------

Java Threads: ( => current thread )
  0x0000000017db2000 JavaThread "pool-2-thread-4" [_thread_blocked, id=7316, stack(0x0000000018530000,0x0000000018630000)]
  0x00000000174ac000 JavaThread "pool-2-thread-3" [_thread_blocked, id=1568, stack(0x0000000018430000,0x0000000018530000)]
  0x00000000172a0000 JavaThread "pool-3-thread-1" [_thread_blocked, id=3740, stack(0x0000000017a30000,0x0000000017b30000)]
  0x000000001718d000 JavaThread "Service Thread" daemon [_thread_blocked, id=4028, stack(0x0000000017730000,0x0000000017830000)]
  0x0000000017189800 JavaThread "C1 CompilerThread2" daemon [_thread_blocked, id=1368, stack(0x0000000017630000,0x0000000017730000)]
  0x000000001717f000 JavaThread "C2 CompilerThread1" daemon [_thread_blocked, id=3908, stack(0x0000000017530000,0x0000000017630000)]
  0x0000000015a4f000 JavaThread "C2 CompilerThread0" daemon [_thread_blocked, id=844, stack(0x0000000017030000,0x0000000017130000)]
  0x0000000015a36000 JavaThread "Attach Listener" daemon [_thread_blocked, id=9124, stack(0x0000000016f30000,0x0000000017030000)]
  0x0000000015a99000 JavaThread "Signal Dispatcher" daemon [_thread_blocked, id=9416, stack(0x0000000016e30000,0x0000000016f30000)]
  0x0000000015a2a000 JavaThread "Finalizer" daemon [_thread_blocked, id=3768, stack(0x0000000016ca0000,0x0000000016da0000)]
  0x0000000015a08800 JavaThread "Reference Handler" daemon [_thread_blocked, id=8956, stack(0x0000000016ba0000,0x0000000016ca0000)]
  0x0000000003241000 JavaThread "main" [_thread_blocked, id=2664, stack(0x0000000003120000,0x0000000003220000)]

Other Threads:
  0x0000000015a07000 VMThread [stack: 0x0000000016aa0000,0x0000000016ba0000] [id=8464]
  0x00000000171ea000 WatcherThread [stack: 0x0000000017830000,0x0000000017930000] [id=8536]

=>0x0000000003256800 (exited) GCTaskThread [stack: 0x0000000012a80000,0x0000000012b80000] [id=7764]

VM state:at safepoint (normal execution)

VM Mutex/Monitor currently owned by a thread:  ([mutex/lock_event])
[0x0000000002dcc2b0] Threads_lock - owner thread: 0x0000000015a07000
[0x0000000002dcc3b0] Heap_lock - owner thread: 0x0000000017db2000

Heap:
 PSYoungGen      total 275968K, used 70133K [0x00000000eab00000, 0x0000000100000000, 0x0000000100000000)
  eden space 205824K, 0% used [0x00000000eab00000,0x00000000eab00000,0x00000000f7400000)
  from space 70144K, 99% used [0x00000000f7400000,0x00000000fb87d5f8,0x00000000fb880000)
  to   space 73216K, 0% used [0x00000000fb880000,0x00000000fb880000,0x0000000100000000)
 ParOldGen       total 175104K, used 150576K [0x00000000c0000000, 0x00000000cab00000, 0x00000000eab00000)
  object space 175104K, 85% used [0x00000000c0000000,0x00000000c930c180,0x00000000cab00000)
 Metaspace       used 6150K, capacity 7128K, committed 7424K, reserved 1056768K
  class space    used 608K, capacity 656K, committed 768K, reserved 1048576K

Card table byte_map: [0x0000000012710000,0x0000000012920000] byte_map_base: 0x0000000012110000

Marking Bits: (ParMarkBitMap*) 0x000000006dcca6c0
 Begin Bits: [0x0000000012e80000, 0x0000000013e80000)
 End Bits:   [0x0000000013e80000, 0x0000000014e80000)

Polling page: 0x0000000003220000

CodeCache: size=245760Kb used=7680Kb max_used=9378Kb free=238079Kb
 bounds [0x0000000003350000, 0x0000000003ca0000, 0x0000000012350000]
 total_blobs=1829 nmethods=1565 adapters=177
 compilation: enabled

Compilation events (10 events):
Event: 40.791 Thread 0x0000000015a4f000 2146       4       com.android.dx.rop.type.Type::<init> (84 bytes)
Event: 40.792 Thread 0x0000000015a4f000 nmethod 2146 0x000000000364bf50 code [0x000000000364c0a0, 0x000000000364c1b8]
Event: 40.800 Thread 0x000000001717f000 2147   !   4       com.android.dx.rop.type.Type::putIntern (50 bytes)
Event: 40.828 Thread 0x000000001717f000 nmethod 2147 0x0000000003542f90 code [0x0000000003543120, 0x0000000003543a38]
Event: 40.929 Thread 0x0000000017189800 2148       3       java.util.HashMap::entrySet (27 bytes)
Event: 40.929 Thread 0x0000000017189800 nmethod 2148 0x0000000003769b90 code [0x0000000003769d20, 0x000000000376a0d0]
Event: 40.929 Thread 0x0000000017189800 2149       3       java.util.HashMap$EntrySet::<init> (10 bytes)
Event: 40.930 Thread 0x0000000017189800 nmethod 2149 0x00000000037abd50 code [0x00000000037abec0, 0x00000000037ac150]
Event: 40.930 Thread 0x0000000017189800 2150       3       java.util.Collections::sort (8 bytes)
Event: 40.930 Thread 0x0000000017189800 nmethod 2150 0x0000000003879490 code [0x0000000003879600, 0x0000000003879808]

GC Heap History (10 events):
Event: 27.651 GC heap after
Heap after GC invocations=17 (full 4):
 PSYoungGen      total 200704K, used 0K [0x00000000eab00000, 0x00000000fd480000, 0x0000000100000000)
  eden space 142848K, 0% used [0x00000000eab00000,0x00000000eab00000,0x00000000f3680000)
  from space 57856K, 0% used [0x00000000f3680000,0x00000000f3680000,0x00000000f6f00000)
  to   space 58368K, 0% used [0x00000000f9b80000,0x00000000f9b80000,0x00000000fd480000)
 ParOldGen       total 175104K, used 88865K [0x00000000c0000000, 0x00000000cab00000, 0x00000000eab00000)
  object space 175104K, 50% used [0x00000000c0000000,0x00000000c56c8510,0x00000000cab00000)
 Metaspace       used 6058K, capacity 7064K, committed 7424K, reserved 1056768K
  class space    used 607K, capacity 656K, committed 768K, reserved 1048576K
}
Event: 31.808 GC heap before
{Heap before GC invocations=18 (full 4):
 PSYoungGen      total 200704K, used 142848K [0x00000000eab00000, 0x00000000fd480000, 0x0000000100000000)
  eden space 142848K, 100% used [0x00000000eab00000,0x00000000f3680000,0x00000000f3680000)
  from space 57856K, 0% used [0x00000000f3680000,0x00000000f3680000,0x00000000f6f00000)
  to   space 58368K, 0% used [0x00000000f9b80000,0x00000000f9b80000,0x00000000fd480000)
 ParOldGen       total 175104K, used 88865K [0x00000000c0000000, 0x00000000cab00000, 0x00000000eab00000)
  object space 175104K, 50% used [0x00000000c0000000,0x00000000c56c8510,0x00000000cab00000)
 Metaspace       used 6074K, capacity 7064K, committed 7424K, reserved 1056768K
  class space    used 607K, capacity 656K, committed 768K, reserved 1048576K
Event: 32.078 GC heap after
Heap after GC invocations=18 (full 4):
 PSYoungGen      total 228864K, used 49678K [0x00000000eab00000, 0x00000000fd180000, 0x0000000100000000)
  eden space 173568K, 0% used [0x00000000eab00000,0x00000000eab00000,0x00000000f5480000)
  from space 55296K, 89% used [0x00000000f9b80000,0x00000000fcc03bd8,0x00000000fd180000)
  to   space 64000K, 0% used [0x00000000f5480000,0x00000000f5480000,0x00000000f9300000)
 ParOldGen       total 175104K, used 88873K [0x00000000c0000000, 0x00000000cab00000, 0x00000000eab00000)
  object space 175104K, 50% used [0x00000000c0000000,0x00000000c56ca510,0x00000000cab00000)
 Metaspace       used 6074K, capacity 7064K, committed 7424K, reserved 1056768K
  class space    used 607K, capacity 656K, committed 768K, reserved 1048576K
}
Event: 34.517 GC heap before
{Heap before GC invocations=19 (full 4):
 PSYoungGen      total 228864K, used 223246K [0x00000000eab00000, 0x00000000fd180000, 0x0000000100000000)
  eden space 173568K, 100% used [0x00000000eab00000,0x00000000f5480000,0x00000000f5480000)
  from space 55296K, 89% used [0x00000000f9b80000,0x00000000fcc03bd8,0x00000000fd180000)
  to   space 64000K, 0% used [0x00000000f5480000,0x00000000f5480000,0x00000000f9300000)
 ParOldGen       total 175104K, used 88873K [0x00000000c0000000, 0x00000000cab00000, 0x00000000eab00000)
  object space 175104K, 50% used [0x00000000c0000000,0x00000000c56ca510,0x00000000cab00000)
 Metaspace       used 6135K, capacity 7128K, committed 7424K, reserved 1056768K
  class space    used 607K, capacity 656K, committed 768K, reserved 1048576K
Event: 34.796 GC heap after
Heap after GC invocations=19 (full 4):
 PSYoungGen      total 237568K, used 40210K [0x00000000eab00000, 0x00000000ff780000, 0x0000000100000000)
  eden space 173568K, 0% used [0x00000000eab00000,0x00000000eab00000,0x00000000f5480000)
  from space 64000K, 62% used [0x00000000f5480000,0x00000000f7bc4ba8,0x00000000f9300000)
  to   space 64512K, 0% used [0x00000000fb880000,0x00000000fb880000,0x00000000ff780000)
 ParOldGen       total 175104K, used 88881K [0x00000000c0000000, 0x00000000cab00000, 0x00000000eab00000)
  object space 175104K, 50% used [0x00000000c0000000,0x00000000c56cc510,0x00000000cab00000)
 Metaspace       used 6135K, capacity 7128K, committed 7424K, reserved 1056768K
  class space    used 607K, capacity 656K, committed 768K, reserved 1048576K
}
Event: 37.234 GC heap before
{Heap before GC invocations=20 (full 4):
 PSYoungGen      total 237568K, used 213778K [0x00000000eab00000, 0x00000000ff780000, 0x0000000100000000)
  eden space 173568K, 100% used [0x00000000eab00000,0x00000000f5480000,0x00000000f5480000)
  from space 64000K, 62% used [0x00000000f5480000,0x00000000f7bc4ba8,0x00000000f9300000)
  to   space 64512K, 0% used [0x00000000fb880000,0x00000000fb880000,0x00000000ff780000)
 ParOldGen       total 175104K, used 88881K [0x00000000c0000000, 0x00000000cab00000, 0x00000000eab00000)
  object space 175104K, 50% used [0x00000000c0000000,0x00000000c56cc510,0x00000000cab00000)
 Metaspace       used 6148K, capacity 7128K, committed 7424K, reserved 1056768K
  class space    used 608K, capacity 656K, committed 768K, reserved 1048576K
Event: 37.457 GC heap after
Heap after GC invocations=20 (full 4):
 PSYoungGen      total 270336K, used 55248K [0x00000000eab00000, 0x0000000100000000, 0x0000000100000000)
  eden space 205824K, 0% used [0x00000000eab00000,0x00000000eab00000,0x00000000f7400000)
  from space 64512K, 85% used [0x00000000fb880000,0x00000000fee742d8,0x00000000ff780000)
  to   space 70144K, 0% used [0x00000000f7400000,0x00000000f7400000,0x00000000fb880000)
 ParOldGen       total 175104K, used 88881K [0x00000000c0000000, 0x00000000cab00000, 0x00000000eab00000)
  object space 175104K, 50% used [0x00000000c0000000,0x00000000c56cc510,0x00000000cab00000)
 Metaspace       used 6148K, capacity 7128K, committed 7424K, reserved 1056768K
  class space    used 608K, capacity 656K, committed 768K, reserved 1048576K
}
Event: 41.346 GC heap before
{Heap before GC invocations=21 (full 4):
 PSYoungGen      total 270336K, used 261072K [0x00000000eab00000, 0x0000000100000000, 0x0000000100000000)
  eden space 205824K, 100% used [0x00000000eab00000,0x00000000f7400000,0x00000000f7400000)
  from space 64512K, 85% used [0x00000000fb880000,0x00000000fee742d8,0x00000000ff780000)
  to   space 70144K, 0% used [0x00000000f7400000,0x00000000f7400000,0x00000000fb880000)
 ParOldGen       total 175104K, used 88881K [0x00000000c0000000, 0x00000000cab00000, 0x00000000eab00000)
  object space 175104K, 50% used [0x00000000c0000000,0x00000000c56cc510,0x00000000cab00000)
 Metaspace       used 6150K, capacity 7128K, committed 7424K, reserved 1056768K
  class space    used 608K, capacity 656K, committed 768K, reserved 1048576K
Event: 41.561 GC heap after
Heap after GC invocations=21 (full 4):
 PSYoungGen      total 275968K, used 70133K [0x00000000eab00000, 0x0000000100000000, 0x0000000100000000)
  eden space 205824K, 0% used [0x00000000eab00000,0x00000000eab00000,0x00000000f7400000)
  from space 70144K, 99% used [0x00000000f7400000,0x00000000fb87d5f8,0x00000000fb880000)
  to   space 73216K, 0% used [0x00000000fb880000,0x00000000fb880000,0x0000000100000000)
 ParOldGen       total 175104K, used 150576K [0x00000000c0000000, 0x00000000cab00000, 0x00000000eab00000)
  object space 175104K, 85% used [0x00000000c0000000,0x00000000c930c180,0x00000000cab00000)
 Metaspace       used 6150K, capacity 7128K, committed 7424K, reserved 1056768K
  class space    used 608K, capacity 656K, committed 768K, reserved 1048576K
}
Event: 41.561 GC heap before
{Heap before GC invocations=22 (full 5):
 PSYoungGen      total 275968K, used 70133K [0x00000000eab00000, 0x0000000100000000, 0x0000000100000000)
  eden space 205824K, 0% used [0x00000000eab00000,0x00000000eab00000,0x00000000f7400000)
  from space 70144K, 99% used [0x00000000f7400000,0x00000000fb87d5f8,0x00000000fb880000)
  to   space 73216K, 0% used [0x00000000fb880000,0x00000000fb880000,0x0000000100000000)
 ParOldGen       total 175104K, used 150576K [0x00000000c0000000, 0x00000000cab00000, 0x00000000eab00000)
  object space 175104K, 85% used [0x00000000c0000000,0x00000000c930c180,0x00000000cab00000)
 Metaspace       used 6150K, capacity 7128K, committed 7424K, reserved 1056768K
  class space    used 608K, capacity 656K, committed 768K, reserved 1048576K

Deoptimization events (10 events):
Event: 34.304 Thread 0x0000000003241000 Uncommon trap: reason=bimorphic action=maybe_recompile pc=0x0000000003c2f14c method=com.android.dx.cf.code.BytecodeArray.parseInstruction(ILcom/android/dx/cf/code/BytecodeArray$Visitor;)I @ 2484
Event: 34.305 Thread 0x0000000003241000 Uncommon trap: reason=bimorphic action=maybe_recompile pc=0x0000000003c2d110 method=com.android.dx.cf.code.BytecodeArray.parseInstruction(ILcom/android/dx/cf/code/BytecodeArray$Visitor;)I @ 1224
Event: 34.305 Thread 0x0000000003241000 Uncommon trap: reason=bimorphic action=maybe_recompile pc=0x0000000003c2cb78 method=com.android.dx.cf.code.BytecodeArray.parseInstruction(ILcom/android/dx/cf/code/BytecodeArray$Visitor;)I @ 923
Event: 34.305 Thread 0x0000000003241000 Uncommon trap: reason=bimorphic action=maybe_recompile pc=0x0000000003c2d110 method=com.android.dx.cf.code.BytecodeArray.parseInstruction(ILcom/android/dx/cf/code/BytecodeArray$Visitor;)I @ 1224
Event: 34.311 Thread 0x0000000003241000 Uncommon trap: reason=unstable_if action=reinterpret pc=0x00000000037ee204 method=com.android.dx.cf.code.RopperMachine.run(Lcom/android/dx/cf/code/Frame;II)V @ 1500
Event: 35.023 Thread 0x0000000003241000 Uncommon trap: reason=class_check action=maybe_recompile pc=0x00000000037b2f78 method=com.android.dx.cf.code.BytecodeArray.parseInstruction(ILcom/android/dx/cf/code/BytecodeArray$Visitor;)I @ 2077
Event: 36.625 Thread 0x000000001729f000 Uncommon trap: reason=class_check action=maybe_recompile pc=0x00000000038bc080 method=java.util.HashMap.putVal(ILjava/lang/Object;Ljava/lang/Object;ZZ)Ljava/lang/Object; @ 203
Event: 37.136 Thread 0x000000001729f000 Uncommon trap: reason=class_check action=maybe_recompile pc=0x00000000038bc080 method=java.util.HashMap.putVal(ILjava/lang/Object;Ljava/lang/Object;ZZ)Ljava/lang/Object; @ 203
Event: 37.136 Thread 0x000000001729f000 Uncommon trap: reason=class_check action=maybe_recompile pc=0x00000000038c9fc8 method=java.util.HashMap.putVal(ILjava/lang/Object;Ljava/lang/Object;ZZ)Ljava/lang/Object; @ 203
Event: 38.250 Thread 0x000000001738f000 Uncommon trap: reason=class_check action=maybe_recompile pc=0x00000000037b2f78 method=com.android.dx.cf.code.BytecodeArray.parseInstruction(ILcom/android/dx/cf/code/BytecodeArray$Visitor;)I @ 2077

Internal exceptions (8 events):
Event: 3.301 Thread 0x0000000003241000 Exception <a 'java/lang/NoSuchMethodError': Method sun.misc.Unsafe.defineClass(Ljava/lang/String;[BII)Ljava/lang/Class; name or signature does not match> (0x00000000eab07c78) thrown at [C:\re\workspace\8-2-build-windows-amd64-cygwin\jdk8u102\7268\hotspot\s¡¹e#Ÿi
@
Event: 3.302 Thread 0x0000000003241000 Exception <a 'java/lang/NoSuchMethodError': Method sun.misc.Unsafe.prefetchRead(Ljava/lang/Object;J)V name or signature does not match> (0x00000000eab07f60) thrown at [C:\re\workspace\8-2-build-windows-amd64-cygwin\jdk8u102\7268\hotspot\src\share\vm\prims\¯ÈÿÅ[.6@
Event: 22.181 Thread 0x000000001729f000 Implicit null exception at 0x00000000036b32a2 to 0x00000000036b33a1
Event: 22.908 Thread 0x000000001729f000 Implicit null exception at 0x00000000039fae60 to 0x00000000039fc429
Event: 22.911 Thread 0x000000001729f000 Implicit null exception at 0x00000000039f5dd1 to 0x00000000039f7129
Event: 25.256 Thread 0x0000000003241000 Exception <a 'java/lang/ArrayIndexOutOfBoundsException': 18> (0x00000000ec5816d8) thrown at [C:\re\workspace\8-2-build-windows-amd64-cygwin\jdk8u102\7268\hotspot\src\share\vm\interpreter\interpreterRuntime.cpp, line 366]
Event: 25.257 Thread 0x0000000003241000 Exception <a 'java/lang/ArrayIndexOutOfBoundsException'> (0x00000000ec583440) thrown at [C:\re\workspace\8-2-build-windows-amd64-cygwin\jdk8u102\7268\hotspot\src\share\vm\runtime\sharedRuntime.cpp, line 605]
Event: 25.258 Thread 0x0000000003241000 Exception <a 'java/lang/ArrayIndexOutOfBoundsException'> (0x00000000ec584910) thrown at [C:\re\workspace\8-2-build-windows-amd64-cygwin\jdk8u102\7268\hotspot\src\share\vm\runtime\sharedRuntime.cpp, line 605]

Events (10 events):
Event: 40.930 Thread 0x0000000017189800 flushing nmethod 0x0000000003abb690
Event: 40.930 Thread 0x0000000017189800 flushing nmethod 0x0000000003abecd0
Event: 40.930 Thread 0x0000000017189800 flushing nmethod 0x0000000003afdd90
Event: 40.930 Thread 0x0000000017189800 flushing nmethod 0x0000000003b05f50
Event: 40.930 Thread 0x0000000017189800 flushing nmethod 0x0000000003b11050
Event: 40.930 Thread 0x0000000017189800 flushing nmethod 0x0000000003b1d7d0
Event: 40.930 Thread 0x0000000017189800 flushing nmethod 0x0000000003b27610
Event: 40.930 Thread 0x0000000017189800 flushing nmethod 0x0000000003b3ea90
Event: 40.930 Thread 0x000000001738f000 Thread exited: 0x000000001738f000
Event: 41.346 Executing VM operation: ParallelGCFailedAllocation


Dynamic libraries:
0x00007ff6a37d0000 - 0x00007ff6a3807000 	C:\Program Files\Java\jdk1.8.0_102\bin\java.exe
0x00007fff42ea0000 - 0x00007fff43071000 	C:\WINDOWS\SYSTEM32\ntdll.dll
0x00007fff41f90000 - 0x00007fff4203b000 	C:\WINDOWS\System32\KERNEL32.DLL
0x00007fff3f540000 - 0x00007fff3f75d000 	C:\WINDOWS\System32\KERNELBASE.dll
0x00007fff422a0000 - 0x00007fff42342000 	C:\WINDOWS\System32\ADVAPI32.dll
0x00007fff41ee0000 - 0x00007fff41f7e000 	C:\WINDOWS\System32\msvcrt.dll
0x00007fff42660000 - 0x00007fff426b9000 	C:\WINDOWS\System32\sechost.dll
0x00007fff42530000 - 0x00007fff42651000 	C:\WINDOWS\System32\RPCRT4.dll
0x00007fff41d70000 - 0x00007fff41ed5000 	C:\WINDOWS\System32\USER32.dll
0x00007fff3ffa0000 - 0x00007fff3ffbe000 	C:\WINDOWS\System32\win32u.dll
0x00007fff424f0000 - 0x00007fff42524000 	C:\WINDOWS\System32\GDI32.dll
0x00007fff402a0000 - 0x00007fff40422000 	C:\WINDOWS\System32\gdi32full.dll
0x00007fff32ea0000 - 0x00007fff33119000 	C:\WINDOWS\WinSxS\amd64_microsoft.windows.common-controls_6595b64144ccf1df_6.0.14393.447_none_42191651c6827bb3\COMCTL32.dll
0x00007fff42a60000 - 0x00007fff42d28000 	C:\WINDOWS\System32\combase.dll
0x00007fff3f440000 - 0x00007fff3f535000 	C:\WINDOWS\System32\ucrtbase.dll
0x00007fff40060000 - 0x00007fff400ca000 	C:\WINDOWS\System32\bcryptPrimitives.dll
0x00007fff42df0000 - 0x00007fff42e1e000 	C:\WINDOWS\System32\IMM32.DLL
0x000000006dd50000 - 0x000000006de21000 	C:\Program Files\Java\jdk1.8.0_102\jre\bin\msvcr100.dll
0x000000006d4b0000 - 0x000000006dd4a000 	C:\Program Files\Java\jdk1.8.0_102\jre\bin\server\jvm.dll
0x00007fff41f80000 - 0x00007fff41f88000 	C:\WINDOWS\System32\PSAPI.DLL
0x00007fff2dc30000 - 0x00007fff2dc39000 	C:\WINDOWS\SYSTEM32\WSOCK32.dll
0x00007fff426c0000 - 0x00007fff4272a000 	C:\WINDOWS\System32\WS2_32.dll
0x00007fff3c970000 - 0x00007fff3c993000 	C:\WINDOWS\SYSTEM32\WINMM.dll
0x00007fff3d840000 - 0x00007fff3d84a000 	C:\WINDOWS\SYSTEM32\VERSION.dll
0x00007fff3c500000 - 0x00007fff3c52b000 	C:\WINDOWS\SYSTEM32\WINMMBASE.dll
0x00007fff3ff50000 - 0x00007fff3ff92000 	C:\WINDOWS\System32\cfgmgr32.dll
0x000000006d4a0000 - 0x000000006d4af000 	C:\Program Files\Java\jdk1.8.0_102\jre\bin\verify.dll
0x000000006d470000 - 0x000000006d499000 	C:\Program Files\Java\jdk1.8.0_102\jre\bin\java.dll
0x000000006d450000 - 0x000000006d466000 	C:\Program Files\Java\jdk1.8.0_102\jre\bin\zip.dll
0x00007fff40860000 - 0x00007fff41d69000 	C:\WINDOWS\System32\SHELL32.dll
0x00007fff3f810000 - 0x00007fff3feea000 	C:\WINDOWS\System32\windows.storage.dll
0x00007fff3f300000 - 0x00007fff3f34c000 	C:\WINDOWS\System32\powrprof.dll
0x00007fff42040000 - 0x00007fff42092000 	C:\WINDOWS\System32\shlwapi.dll
0x00007fff3f380000 - 0x00007fff3f38f000 	C:\WINDOWS\System32\kernel.appcore.dll
0x00007fff3f390000 - 0x00007fff3f439000 	C:\WINDOWS\System32\shcore.dll
0x00007fff3f360000 - 0x00007fff3f374000 	C:\WINDOWS\System32\profapi.dll
0x00007fff3eca0000 - 0x00007fff3ee32000 	C:\WINDOWS\SYSTEM32\dbghelp.dll

VM Arguments:
jvm_args: -Djava.awt.headless=true -Xmx1024M -Dfile.encoding=x-windows-949 -Duser.country=KR -Duser.language=ko -Duser.variant 
java_command: com.android.dx.command.Main --dex --force-jumbo --num-threads=4 --multi-dex --output C:\Users\Public\Git\trio\Braille_Learning\Braille_learning\app\build\intermediates\transforms\dex\debug\folders\1000\5\slice_0 C:\Users\Public\Git\trio\Braille_Learning\Braille_learning\app\build\intermediates\transforms\instantRunSlicer\debug\folders\1\5\slice_0
java_class_path (initial): C:\Users\Public\Documents\build-tools\24.0.0\lib\dx.jar
Launcher Type: SUN_STANDARD

Environment Variables:
PATH=C:\ProgramData\Oracle\Java\javapath;C:\WINDOWS\system32;C:\WINDOWS;C:\WINDOWS\System32\Wbem;C:\WINDOWS\System32\WindowsPowerShell\v1.0\;C:\Program Files (x86)\ATI Technologies\ATI.ACE\Core-Static;c:\Program Files (x86)\Microsoft SQL Server\100\Tools\Binn\;c:\Program Files\Microsoft SQL Server\100\Tools\Binn\;c:\Program Files\Microsoft SQL Server\100\DTS\Binn\;C:\Program Files\Git\cmd;C:\Users\¿©¸í\AppData\Local\Microsoft\WindowsApps;
USERNAME=¿©¸í
OS=Windows_NT
PROCESSOR_IDENTIFIER=Intel64 Family 6 Model 42 Stepping 7, GenuineIntel



---------------  S Y S T E M  ---------------

OS: Windows 10.0 , 64 bit Build 14393 (10.0.14393.0)

CPU:total 4 (2 cores per cpu, 2 threads per core) family 6 model 42 stepping 7, cmov, cx8, fxsr, mmx, sse, sse2, sse3, ssse3, sse4.1, sse4.2, popcnt, avx, aes, clmul, ht, tsc, tscinvbit

Memory: 4k page, physical 4175708k(791060k free), swap 7993976k(1493740k free)

vm_info: Java HotSpot(TM) 64-Bit Server VM (25.102-b14) for windows-amd64 JRE (1.8.0_102-b14), built on Jun 22 2016 13:15:21 by "java_re" with MS VC++ 10.0 (VS2010)

time: Tue Feb 21 14:31:02 2017
elapsed time: 46 seconds (0d 0h 0m 46s)

